#
# There is insufficient memory for the Java Runtime Environment to continue.
# Native memory allocation (mmap) failed to map 420478976 bytes for G1 virtual space
# Possible reasons:
#   The system is out of physical RAM or swap space
#   The process is running with CompressedOops enabled, and the Java Heap may be blocking the growth of the native heap
# Possible solutions:
#   Reduce memory load on the system
#   Increase physical memory or swap space
#   Check if swap backing store is full
#   Decrease Java heap size (-Xmx/-Xms)
#   Decrease number of Java threads
#   Decrease Java thread stack sizes (-Xss)
#   Set larger code cache with -XX:ReservedCodeCacheSize=
#   JVM is running with Unscaled Compressed Oops mode in which the Java heap is
#     placed in the first 4GB address space. The Java Heap base address is the
#     maximum limit for the native heap growth. Please use -XX:HeapBaseMinAddress
#     to set the Java Heap base and to place the Java Heap above 4GB virtual address.
# This output file may be truncated or incomplete.
#
#  Out of Memory Error (os_windows.cpp:3769), pid=1372, tid=15760
#
# JRE version: OpenJDK Runtime Environment (17.0.6) (build 17.0.6+0-b2043.56-9586694)
# Java VM: OpenJDK 64-Bit Server VM (17.0.6+0-b2043.56-9586694, mixed mode, tiered, compressed oops, compressed class ptrs, g1 gc, windows-amd64)
# No core dump will be written. Minidumps are not enabled by default on client versions of Windows
#

---------------  S U M M A R Y ------------

Command Line: --add-opens=java.base/java.util=ALL-UNNAMED --add-opens=java.base/java.lang=ALL-UNNAMED --add-opens=java.base/java.lang.invoke=ALL-UNNAMED --add-opens=java.prefs/java.util.prefs=ALL-UNNAMED --add-opens=java.base/java.nio.charset=ALL-UNNAMED --add-opens=java.base/java.net=ALL-UNNAMED --add-opens=java.base/java.util.concurrent.atomic=ALL-UNNAMED -Xmx2048m -Dfile.encoding=UTF-8 -Duser.country=US -Duser.language=en -Duser.variant org.gradle.launcher.daemon.bootstrap.GradleDaemon 8.0

Host: 11th Gen Intel(R) Core(TM) i5-1135G7 @ 2.40GHz, 8 cores, 7G,  Windows 11 , 64 bit Build 22621 (10.0.22621.1778)
Time: Fri Jul 14 19:31:14 2023 Morocco Daylight Time elapsed time: 10.603018 seconds (0d 0h 0m 10s)

---------------  T H R E A D  ---------------

Current thread (0x00000231caf0e940):  VMThread "VM Thread" [stack: 0x000000e672e00000,0x000000e672f00000] [id=15760]

Stack: [0x000000e672e00000,0x000000e672f00000]
Native frames: (J=compiled Java code, j=interpreted, Vv=VM code, C=native code)
V  [jvm.dll+0x683b4a]
V  [jvm.dll+0x842654]
V  [jvm.dll+0x843dfe]
V  [jvm.dll+0x844463]
V  [jvm.dll+0x249b75]
V  [jvm.dll+0x680a19]
V  [jvm.dll+0x674f0a]
V  [jvm.dll+0x309acb]
V  [jvm.dll+0x310f86]
V  [jvm.dll+0x3608ee]
V  [jvm.dll+0x360b1f]
V  [jvm.dll+0x2dfbf8]
V  [jvm.dll+0x2ddec4]
V  [jvm.dll+0x2dd4cc]
V  [jvm.dll+0x321f3b]
V  [jvm.dll+0x84893b]
V  [jvm.dll+0x849674]
V  [jvm.dll+0x849b8d]
V  [jvm.dll+0x849f64]
V  [jvm.dll+0x84a030]
V  [jvm.dll+0x7f25fa]
V  [jvm.dll+0x682985]
C  [ucrtbase.dll+0x29363]
C  [KERNEL32.DLL+0x126ad]
C  [ntdll.dll+0x5a9f8]

VM_Operation (0x000000e679df9bc0): G1CollectForAllocation, mode: safepoint, requested by thread 0x00000231ccfbd410


---------------  P R O C E S S  ---------------

Threads class SMR info:
_java_thread_list=0x00000231d4327300, length=138, elements={
0x00000231b10a9fb0, 0x00000231cb813260, 0x00000231cb813e10, 0x00000231cb8356d0,
0x00000231cb836a90, 0x00000231cb837e60, 0x00000231cb839820, 0x00000231cb83c510,
0x00000231cb83cfb0, 0x00000231cb84d3b0, 0x00000231cb9b39c0, 0x00000231cb9d8010,
0x00000231ccb89600, 0x00000231cd38fe50, 0x00000231ce53e7d0, 0x00000231cedd1a40,
0x00000231ce085040, 0x00000231ce18b3a0, 0x00000231ccd07620, 0x00000231ccd07af0,
0x00000231ccd07fc0, 0x00000231ccd08490, 0x00000231ccd05470, 0x00000231ccd05940,
0x00000231ccd08960, 0x00000231ccd062e0, 0x00000231ccd08e30, 0x00000231ccd05e10,
0x00000231ccd067b0, 0x00000231ccd06c80, 0x00000231ccd07150, 0x00000231d11b2610,
0x00000231d11b2ae0, 0x00000231d11b8b20, 0x00000231d11b3480, 0x00000231d11b5630,
0x00000231d11b42f0, 0x00000231d11b12d0, 0x00000231d11b5fd0, 0x00000231d11b17a0,
0x00000231d11b2fb0, 0x00000231d11b3950, 0x00000231d11b47c0, 0x00000231d11b3e20,
0x00000231d11b64a0, 0x00000231d11b8650, 0x00000231d11b4c90, 0x00000231d11b5160,
0x00000231d11b6970, 0x00000231d11b6e40, 0x00000231d11b7310, 0x00000231d11b77e0,
0x00000231d11b8180, 0x00000231d11b7cb0, 0x00000231cd268c50, 0x00000231cd268780,
0x00000231cd2682b0, 0x00000231cd265760, 0x00000231cd262270, 0x00000231cd264dc0,
0x00000231cd2648f0, 0x00000231cd263f50, 0x00000231cd267440, 0x00000231cd262740,
0x00000231cd267910, 0x00000231cd262c10, 0x00000231cd2695f0, 0x00000231cd269120,
0x00000231cd265290, 0x00000231cd265c30, 0x00000231cd269ac0, 0x00000231cd266100,
0x00000231cd2665d0, 0x00000231cd266aa0, 0x00000231cd2630e0, 0x00000231cd267de0,
0x00000231cd2635b0, 0x00000231cd263a80, 0x00000231cd264420, 0x00000231cd266f70,
0x00000231ccfbec20, 0x00000231ccfbcf40, 0x00000231ccfbad90, 0x00000231ccfba8c0,
0x00000231ccfbb260, 0x00000231ccfbb730, 0x00000231ccfbbc00, 0x00000231ccfb9a50,
0x00000231ccfbe280, 0x00000231ccfbc0d0, 0x00000231ccfbfa90, 0x00000231ccfc0900,
0x00000231ccfb9f20, 0x00000231ccfb90b0, 0x00000231ccfbff60, 0x00000231ccfbc5a0,
0x00000231ccfba3f0, 0x00000231ccfbf5c0, 0x00000231ccfb9580, 0x00000231ccfbca70,
0x00000231ccfbf0f0, 0x00000231ccfbd410, 0x00000231ccfbe750, 0x00000231ccfbd8e0,
0x00000231ccfbddb0, 0x00000231ccfc0430, 0x00000231cf434ca0, 0x00000231cf4347d0,
0x00000231cf4394d0, 0x00000231cf434300, 0x00000231cf435640, 0x00000231cf433e30,
0x00000231cf437320, 0x00000231cf436980, 0x00000231cf437cc0, 0x00000231cf433490,
0x00000231cf436e50, 0x00000231cf435170, 0x00000231cf43a340, 0x00000231cf439e70,
0x00000231cf4399a0, 0x00000231cf43a810, 0x00000231cf438b30, 0x00000231cf435b10,
0x00000231cf43ace0, 0x00000231cf4364b0, 0x00000231cf438190, 0x00000231cf438660,
0x00000231cf439000, 0x00000231d3fd4260, 0x00000231d3fd68e0, 0x00000231d3fd4730,
0x00000231d3fd3d90, 0x00000231d3fd5f40, 0x00000231d3fd6410, 0x00000231d3fd2f20,
0x00000231d3fd55a0, 0x00000231d3fd4c00
}

Java Threads: ( => current thread )
  0x00000231b10a9fb0 JavaThread "main" [_thread_blocked, id=3468, stack(0x000000e672800000,0x000000e672900000)]
  0x00000231cb813260 JavaThread "Reference Handler" daemon [_thread_blocked, id=15844, stack(0x000000e672f00000,0x000000e673000000)]
  0x00000231cb813e10 JavaThread "Finalizer" daemon [_thread_blocked, id=16656, stack(0x000000e673000000,0x000000e673100000)]
  0x00000231cb8356d0 JavaThread "Signal Dispatcher" daemon [_thread_blocked, id=16848, stack(0x000000e673100000,0x000000e673200000)]
  0x00000231cb836a90 JavaThread "Attach Listener" daemon [_thread_blocked, id=7280, stack(0x000000e673200000,0x000000e673300000)]
  0x00000231cb837e60 JavaThread "Service Thread" daemon [_thread_blocked, id=8728, stack(0x000000e673300000,0x000000e673400000)]
  0x00000231cb839820 JavaThread "Monitor Deflation Thread" daemon [_thread_blocked, id=16696, stack(0x000000e673400000,0x000000e673500000)]
  0x00000231cb83c510 JavaThread "C2 CompilerThread0" daemon [_thread_blocked, id=14648, stack(0x000000e673500000,0x000000e673600000)]
  0x00000231cb83cfb0 JavaThread "C1 CompilerThread0" daemon [_thread_blocked, id=11868, stack(0x000000e673600000,0x000000e673700000)]
  0x00000231cb84d3b0 JavaThread "Sweeper thread" daemon [_thread_blocked, id=13832, stack(0x000000e673700000,0x000000e673800000)]
  0x00000231cb9b39c0 JavaThread "Common-Cleaner" daemon [_thread_blocked, id=1764, stack(0x000000e673800000,0x000000e673900000)]
  0x00000231cb9d8010 JavaThread "Notification Thread" daemon [_thread_blocked, id=13236, stack(0x000000e673900000,0x000000e673a00000)]
  0x00000231ccb89600 JavaThread "C2 CompilerThread1" daemon [_thread_blocked, id=11012, stack(0x000000e673b00000,0x000000e673c00000)]
  0x00000231cd38fe50 JavaThread "Daemon health stats" [_thread_blocked, id=10944, stack(0x000000e674000000,0x000000e674100000)]
  0x00000231ce53e7d0 JavaThread "Incoming local TCP Connector on port 61611" [_thread_in_native, id=16720, stack(0x000000e674100000,0x000000e674200000)]
  0x00000231cedd1a40 JavaThread "Daemon periodic checks" [_thread_blocked, id=14508, stack(0x000000e674200000,0x000000e674300000)]
  0x00000231ce085040 JavaThread "Daemon" [_thread_blocked, id=8448, stack(0x000000e674300000,0x000000e674400000)]
  0x00000231ce18b3a0 JavaThread "Handler for socket connection from /127.0.0.1:61611 to /127.0.0.1:61612" [_thread_in_native, id=15556, stack(0x000000e674400000,0x000000e674500000)]
  0x00000231ccd07620 JavaThread "Cancel handler" [_thread_blocked, id=7584, stack(0x000000e674500000,0x000000e674600000)]
  0x00000231ccd07af0 JavaThread "Daemon worker" [_thread_blocked, id=14576, stack(0x000000e674600000,0x000000e674700000)]
  0x00000231ccd07fc0 JavaThread "Asynchronous log dispatcher for DefaultDaemonConnection: socket connection from /127.0.0.1:61611 to /127.0.0.1:61612" [_thread_blocked, id=15356, stack(0x000000e674700000,0x000000e674800000)]
  0x00000231ccd08490 JavaThread "Stdin handler" [_thread_blocked, id=6528, stack(0x000000e674800000,0x000000e674900000)]
  0x00000231ccd05470 JavaThread "Daemon client event forwarder" [_thread_blocked, id=6844, stack(0x000000e674900000,0x000000e674a00000)]
  0x00000231ccd05940 JavaThread "Cache worker for journal cache (C:\Users\21269\Downloads\jdk-20_windows-x64_bin\caches\journal-1)" [_thread_blocked, id=12336, stack(0x000000e674e00000,0x000000e674f00000)]
  0x00000231ccd08960 JavaThread "File lock request listener" [_thread_in_native, id=11972, stack(0x000000e674f00000,0x000000e675000000)]
  0x00000231ccd062e0 JavaThread "Cache worker for file hash cache (C:\Users\21269\Downloads\jdk-20_windows-x64_bin\caches\8.0\fileHashes)" [_thread_blocked, id=6676, stack(0x000000e675000000,0x000000e675100000)]
  0x00000231ccd08e30 JavaThread "File watcher server" daemon [_thread_blocked, id=15344, stack(0x000000e675100000,0x000000e675200000)]
  0x00000231ccd05e10 JavaThread "File watcher consumer" daemon [_thread_blocked, id=8748, stack(0x000000e675200000,0x000000e675300000)]
  0x00000231ccd067b0 JavaThread "Cache worker for checksums cache (C:\Users\21269\Desktop\SignApp\.gradle\8.0\checksums)" [_thread_blocked, id=3364, stack(0x000000e675300000,0x000000e675400000)]
  0x00000231ccd06c80 JavaThread "Cache worker for cache directory md-rule (C:\Users\21269\Downloads\jdk-20_windows-x64_bin\caches\8.0\md-rule)" [_thread_blocked, id=4504, stack(0x000000e675400000,0x000000e675500000)]
  0x00000231ccd07150 JavaThread "Cache worker for file content cache (C:\Users\21269\Downloads\jdk-20_windows-x64_bin\caches\8.0\fileContent)" [_thread_blocked, id=9640, stack(0x000000e675500000,0x000000e675600000)]
  0x00000231d11b2610 JavaThread "Cache worker for file hash cache (C:\Users\21269\Desktop\SignApp\.gradle\8.0\fileHashes)" [_thread_blocked, id=3688, stack(0x000000e675600000,0x000000e675700000)]
  0x00000231d11b2ae0 JavaThread "Cache worker for cache directory md-supplier (C:\Users\21269\Downloads\jdk-20_windows-x64_bin\caches\8.0\md-supplier)" [_thread_blocked, id=12008, stack(0x000000e675700000,0x000000e675800000)]
  0x00000231d11b8b20 JavaThread "Cache worker for execution history cache (C:\Users\21269\Downloads\jdk-20_windows-x64_bin\caches\8.0\executionHistory)" [_thread_blocked, id=10412, stack(0x000000e675800000,0x000000e675900000)]
  0x00000231d11b3480 JavaThread "jar transforms" [_thread_blocked, id=12060, stack(0x000000e675900000,0x000000e675a00000)]
  0x00000231d11b5630 JavaThread "jar transforms Thread 2" [_thread_blocked, id=6580, stack(0x000000e675a00000,0x000000e675b00000)]
  0x00000231d11b42f0 JavaThread "jar transforms Thread 3" [_thread_blocked, id=15464, stack(0x000000e675c00000,0x000000e675d00000)]
  0x00000231d11b12d0 JavaThread "jar transforms Thread 4" [_thread_blocked, id=1696, stack(0x000000e675d00000,0x000000e675e00000)]
  0x00000231d11b5fd0 JavaThread "Cache worker for dependencies-accessors (C:\Users\21269\Desktop\SignApp\.gradle\8.0\dependencies-accessors)" [_thread_blocked, id=13020, stack(0x000000e675e00000,0x000000e675f00000)]
  0x00000231d11b17a0 JavaThread "jar transforms Thread 5" [_thread_blocked, id=13316, stack(0x000000e675f00000,0x000000e676000000)]
  0x00000231d11b2fb0 JavaThread "Cache worker for Build Output Cleanup Cache (C:\Users\21269\Desktop\SignApp\.gradle\buildOutputCleanup)" [_thread_blocked, id=16124, stack(0x000000e676000000,0x000000e676100000)]
  0x00000231d11b3950 JavaThread "Unconstrained build operations" [_thread_blocked, id=4164, stack(0x000000e676100000,0x000000e676200000)]
  0x00000231d11b47c0 JavaThread "Unconstrained build operations Thread 2" [_thread_blocked, id=16072, stack(0x000000e676200000,0x000000e676300000)]
  0x00000231d11b3e20 JavaThread "Unconstrained build operations Thread 3" [_thread_blocked, id=6968, stack(0x000000e676300000,0x000000e676400000)]
  0x00000231d11b64a0 JavaThread "Unconstrained build operations Thread 4" [_thread_blocked, id=6092, stack(0x000000e676400000,0x000000e676500000)]
  0x00000231d11b8650 JavaThread "Unconstrained build operations Thread 5" [_thread_blocked, id=15196, stack(0x000000e676500000,0x000000e676600000)]
  0x00000231d11b4c90 JavaThread "Unconstrained build operations Thread 6" [_thread_blocked, id=1776, stack(0x000000e676600000,0x000000e676700000)]
  0x00000231d11b5160 JavaThread "Unconstrained build operations Thread 7" [_thread_blocked, id=16212, stack(0x000000e676700000,0x000000e676800000)]
  0x00000231d11b6970 JavaThread "Unconstrained build operations Thread 8" [_thread_blocked, id=15512, stack(0x000000e676800000,0x000000e676900000)]
  0x00000231d11b6e40 JavaThread "Unconstrained build operations Thread 9" [_thread_blocked, id=3560, stack(0x000000e676900000,0x000000e676a00000)]
  0x00000231d11b7310 JavaThread "Unconstrained build operations Thread 10" [_thread_blocked, id=12252, stack(0x000000e676a00000,0x000000e676b00000)]
  0x00000231d11b77e0 JavaThread "Unconstrained build operations Thread 11" [_thread_blocked, id=2500, stack(0x000000e676b00000,0x000000e676c00000)]
  0x00000231d11b8180 JavaThread "Unconstrained build operations Thread 12" [_thread_blocked, id=4268, stack(0x000000e676c00000,0x000000e676d00000)]
  0x00000231d11b7cb0 JavaThread "Unconstrained build operations Thread 13" [_thread_blocked, id=2900, stack(0x000000e676d00000,0x000000e676e00000)]
  0x00000231cd268c50 JavaThread "Unconstrained build operations Thread 14" [_thread_blocked, id=12552, stack(0x000000e676e00000,0x000000e676f00000)]
  0x00000231cd268780 JavaThread "Unconstrained build operations Thread 15" [_thread_blocked, id=1512, stack(0x000000e676f00000,0x000000e677000000)]
  0x00000231cd2682b0 JavaThread "Unconstrained build operations Thread 16" [_thread_blocked, id=13384, stack(0x000000e677000000,0x000000e677100000)]
  0x00000231cd265760 JavaThread "Unconstrained build operations Thread 17" [_thread_blocked, id=15292, stack(0x000000e677100000,0x000000e677200000)]
  0x00000231cd262270 JavaThread "Unconstrained build operations Thread 18" [_thread_blocked, id=15668, stack(0x000000e677200000,0x000000e677300000)]
  0x00000231cd264dc0 JavaThread "Unconstrained build operations Thread 19" [_thread_blocked, id=13436, stack(0x000000e677300000,0x000000e677400000)]
  0x00000231cd2648f0 JavaThread "Unconstrained build operations Thread 20" [_thread_blocked, id=13500, stack(0x000000e677400000,0x000000e677500000)]
  0x00000231cd263f50 JavaThread "Unconstrained build operations Thread 21" [_thread_blocked, id=11032, stack(0x000000e677500000,0x000000e677600000)]
  0x00000231cd267440 JavaThread "Unconstrained build operations Thread 22" [_thread_blocked, id=7576, stack(0x000000e677600000,0x000000e677700000)]
  0x00000231cd262740 JavaThread "Unconstrained build operations Thread 23" [_thread_blocked, id=9052, stack(0x000000e677700000,0x000000e677800000)]
  0x00000231cd267910 JavaThread "Unconstrained build operations Thread 24" [_thread_blocked, id=15680, stack(0x000000e677800000,0x000000e677900000)]
  0x00000231cd262c10 JavaThread "Unconstrained build operations Thread 25" [_thread_blocked, id=13536, stack(0x000000e677900000,0x000000e677a00000)]
  0x00000231cd2695f0 JavaThread "Unconstrained build operations Thread 26" [_thread_blocked, id=15348, stack(0x000000e677a00000,0x000000e677b00000)]
  0x00000231cd269120 JavaThread "Unconstrained build operations Thread 27" [_thread_blocked, id=11848, stack(0x000000e677b00000,0x000000e677c00000)]
  0x00000231cd265290 JavaThread "Unconstrained build operations Thread 28" [_thread_blocked, id=15044, stack(0x000000e677c00000,0x000000e677d00000)]
  0x00000231cd265c30 JavaThread "Unconstrained build operations Thread 29" [_thread_blocked, id=11000, stack(0x000000e677d00000,0x000000e677e00000)]
  0x00000231cd269ac0 JavaThread "Unconstrained build operations Thread 30" [_thread_blocked, id=5036, stack(0x000000e677e00000,0x000000e677f00000)]
  0x00000231cd266100 JavaThread "Unconstrained build operations Thread 31" [_thread_blocked, id=3812, stack(0x000000e677f00000,0x000000e678000000)]
  0x00000231cd2665d0 JavaThread "Unconstrained build operations Thread 32" [_thread_blocked, id=13308, stack(0x000000e678000000,0x000000e678100000)]
  0x00000231cd266aa0 JavaThread "Unconstrained build operations Thread 33" [_thread_blocked, id=9660, stack(0x000000e678100000,0x000000e678200000)]
  0x00000231cd2630e0 JavaThread "Unconstrained build operations Thread 34" [_thread_blocked, id=7304, stack(0x000000e678200000,0x000000e678300000)]
  0x00000231cd267de0 JavaThread "Unconstrained build operations Thread 35" [_thread_blocked, id=6680, stack(0x000000e678300000,0x000000e678400000)]
  0x00000231cd2635b0 JavaThread "Unconstrained build operations Thread 36" [_thread_blocked, id=8416, stack(0x000000e678400000,0x000000e678500000)]
  0x00000231cd263a80 JavaThread "Unconstrained build operations Thread 37" [_thread_blocked, id=12000, stack(0x000000e678500000,0x000000e678600000)]
  0x00000231cd264420 JavaThread "Unconstrained build operations Thread 38" [_thread_blocked, id=10492, stack(0x000000e678600000,0x000000e678700000)]
  0x00000231cd266f70 JavaThread "Unconstrained build operations Thread 39" [_thread_blocked, id=14968, stack(0x000000e678700000,0x000000e678800000)]
  0x00000231ccfbec20 JavaThread "Unconstrained build operations Thread 40" [_thread_blocked, id=6432, stack(0x000000e678800000,0x000000e678900000)]
  0x00000231ccfbcf40 JavaThread "Unconstrained build operations Thread 41" [_thread_blocked, id=14000, stack(0x000000e678900000,0x000000e678a00000)]
  0x00000231ccfbad90 JavaThread "Unconstrained build operations Thread 42" [_thread_blocked, id=1248, stack(0x000000e678a00000,0x000000e678b00000)]
  0x00000231ccfba8c0 JavaThread "Unconstrained build operations Thread 43" [_thread_blocked, id=10908, stack(0x000000e678b00000,0x000000e678c00000)]
  0x00000231ccfbb260 JavaThread "Unconstrained build operations Thread 44" [_thread_blocked, id=5132, stack(0x000000e678c00000,0x000000e678d00000)]
  0x00000231ccfbb730 JavaThread "Unconstrained build operations Thread 45" [_thread_blocked, id=8520, stack(0x000000e678d00000,0x000000e678e00000)]
  0x00000231ccfbbc00 JavaThread "Unconstrained build operations Thread 46" [_thread_blocked, id=3724, stack(0x000000e678e00000,0x000000e678f00000)]
  0x00000231ccfb9a50 JavaThread "Unconstrained build operations Thread 47" [_thread_blocked, id=3524, stack(0x000000e678f00000,0x000000e679000000)]
  0x00000231ccfbe280 JavaThread "Unconstrained build operations Thread 48" [_thread_blocked, id=4140, stack(0x000000e679000000,0x000000e679100000)]
  0x00000231ccfbc0d0 JavaThread "Unconstrained build operations Thread 49" [_thread_blocked, id=724, stack(0x000000e679100000,0x000000e679200000)]
  0x00000231ccfbfa90 JavaThread "Unconstrained build operations Thread 50" [_thread_blocked, id=8004, stack(0x000000e679200000,0x000000e679300000)]
  0x00000231ccfc0900 JavaThread "Unconstrained build operations Thread 51" [_thread_blocked, id=6776, stack(0x000000e679300000,0x000000e679400000)]
  0x00000231ccfb9f20 JavaThread "Unconstrained build operations Thread 52" [_thread_blocked, id=17096, stack(0x000000e679400000,0x000000e679500000)]
  0x00000231ccfb90b0 JavaThread "Unconstrained build operations Thread 53" [_thread_blocked, id=8888, stack(0x000000e679500000,0x000000e679600000)]
  0x00000231ccfbff60 JavaThread "Unconstrained build operations Thread 54" [_thread_blocked, id=6872, stack(0x000000e679600000,0x000000e679700000)]
  0x00000231ccfbc5a0 JavaThread "Unconstrained build operations Thread 55" [_thread_blocked, id=3312, stack(0x000000e679700000,0x000000e679800000)]
  0x00000231ccfba3f0 JavaThread "Unconstrained build operations Thread 56" [_thread_blocked, id=13812, stack(0x000000e679800000,0x000000e679900000)]
  0x00000231ccfbf5c0 JavaThread "Unconstrained build operations Thread 57" [_thread_blocked, id=9840, stack(0x000000e679900000,0x000000e679a00000)]
  0x00000231ccfb9580 JavaThread "Unconstrained build operations Thread 58" [_thread_blocked, id=12592, stack(0x000000e679a00000,0x000000e679b00000)]
  0x00000231ccfbca70 JavaThread "Unconstrained build operations Thread 59" [_thread_blocked, id=10284, stack(0x000000e679b00000,0x000000e679c00000)]
  0x00000231ccfbf0f0 JavaThread "Unconstrained build operations Thread 60" [_thread_blocked, id=9964, stack(0x000000e679c00000,0x000000e679d00000)]
  0x00000231ccfbd410 JavaThread "Unconstrained build operations Thread 61" [_thread_blocked, id=15084, stack(0x000000e679d00000,0x000000e679e00000)]
  0x00000231ccfbe750 JavaThread "Unconstrained build operations Thread 62" [_thread_blocked, id=13844, stack(0x000000e679e00000,0x000000e679f00000)]
  0x00000231ccfbd8e0 JavaThread "Unconstrained build operations Thread 63" [_thread_blocked, id=11736, stack(0x000000e679f00000,0x000000e67a000000)]
  0x00000231ccfbddb0 JavaThread "Unconstrained build operations Thread 64" [_thread_blocked, id=12020, stack(0x000000e67a000000,0x000000e67a100000)]
  0x00000231ccfc0430 JavaThread "Unconstrained build operations Thread 65" [_thread_blocked, id=11164, stack(0x000000e67a100000,0x000000e67a200000)]
  0x00000231cf434ca0 JavaThread "Unconstrained build operations Thread 66" [_thread_blocked, id=12512, stack(0x000000e67a200000,0x000000e67a300000)]
  0x00000231cf4347d0 JavaThread "Unconstrained build operations Thread 67" [_thread_blocked, id=8960, stack(0x000000e67a300000,0x000000e67a400000)]
  0x00000231cf4394d0 JavaThread "Unconstrained build operations Thread 68" [_thread_blocked, id=2960, stack(0x000000e67a400000,0x000000e67a500000)]
  0x00000231cf434300 JavaThread "Unconstrained build operations Thread 69" [_thread_blocked, id=16052, stack(0x000000e67a500000,0x000000e67a600000)]
  0x00000231cf435640 JavaThread "Unconstrained build operations Thread 70" [_thread_blocked, id=11960, stack(0x000000e67a600000,0x000000e67a700000)]
  0x00000231cf433e30 JavaThread "Unconstrained build operations Thread 71" [_thread_blocked, id=4528, stack(0x000000e67a700000,0x000000e67a800000)]
  0x00000231cf437320 JavaThread "Unconstrained build operations Thread 72" [_thread_blocked, id=7552, stack(0x000000e67a800000,0x000000e67a900000)]
  0x00000231cf436980 JavaThread "Unconstrained build operations Thread 73" [_thread_blocked, id=11864, stack(0x000000e67a900000,0x000000e67aa00000)]
  0x00000231cf437cc0 JavaThread "Unconstrained build operations Thread 74" [_thread_blocked, id=17052, stack(0x000000e67aa00000,0x000000e67ab00000)]
  0x00000231cf433490 JavaThread "Unconstrained build operations Thread 75" [_thread_blocked, id=15052, stack(0x000000e67ab00000,0x000000e67ac00000)]
  0x00000231cf436e50 JavaThread "Unconstrained build operations Thread 76" [_thread_blocked, id=14964, stack(0x000000e67ac00000,0x000000e67ad00000)]
  0x00000231cf435170 JavaThread "Unconstrained build operations Thread 77" [_thread_blocked, id=14324, stack(0x000000e67ad00000,0x000000e67ae00000)]
  0x00000231cf43a340 JavaThread "Unconstrained build operations Thread 78" [_thread_blocked, id=1640, stack(0x000000e67ae00000,0x000000e67af00000)]
  0x00000231cf439e70 JavaThread "Unconstrained build operations Thread 79" [_thread_blocked, id=5024, stack(0x000000e67af00000,0x000000e67b000000)]
  0x00000231cf4399a0 JavaThread "Unconstrained build operations Thread 80" [_thread_blocked, id=13476, stack(0x000000e67b000000,0x000000e67b100000)]
  0x00000231cf43a810 JavaThread "jar transforms Thread 6" [_thread_blocked, id=15272, stack(0x000000e67b100000,0x000000e67b200000)]
  0x00000231cf438b30 JavaThread "jar transforms Thread 7" [_thread_blocked, id=7260, stack(0x000000e67b200000,0x000000e67b300000)]
  0x00000231cf435b10 JavaThread "jar transforms Thread 8" [_thread_blocked, id=16028, stack(0x000000e67b300000,0x000000e67b400000)]
  0x00000231cf43ace0 JavaThread "build event listener" [_thread_blocked, id=16896, stack(0x000000e67b400000,0x000000e67b500000)]
  0x00000231cf4364b0 JavaThread "Memory manager" [_thread_blocked, id=4068, stack(0x000000e67b500000,0x000000e67b600000)]
  0x00000231cf438190 JavaThread "pool-3-thread-1" [_thread_blocked, id=16076, stack(0x000000e67b600000,0x000000e67b700000)]
  0x00000231cf438660 JavaThread "build event listener" [_thread_blocked, id=11496, stack(0x000000e67b700000,0x000000e67b800000)]
  0x00000231cf439000 JavaThread "included builds" [_thread_blocked, id=8600, stack(0x000000e67b800000,0x000000e67b900000)]
  0x00000231d3fd4260 JavaThread "Execution worker" [_thread_blocked, id=6204, stack(0x000000e67b900000,0x000000e67ba00000)]
  0x00000231d3fd68e0 JavaThread "Execution worker Thread 2" [_thread_blocked, id=6336, stack(0x000000e67ba00000,0x000000e67bb00000)]
  0x00000231d3fd4730 JavaThread "Execution worker Thread 3" [_thread_blocked, id=15820, stack(0x000000e67bb00000,0x000000e67bc00000)]
  0x00000231d3fd3d90 JavaThread "Execution worker Thread 4" [_thread_blocked, id=3212, stack(0x000000e67bc00000,0x000000e67bd00000)]
  0x00000231d3fd5f40 JavaThread "Execution worker Thread 5" [_thread_blocked, id=8848, stack(0x000000e67bd00000,0x000000e67be00000)]
  0x00000231d3fd6410 JavaThread "Execution worker Thread 6" [_thread_blocked, id=14896, stack(0x000000e67be00000,0x000000e67bf00000)]
  0x00000231d3fd2f20 JavaThread "Execution worker Thread 7" [_thread_blocked, id=9664, stack(0x000000e67bf00000,0x000000e67c000000)]
  0x00000231d3fd55a0 JavaThread "Cache worker for execution history cache (C:\Users\21269\Desktop\SignApp\.gradle\8.0\executionHistory)" [_thread_blocked, id=12580, stack(0x000000e67c000000,0x000000e67c100000)]
  0x00000231d3fd4c00 JavaThread "WorkerExecutor Queue" [_thread_blocked, id=14328, stack(0x000000e67c500000,0x000000e67c600000)]

Other Threads:
=>0x00000231caf0e940 VMThread "VM Thread" [stack: 0x000000e672e00000,0x000000e672f00000] [id=15760]
  0x00000231b1129c20 WatcherThread [stack: 0x000000e673a00000,0x000000e673b00000] [id=16572]
  0x00000231b11071e0 GCTaskThread "GC Thread#0" [stack: 0x000000e672900000,0x000000e672a00000] [id=17236]
  0x00000231cc4c9fc0 GCTaskThread "GC Thread#1" [stack: 0x000000e673c00000,0x000000e673d00000] [id=12012]
  0x00000231cc55fcd0 GCTaskThread "GC Thread#2" [stack: 0x000000e673d00000,0x000000e673e00000] [id=9832]
  0x00000231cc2a4180 GCTaskThread "GC Thread#3" [stack: 0x000000e673e00000,0x000000e673f00000] [id=10272]
  0x00000231cca38e90 GCTaskThread "GC Thread#4" [stack: 0x000000e673f00000,0x000000e674000000] [id=16652]
  0x00000231cd3ffc90 GCTaskThread "GC Thread#5" [stack: 0x000000e674a00000,0x000000e674b00000] [id=3612]
  0x00000231cd02ecb0 GCTaskThread "GC Thread#6" [stack: 0x000000e674b00000,0x000000e674c00000] [id=8672]
  0x00000231ce124c80 GCTaskThread "GC Thread#7" [stack: 0x000000e674c00000,0x000000e674d00000] [id=15888]
  0x00000231b1118280 ConcurrentGCThread "G1 Main Marker" [stack: 0x000000e672a00000,0x000000e672b00000] [id=11716]
  0x00000231b1119b40 ConcurrentGCThread "G1 Conc#0" [stack: 0x000000e672b00000,0x000000e672c00000] [id=3376]
  0x00000231ce485020 ConcurrentGCThread "G1 Conc#1" [stack: 0x000000e674d00000,0x000000e674e00000] [id=16276]
  0x00000231b116ead0 ConcurrentGCThread "G1 Refine#0" [stack: 0x000000e672c00000,0x000000e672d00000] [id=11152]
  0x00000231ce69cf50 ConcurrentGCThread "G1 Refine#1" [stack: 0x000000e675b00000,0x000000e675c00000] [id=15920]
  0x00000231d475a7e0 ConcurrentGCThread "G1 Refine#2" [stack: 0x000000e67c100000,0x000000e67c200000] [id=13908]
  0x00000231d403bcd0 ConcurrentGCThread "G1 Refine#3" [stack: 0x000000e67c200000,0x000000e67c300000] [id=14716]
  0x00000231d4456380 ConcurrentGCThread "G1 Refine#4" [stack: 0x000000e67c300000,0x000000e67c400000] [id=10476]
  0x00000231d3d65be0 ConcurrentGCThread "G1 Refine#5" [stack: 0x000000e67c400000,0x000000e67c500000] [id=11548]
  0x00000231cad664d0 ConcurrentGCThread "G1 Service" [stack: 0x000000e672d00000,0x000000e672e00000] [id=15892]

Threads with active compile tasks:
C2 CompilerThread0    10622 11330       4       com.android.tools.r8.graph.l1::c (19 bytes)
C1 CompilerThread0    10622 11392       3       com.android.tools.r8.internal.Y9::a (131 bytes)
C2 CompilerThread1    10622 11377 %     4       com.android.tools.r8.utils.t0::e @ 225 (297 bytes)

VM state: at safepoint (normal execution)

VM Mutex/Monitor currently owned by a thread:  ([mutex/lock_event])
[0x00000231b10a39f0] Threads_lock - owner thread: 0x00000231caf0e940
[0x00000231b10a53d0] Heap_lock - owner thread: 0x00000231ccfbd410

Heap address: 0x0000000080000000, size: 2048 MB, Compressed Oops mode: 32-bit

CDS archive(s) not mapped
Compressed class space mapped at: 0x0000000100000000-0x0000000140000000, reserved size: 1073741824
Narrow klass base: 0x0000000000000000, Narrow klass shift: 3, Narrow klass range: 0x140000000

GC Precious Log:
 CPUs: 8 total, 8 available
 Memory: 7991M
 Large Page Support: Disabled
 NUMA Support: Disabled
 Compressed Oops: Enabled (32-bit)
 Heap Region Size: 1M
 Heap Min Capacity: 8M
 Heap Initial Capacity: 126M
 Heap Max Capacity: 2G
 Pre-touch: Disabled
 Parallel Workers: 8
 Concurrent Workers: 2
 Concurrent Refinement Workers: 8
 Periodic GC: Disabled

Heap:
 garbage-first heap   total 234496K, used 116371K [0x0000000080000000, 0x0000000100000000)
  region size 1024K, 11 young (11264K), 11 survivors (11264K)
 Metaspace       used 101659K, committed 102272K, reserved 1138688K
  class space    used 13914K, committed 14208K, reserved 1048576K

Heap Regions: E=young(eden), S=young(survivor), O=old, HS=humongous(starts), HC=humongous(continues), CS=collection set, F=free, OA=open archive, CA=closed archive, TAMS=top-at-mark-start (previous, next)
|   0|0x0000000080000000, 0x0000000080100000, 0x0000000080100000|100%|HS|  |TAMS 0x0000000080100000, 0x0000000080000000| Complete 
|   1|0x0000000080100000, 0x0000000080200000, 0x0000000080200000|100%|HC|  |TAMS 0x0000000080200000, 0x0000000080100000| Complete 
|   2|0x0000000080200000, 0x0000000080300000, 0x0000000080300000|100%|HC|  |TAMS 0x0000000080300000, 0x0000000080200000| Complete 
|   3|0x0000000080300000, 0x0000000080400000, 0x0000000080400000|100%|HC|  |TAMS 0x0000000080400000, 0x0000000080300000| Complete 
|   4|0x0000000080400000, 0x0000000080500000, 0x0000000080500000|100%| O|  |TAMS 0x0000000080500000, 0x0000000080400000| Untracked 
|   5|0x0000000080500000, 0x0000000080600000, 0x0000000080600000|100%| O|  |TAMS 0x0000000080600000, 0x0000000080500000| Untracked 
|   6|0x0000000080600000, 0x0000000080700000, 0x0000000080700000|100%| O|  |TAMS 0x0000000080700000, 0x0000000080600000| Untracked 
|   7|0x0000000080700000, 0x0000000080800000, 0x0000000080800000|100%| O|  |TAMS 0x0000000080800000, 0x0000000080700000| Untracked 
|   8|0x0000000080800000, 0x0000000080900000, 0x0000000080900000|100%| O|  |TAMS 0x0000000080900000, 0x0000000080800000| Untracked 
|   9|0x0000000080900000, 0x0000000080a00000, 0x0000000080a00000|100%| O|  |TAMS 0x0000000080a00000, 0x0000000080900000| Untracked 
|  10|0x0000000080a00000, 0x0000000080b00000, 0x0000000080b00000|100%| O|  |TAMS 0x0000000080b00000, 0x0000000080a00000| Untracked 
|  11|0x0000000080b00000, 0x0000000080c00000, 0x0000000080c00000|100%| O|  |TAMS 0x0000000080c00000, 0x0000000080b00000| Untracked 
|  12|0x0000000080c00000, 0x0000000080d00000, 0x0000000080d00000|100%| O|  |TAMS 0x0000000080d00000, 0x0000000080c00000| Untracked 
|  13|0x0000000080d00000, 0x0000000080e00000, 0x0000000080e00000|100%| O|  |TAMS 0x0000000080e00000, 0x0000000080d00000| Untracked 
|  14|0x0000000080e00000, 0x0000000080f00000, 0x0000000080f00000|100%| O|  |TAMS 0x0000000080f00000, 0x0000000080e00000| Untracked 
|  15|0x0000000080f00000, 0x0000000081000000, 0x0000000081000000|100%| O|  |TAMS 0x0000000081000000, 0x0000000080f00000| Untracked 
|  16|0x0000000081000000, 0x0000000081100000, 0x0000000081100000|100%| O|  |TAMS 0x0000000081100000, 0x0000000081000000| Untracked 
|  17|0x0000000081100000, 0x0000000081200000, 0x0000000081200000|100%| O|  |TAMS 0x0000000081200000, 0x0000000081100000| Untracked 
|  18|0x0000000081200000, 0x0000000081300000, 0x0000000081300000|100%| O|  |TAMS 0x0000000081300000, 0x0000000081200000| Untracked 
|  19|0x0000000081300000, 0x0000000081400000, 0x0000000081400000|100%| O|  |TAMS 0x0000000081400000, 0x0000000081300000| Untracked 
|  20|0x0000000081400000, 0x0000000081500000, 0x0000000081500000|100%| O|  |TAMS 0x0000000081500000, 0x0000000081400000| Untracked 
|  21|0x0000000081500000, 0x0000000081600000, 0x0000000081600000|100%| O|  |TAMS 0x0000000081600000, 0x0000000081500000| Untracked 
|  22|0x0000000081600000, 0x0000000081700000, 0x0000000081700000|100%| O|  |TAMS 0x0000000081700000, 0x0000000081600000| Untracked 
|  23|0x0000000081700000, 0x0000000081800000, 0x0000000081800000|100%| O|  |TAMS 0x0000000081800000, 0x0000000081700000| Untracked 
|  24|0x0000000081800000, 0x0000000081900000, 0x0000000081900000|100%| O|  |TAMS 0x0000000081800000, 0x0000000081800000| Untracked 
|  25|0x0000000081900000, 0x0000000081a00000, 0x0000000081a00000|100%| O|  |TAMS 0x0000000081a00000, 0x0000000081900000| Untracked 
|  26|0x0000000081a00000, 0x0000000081b00000, 0x0000000081b00000|100%| O|  |TAMS 0x0000000081b00000, 0x0000000081a00000| Untracked 
|  27|0x0000000081b00000, 0x0000000081c00000, 0x0000000081c00000|100%| O|  |TAMS 0x0000000081c00000, 0x0000000081b00000| Untracked 
|  28|0x0000000081c00000, 0x0000000081d00000, 0x0000000081d00000|100%| O|  |TAMS 0x0000000081d00000, 0x0000000081c00000| Untracked 
|  29|0x0000000081d00000, 0x0000000081e00000, 0x0000000081e00000|100%| O|  |TAMS 0x0000000081e00000, 0x0000000081d00000| Untracked 
|  30|0x0000000081e00000, 0x0000000081f00000, 0x0000000081f00000|100%| O|  |TAMS 0x0000000081f00000, 0x0000000081e00000| Untracked 
|  31|0x0000000081f00000, 0x0000000082000000, 0x0000000082000000|100%| O|  |TAMS 0x0000000082000000, 0x0000000081f00000| Untracked 
|  32|0x0000000082000000, 0x0000000082100000, 0x0000000082100000|100%| O|  |TAMS 0x0000000082100000, 0x0000000082000000| Untracked 
|  33|0x0000000082100000, 0x0000000082200000, 0x0000000082200000|100%|HS|  |TAMS 0x0000000082200000, 0x0000000082100000| Complete 
|  34|0x0000000082200000, 0x0000000082300000, 0x0000000082300000|100%|HS|  |TAMS 0x0000000082300000, 0x0000000082200000| Complete 
|  35|0x0000000082300000, 0x0000000082400000, 0x0000000082400000|100%| O|  |TAMS 0x0000000082400000, 0x0000000082300000| Untracked 
|  36|0x0000000082400000, 0x0000000082500000, 0x0000000082500000|100%| O|  |TAMS 0x0000000082500000, 0x0000000082400000| Untracked 
|  37|0x0000000082500000, 0x0000000082600000, 0x0000000082600000|100%| O|  |TAMS 0x0000000082600000, 0x0000000082500000| Untracked 
|  38|0x0000000082600000, 0x0000000082700000, 0x0000000082700000|100%| O|  |TAMS 0x0000000082700000, 0x0000000082600000| Untracked 
|  39|0x0000000082700000, 0x0000000082800000, 0x0000000082800000|100%| O|  |TAMS 0x0000000082800000, 0x0000000082700000| Untracked 
|  40|0x0000000082800000, 0x0000000082900000, 0x0000000082900000|100%| O|  |TAMS 0x0000000082900000, 0x0000000082800000| Untracked 
|  41|0x0000000082900000, 0x0000000082a00000, 0x0000000082a00000|100%| O|  |TAMS 0x0000000082a00000, 0x0000000082900000| Untracked 
|  42|0x0000000082a00000, 0x0000000082b00000, 0x0000000082b00000|100%| O|  |TAMS 0x0000000082b00000, 0x0000000082a00000| Untracked 
|  43|0x0000000082b00000, 0x0000000082c00000, 0x0000000082c00000|100%| O|  |TAMS 0x0000000082c00000, 0x0000000082b00000| Untracked 
|  44|0x0000000082c00000, 0x0000000082d00000, 0x0000000082d00000|100%| O|  |TAMS 0x0000000082d00000, 0x0000000082c00000| Untracked 
|  45|0x0000000082d00000, 0x0000000082e00000, 0x0000000082e00000|100%| O|  |TAMS 0x0000000082e00000, 0x0000000082d00000| Untracked 
|  46|0x0000000082e00000, 0x0000000082f00000, 0x0000000082f00000|100%| O|  |TAMS 0x0000000082f00000, 0x0000000082e00000| Untracked 
|  47|0x0000000082f00000, 0x0000000083000000, 0x0000000083000000|100%| O|  |TAMS 0x0000000083000000, 0x0000000082f00000| Untracked 
|  48|0x0000000083000000, 0x0000000083100000, 0x0000000083100000|100%| O|  |TAMS 0x0000000083100000, 0x0000000083000000| Untracked 
|  49|0x0000000083100000, 0x0000000083200000, 0x0000000083200000|100%| O|  |TAMS 0x0000000083200000, 0x0000000083100000| Untracked 
|  50|0x0000000083200000, 0x0000000083300000, 0x0000000083300000|100%| O|  |TAMS 0x0000000083300000, 0x0000000083200000| Untracked 
|  51|0x0000000083300000, 0x0000000083400000, 0x0000000083400000|100%| O|  |TAMS 0x0000000083400000, 0x0000000083300000| Untracked 
|  52|0x0000000083400000, 0x0000000083500000, 0x0000000083500000|100%| O|  |TAMS 0x0000000083500000, 0x0000000083400000| Untracked 
|  53|0x0000000083500000, 0x0000000083600000, 0x0000000083600000|100%| O|  |TAMS 0x0000000083600000, 0x0000000083500000| Untracked 
|  54|0x0000000083600000, 0x0000000083700000, 0x0000000083700000|100%| O|  |TAMS 0x0000000083700000, 0x0000000083600000| Untracked 
|  55|0x0000000083700000, 0x0000000083800000, 0x0000000083800000|100%| O|  |TAMS 0x0000000083800000, 0x0000000083700000| Untracked 
|  56|0x0000000083800000, 0x0000000083900000, 0x0000000083900000|100%| O|  |TAMS 0x0000000083900000, 0x0000000083800000| Untracked 
|  57|0x0000000083900000, 0x0000000083a00000, 0x0000000083a00000|100%| O|  |TAMS 0x0000000083a00000, 0x0000000083900000| Untracked 
|  58|0x0000000083a00000, 0x0000000083b00000, 0x0000000083b00000|100%| O|  |TAMS 0x0000000083b00000, 0x0000000083a00000| Untracked 
|  59|0x0000000083b00000, 0x0000000083c00000, 0x0000000083c00000|100%| O|  |TAMS 0x0000000083c00000, 0x0000000083b00000| Untracked 
|  60|0x0000000083c00000, 0x0000000083d00000, 0x0000000083d00000|100%| O|  |TAMS 0x0000000083d00000, 0x0000000083c00000| Untracked 
|  61|0x0000000083d00000, 0x0000000083e00000, 0x0000000083e00000|100%| O|  |TAMS 0x0000000083e00000, 0x0000000083d00000| Untracked 
|  62|0x0000000083e00000, 0x0000000083f00000, 0x0000000083f00000|100%| O|  |TAMS 0x0000000083f00000, 0x0000000083e00000| Untracked 
|  63|0x0000000083f00000, 0x0000000084000000, 0x0000000084000000|100%| O|  |TAMS 0x0000000083f00000, 0x0000000083f00000| Untracked 
|  64|0x0000000084000000, 0x0000000084100000, 0x0000000084100000|100%| O|  |TAMS 0x0000000084100000, 0x0000000084000000| Untracked 
|  65|0x0000000084100000, 0x0000000084200000, 0x0000000084200000|100%| O|  |TAMS 0x0000000084200000, 0x0000000084100000| Untracked 
|  66|0x0000000084200000, 0x0000000084300000, 0x0000000084300000|100%| O|  |TAMS 0x0000000084300000, 0x0000000084200000| Untracked 
|  67|0x0000000084300000, 0x0000000084400000, 0x0000000084400000|100%| O|  |TAMS 0x0000000084400000, 0x0000000084300000| Untracked 
|  68|0x0000000084400000, 0x0000000084500000, 0x0000000084500000|100%| O|  |TAMS 0x0000000084500000, 0x0000000084400000| Untracked 
|  69|0x0000000084500000, 0x0000000084600000, 0x0000000084600000|100%| O|  |TAMS 0x0000000084600000, 0x0000000084500000| Untracked 
|  70|0x0000000084600000, 0x0000000084700000, 0x0000000084700000|100%| O|  |TAMS 0x0000000084700000, 0x0000000084600000| Untracked 
|  71|0x0000000084700000, 0x0000000084800000, 0x0000000084800000|100%| O|  |TAMS 0x0000000084800000, 0x0000000084700000| Untracked 
|  72|0x0000000084800000, 0x0000000084900000, 0x0000000084900000|100%| O|  |TAMS 0x0000000084900000, 0x0000000084800000| Untracked 
|  73|0x0000000084900000, 0x0000000084a00000, 0x0000000084a00000|100%| O|  |TAMS 0x0000000084a00000, 0x0000000084900000| Untracked 
|  74|0x0000000084a00000, 0x0000000084b00000, 0x0000000084b00000|100%| O|  |TAMS 0x0000000084b00000, 0x0000000084a00000| Untracked 
|  75|0x0000000084b00000, 0x0000000084c00000, 0x0000000084c00000|100%| O|  |TAMS 0x0000000084c00000, 0x0000000084b00000| Untracked 
|  76|0x0000000084c00000, 0x0000000084d00000, 0x0000000084d00000|100%| O|  |TAMS 0x0000000084d00000, 0x0000000084c00000| Untracked 
|  77|0x0000000084d00000, 0x0000000084e00000, 0x0000000084e00000|100%| O|  |TAMS 0x0000000084dbb400, 0x0000000084d00000| Untracked 
|  78|0x0000000084e00000, 0x0000000084f00000, 0x0000000084f00000|100%| O|  |TAMS 0x0000000084e00000, 0x0000000084e00000| Untracked 
|  79|0x0000000084f00000, 0x0000000085000000, 0x0000000085000000|100%| O|  |TAMS 0x0000000084f00000, 0x0000000084f00000| Untracked 
|  80|0x0000000085000000, 0x0000000085100000, 0x0000000085100000|100%| O|  |TAMS 0x0000000085000000, 0x0000000085000000| Untracked 
|  81|0x0000000085100000, 0x0000000085200000, 0x0000000085200000|100%| O|  |TAMS 0x0000000085100000, 0x0000000085100000| Untracked 
|  82|0x0000000085200000, 0x0000000085300000, 0x0000000085300000|100%| O|  |TAMS 0x0000000085200000, 0x0000000085200000| Untracked 
|  83|0x0000000085300000, 0x0000000085400000, 0x0000000085400000|100%| O|  |TAMS 0x0000000085300000, 0x0000000085300000| Untracked 
|  84|0x0000000085400000, 0x0000000085500000, 0x0000000085500000|100%| O|  |TAMS 0x0000000085400000, 0x0000000085400000| Untracked 
|  85|0x0000000085500000, 0x0000000085600000, 0x0000000085600000|100%| O|  |TAMS 0x0000000085500000, 0x0000000085500000| Untracked 
|  86|0x0000000085600000, 0x0000000085700000, 0x0000000085700000|100%| O|  |TAMS 0x0000000085600000, 0x0000000085600000| Untracked 
|  87|0x0000000085700000, 0x0000000085800000, 0x0000000085800000|100%| O|  |TAMS 0x0000000085700000, 0x0000000085700000| Untracked 
|  88|0x0000000085800000, 0x0000000085900000, 0x0000000085900000|100%| O|  |TAMS 0x0000000085800000, 0x0000000085800000| Untracked 
|  89|0x0000000085900000, 0x0000000085a00000, 0x0000000085a00000|100%| O|  |TAMS 0x0000000085900000, 0x0000000085900000| Untracked 
|  90|0x0000000085a00000, 0x0000000085b00000, 0x0000000085b00000|100%| O|  |TAMS 0x0000000085a00000, 0x0000000085a00000| Untracked 
|  91|0x0000000085b00000, 0x0000000085c00000, 0x0000000085c00000|100%| O|  |TAMS 0x0000000085b00000, 0x0000000085b00000| Untracked 
|  92|0x0000000085c00000, 0x0000000085d00000, 0x0000000085d00000|100%| O|  |TAMS 0x0000000085c00000, 0x0000000085c00000| Untracked 
|  93|0x0000000085d00000, 0x0000000085e00000, 0x0000000085e00000|100%| O|  |TAMS 0x0000000085d00000, 0x0000000085d00000| Untracked 
|  94|0x0000000085e00000, 0x0000000085f00000, 0x0000000085f00000|100%| O|  |TAMS 0x0000000085e00000, 0x0000000085e00000| Untracked 
|  95|0x0000000085f00000, 0x0000000086000000, 0x0000000086000000|100%| O|  |TAMS 0x0000000085f00000, 0x0000000085f00000| Untracked 
|  96|0x0000000086000000, 0x0000000086100000, 0x0000000086100000|100%| O|  |TAMS 0x0000000086000000, 0x0000000086000000| Untracked 
|  97|0x0000000086100000, 0x0000000086200000, 0x0000000086200000|100%| O|  |TAMS 0x0000000086100000, 0x0000000086100000| Untracked 
|  98|0x0000000086200000, 0x0000000086300000, 0x0000000086300000|100%| O|  |TAMS 0x0000000086200000, 0x0000000086200000| Untracked 
|  99|0x0000000086300000, 0x0000000086400000, 0x0000000086400000|100%| O|  |TAMS 0x0000000086300000, 0x0000000086300000| Untracked 
| 100|0x0000000086400000, 0x0000000086500000, 0x0000000086500000|100%| O|  |TAMS 0x0000000086400000, 0x0000000086400000| Untracked 
| 101|0x0000000086500000, 0x0000000086600000, 0x0000000086600000|100%| O|  |TAMS 0x0000000086500000, 0x0000000086500000| Untracked 
| 102|0x0000000086600000, 0x00000000866a4e00, 0x0000000086700000| 64%| O|  |TAMS 0x0000000086600000, 0x0000000086600000| Untracked 
| 103|0x0000000086700000, 0x0000000086700000, 0x0000000086800000|  0%| F|  |TAMS 0x0000000086700000, 0x0000000086700000| Untracked 
| 104|0x0000000086800000, 0x0000000086800000, 0x0000000086900000|  0%| F|  |TAMS 0x0000000086800000, 0x0000000086800000| Untracked 
| 105|0x0000000086900000, 0x0000000086900000, 0x0000000086a00000|  0%| F|  |TAMS 0x0000000086900000, 0x0000000086900000| Untracked 
| 106|0x0000000086a00000, 0x0000000086a00000, 0x0000000086b00000|  0%| F|  |TAMS 0x0000000086a00000, 0x0000000086a00000| Untracked 
| 107|0x0000000086b00000, 0x0000000086b00000, 0x0000000086c00000|  0%| F|  |TAMS 0x0000000086b00000, 0x0000000086b00000| Untracked 
| 108|0x0000000086c00000, 0x0000000086c00000, 0x0000000086d00000|  0%| F|  |TAMS 0x0000000086c00000, 0x0000000086c00000| Untracked 
| 109|0x0000000086d00000, 0x0000000086d00000, 0x0000000086e00000|  0%| F|  |TAMS 0x0000000086d00000, 0x0000000086d00000| Untracked 
| 110|0x0000000086e00000, 0x0000000086e00000, 0x0000000086f00000|  0%| F|  |TAMS 0x0000000086e00000, 0x0000000086e00000| Untracked 
| 111|0x0000000086f00000, 0x0000000086f00000, 0x0000000087000000|  0%| F|  |TAMS 0x0000000086f00000, 0x0000000086f00000| Untracked 
| 112|0x0000000087000000, 0x0000000087000000, 0x0000000087100000|  0%| F|  |TAMS 0x0000000087000000, 0x0000000087000000| Untracked 
| 113|0x0000000087100000, 0x0000000087100000, 0x0000000087200000|  0%| F|  |TAMS 0x0000000087100000, 0x0000000087100000| Untracked 
| 114|0x0000000087200000, 0x0000000087200000, 0x0000000087300000|  0%| F|  |TAMS 0x0000000087200000, 0x0000000087200000| Untracked 
| 115|0x0000000087300000, 0x0000000087300000, 0x0000000087400000|  0%| F|  |TAMS 0x0000000087300000, 0x0000000087300000| Untracked 
| 116|0x0000000087400000, 0x0000000087400000, 0x0000000087500000|  0%| F|  |TAMS 0x0000000087400000, 0x0000000087400000| Untracked 
| 117|0x0000000087500000, 0x0000000087500000, 0x0000000087600000|  0%| F|  |TAMS 0x0000000087500000, 0x0000000087500000| Untracked 
| 118|0x0000000087600000, 0x0000000087600000, 0x0000000087700000|  0%| F|  |TAMS 0x0000000087600000, 0x0000000087600000| Untracked 
| 119|0x0000000087700000, 0x0000000087700000, 0x0000000087800000|  0%| F|  |TAMS 0x0000000087700000, 0x0000000087700000| Untracked 
| 120|0x0000000087800000, 0x0000000087800000, 0x0000000087900000|  0%| F|  |TAMS 0x0000000087800000, 0x0000000087800000| Untracked 
| 121|0x0000000087900000, 0x0000000087900000, 0x0000000087a00000|  0%| F|  |TAMS 0x0000000087900000, 0x0000000087900000| Untracked 
| 122|0x0000000087a00000, 0x0000000087a00000, 0x0000000087b00000|  0%| F|  |TAMS 0x0000000087a00000, 0x0000000087a00000| Untracked 
| 123|0x0000000087b00000, 0x0000000087b00000, 0x0000000087c00000|  0%| F|  |TAMS 0x0000000087b00000, 0x0000000087b00000| Untracked 
| 124|0x0000000087c00000, 0x0000000087c00000, 0x0000000087d00000|  0%| F|  |TAMS 0x0000000087c00000, 0x0000000087c00000| Untracked 
| 125|0x0000000087d00000, 0x0000000087d00000, 0x0000000087e00000|  0%| F|  |TAMS 0x0000000087d00000, 0x0000000087d00000| Untracked 
| 126|0x0000000087e00000, 0x0000000087e00000, 0x0000000087f00000|  0%| F|  |TAMS 0x0000000087e00000, 0x0000000087e00000| Untracked 
| 127|0x0000000087f00000, 0x0000000087f00000, 0x0000000088000000|  0%| F|  |TAMS 0x0000000087f00000, 0x0000000087f00000| Untracked 
| 128|0x0000000088000000, 0x0000000088000000, 0x0000000088100000|  0%| F|  |TAMS 0x0000000088000000, 0x0000000088000000| Untracked 
| 129|0x0000000088100000, 0x0000000088100000, 0x0000000088200000|  0%| F|  |TAMS 0x0000000088100000, 0x0000000088100000| Untracked 
| 130|0x0000000088200000, 0x0000000088200000, 0x0000000088300000|  0%| F|  |TAMS 0x0000000088200000, 0x0000000088200000| Untracked 
| 131|0x0000000088300000, 0x0000000088300000, 0x0000000088400000|  0%| F|  |TAMS 0x0000000088300000, 0x0000000088300000| Untracked 
| 132|0x0000000088400000, 0x0000000088400000, 0x0000000088500000|  0%| F|  |TAMS 0x0000000088400000, 0x0000000088400000| Untracked 
| 133|0x0000000088500000, 0x0000000088500000, 0x0000000088600000|  0%| F|  |TAMS 0x0000000088500000, 0x0000000088500000| Untracked 
| 134|0x0000000088600000, 0x0000000088600000, 0x0000000088700000|  0%| F|  |TAMS 0x0000000088600000, 0x0000000088600000| Untracked 
| 135|0x0000000088700000, 0x0000000088700000, 0x0000000088800000|  0%| F|  |TAMS 0x0000000088700000, 0x0000000088700000| Untracked 
| 136|0x0000000088800000, 0x0000000088800000, 0x0000000088900000|  0%| F|  |TAMS 0x0000000088800000, 0x0000000088800000| Untracked 
| 137|0x0000000088900000, 0x0000000088a00000, 0x0000000088a00000|100%| S|CS|TAMS 0x0000000088900000, 0x0000000088900000| Complete 
| 138|0x0000000088a00000, 0x0000000088b00000, 0x0000000088b00000|100%| S|CS|TAMS 0x0000000088a00000, 0x0000000088a00000| Complete 
| 139|0x0000000088b00000, 0x0000000088c00000, 0x0000000088c00000|100%| S|CS|TAMS 0x0000000088b00000, 0x0000000088b00000| Complete 
| 140|0x0000000088c00000, 0x0000000088d00000, 0x0000000088d00000|100%| S|CS|TAMS 0x0000000088c00000, 0x0000000088c00000| Complete 
| 141|0x0000000088d00000, 0x0000000088e00000, 0x0000000088e00000|100%| S|CS|TAMS 0x0000000088d00000, 0x0000000088d00000| Complete 
| 142|0x0000000088e00000, 0x0000000088f00000, 0x0000000088f00000|100%| S|CS|TAMS 0x0000000088e00000, 0x0000000088e00000| Complete 
| 143|0x0000000088f00000, 0x0000000089000000, 0x0000000089000000|100%| S|CS|TAMS 0x0000000088f00000, 0x0000000088f00000| Complete 
| 144|0x0000000089000000, 0x0000000089100000, 0x0000000089100000|100%| S|CS|TAMS 0x0000000089000000, 0x0000000089000000| Complete 
| 145|0x0000000089100000, 0x0000000089200000, 0x0000000089200000|100%| S|CS|TAMS 0x0000000089100000, 0x0000000089100000| Complete 
| 146|0x0000000089200000, 0x0000000089300000, 0x0000000089300000|100%| S|CS|TAMS 0x0000000089200000, 0x0000000089200000| Complete 
| 147|0x0000000089300000, 0x0000000089400000, 0x0000000089400000|100%| S|CS|TAMS 0x0000000089300000, 0x0000000089300000| Complete 
| 148|0x0000000089400000, 0x0000000089400000, 0x0000000089500000|  0%| F|  |TAMS 0x0000000089400000, 0x0000000089400000| Untracked 
| 149|0x0000000089500000, 0x0000000089500000, 0x0000000089600000|  0%| F|  |TAMS 0x0000000089500000, 0x0000000089500000| Untracked 
| 150|0x0000000089600000, 0x0000000089600000, 0x0000000089700000|  0%| F|  |TAMS 0x0000000089600000, 0x0000000089600000| Untracked 
| 151|0x0000000089700000, 0x0000000089700000, 0x0000000089800000|  0%| F|  |TAMS 0x0000000089700000, 0x0000000089700000| Untracked 
| 152|0x0000000089800000, 0x0000000089800000, 0x0000000089900000|  0%| F|  |TAMS 0x0000000089800000, 0x0000000089800000| Untracked 
| 153|0x0000000089900000, 0x0000000089900000, 0x0000000089a00000|  0%| F|  |TAMS 0x0000000089900000, 0x0000000089900000| Untracked 
| 154|0x0000000089a00000, 0x0000000089a00000, 0x0000000089b00000|  0%| F|  |TAMS 0x0000000089a00000, 0x0000000089a00000| Untracked 
| 155|0x0000000089b00000, 0x0000000089b00000, 0x0000000089c00000|  0%| F|  |TAMS 0x0000000089b00000, 0x0000000089b00000| Untracked 
| 156|0x0000000089c00000, 0x0000000089c00000, 0x0000000089d00000|  0%| F|  |TAMS 0x0000000089c00000, 0x0000000089c00000| Untracked 
| 157|0x0000000089d00000, 0x0000000089d00000, 0x0000000089e00000|  0%| F|  |TAMS 0x0000000089d00000, 0x0000000089d00000| Untracked 
| 158|0x0000000089e00000, 0x0000000089e00000, 0x0000000089f00000|  0%| F|  |TAMS 0x0000000089e00000, 0x0000000089e00000| Untracked 
| 159|0x0000000089f00000, 0x0000000089f00000, 0x000000008a000000|  0%| F|  |TAMS 0x0000000089f00000, 0x0000000089f00000| Untracked 
| 160|0x000000008a000000, 0x000000008a000000, 0x000000008a100000|  0%| F|  |TAMS 0x000000008a000000, 0x000000008a000000| Untracked 
| 161|0x000000008a100000, 0x000000008a100000, 0x000000008a200000|  0%| F|  |TAMS 0x000000008a100000, 0x000000008a100000| Untracked 
| 162|0x000000008a200000, 0x000000008a200000, 0x000000008a300000|  0%| F|  |TAMS 0x000000008a200000, 0x000000008a200000| Untracked 
| 163|0x000000008a300000, 0x000000008a300000, 0x000000008a400000|  0%| F|  |TAMS 0x000000008a300000, 0x000000008a300000| Untracked 
| 164|0x000000008a400000, 0x000000008a400000, 0x000000008a500000|  0%| F|  |TAMS 0x000000008a400000, 0x000000008a400000| Untracked 
| 165|0x000000008a500000, 0x000000008a500000, 0x000000008a600000|  0%| F|  |TAMS 0x000000008a500000, 0x000000008a500000| Untracked 
| 166|0x000000008a600000, 0x000000008a600000, 0x000000008a700000|  0%| F|  |TAMS 0x000000008a600000, 0x000000008a600000| Untracked 
| 167|0x000000008a700000, 0x000000008a700000, 0x000000008a800000|  0%| F|  |TAMS 0x000000008a700000, 0x000000008a700000| Untracked 
| 168|0x000000008a800000, 0x000000008a800000, 0x000000008a900000|  0%| F|  |TAMS 0x000000008a800000, 0x000000008a800000| Untracked 
| 169|0x000000008a900000, 0x000000008a900000, 0x000000008aa00000|  0%| F|  |TAMS 0x000000008a900000, 0x000000008a900000| Untracked 
| 170|0x000000008aa00000, 0x000000008aa00000, 0x000000008ab00000|  0%| F|  |TAMS 0x000000008aa00000, 0x000000008aa00000| Untracked 
| 171|0x000000008ab00000, 0x000000008ab00000, 0x000000008ac00000|  0%| F|  |TAMS 0x000000008ab00000, 0x000000008ab00000| Untracked 
| 172|0x000000008ac00000, 0x000000008ac00000, 0x000000008ad00000|  0%| F|  |TAMS 0x000000008ac00000, 0x000000008ac00000| Untracked 
| 173|0x000000008ad00000, 0x000000008ad00000, 0x000000008ae00000|  0%| F|  |TAMS 0x000000008ad00000, 0x000000008ad00000| Untracked 
| 174|0x000000008ae00000, 0x000000008ae00000, 0x000000008af00000|  0%| F|  |TAMS 0x000000008ae00000, 0x000000008ae00000| Untracked 
| 175|0x000000008af00000, 0x000000008af00000, 0x000000008b000000|  0%| F|  |TAMS 0x000000008af00000, 0x000000008af00000| Untracked 
| 176|0x000000008b000000, 0x000000008b000000, 0x000000008b100000|  0%| F|  |TAMS 0x000000008b000000, 0x000000008b000000| Untracked 
| 177|0x000000008b100000, 0x000000008b100000, 0x000000008b200000|  0%| F|  |TAMS 0x000000008b100000, 0x000000008b100000| Untracked 
| 178|0x000000008b200000, 0x000000008b200000, 0x000000008b300000|  0%| F|  |TAMS 0x000000008b200000, 0x000000008b200000| Untracked 
| 179|0x000000008b300000, 0x000000008b300000, 0x000000008b400000|  0%| F|  |TAMS 0x000000008b300000, 0x000000008b300000| Untracked 
| 180|0x000000008b400000, 0x000000008b400000, 0x000000008b500000|  0%| F|  |TAMS 0x000000008b400000, 0x000000008b400000| Untracked 
| 181|0x000000008b500000, 0x000000008b500000, 0x000000008b600000|  0%| F|  |TAMS 0x000000008b500000, 0x000000008b500000| Untracked 
| 182|0x000000008b600000, 0x000000008b600000, 0x000000008b700000|  0%| F|  |TAMS 0x000000008b600000, 0x000000008b600000| Untracked 
| 183|0x000000008b700000, 0x000000008b700000, 0x000000008b800000|  0%| F|  |TAMS 0x000000008b700000, 0x000000008b700000| Untracked 
| 184|0x000000008b800000, 0x000000008b800000, 0x000000008b900000|  0%| F|  |TAMS 0x000000008b800000, 0x000000008b800000| Untracked 
| 185|0x000000008b900000, 0x000000008b900000, 0x000000008ba00000|  0%| F|  |TAMS 0x000000008b900000, 0x000000008b900000| Untracked 
| 186|0x000000008ba00000, 0x000000008ba00000, 0x000000008bb00000|  0%| F|  |TAMS 0x000000008ba00000, 0x000000008ba00000| Untracked 
| 187|0x000000008bb00000, 0x000000008bb00000, 0x000000008bc00000|  0%| F|  |TAMS 0x000000008bb00000, 0x000000008bb00000| Untracked 
| 188|0x000000008bc00000, 0x000000008bc00000, 0x000000008bd00000|  0%| F|  |TAMS 0x000000008bc00000, 0x000000008bc00000| Untracked 
| 189|0x000000008bd00000, 0x000000008bd00000, 0x000000008be00000|  0%| F|  |TAMS 0x000000008bd00000, 0x000000008bd00000| Untracked 
| 190|0x000000008be00000, 0x000000008be00000, 0x000000008bf00000|  0%| F|  |TAMS 0x000000008be00000, 0x000000008be00000| Untracked 
| 191|0x000000008bf00000, 0x000000008bf00000, 0x000000008c000000|  0%| F|  |TAMS 0x000000008bf00000, 0x000000008bf00000| Untracked 
| 192|0x000000008c000000, 0x000000008c000000, 0x000000008c100000|  0%| F|  |TAMS 0x000000008c000000, 0x000000008c000000| Untracked 
| 193|0x000000008c100000, 0x000000008c100000, 0x000000008c200000|  0%| F|  |TAMS 0x000000008c100000, 0x000000008c100000| Untracked 
| 194|0x000000008c200000, 0x000000008c200000, 0x000000008c300000|  0%| F|  |TAMS 0x000000008c200000, 0x000000008c200000| Untracked 
| 195|0x000000008c300000, 0x000000008c300000, 0x000000008c400000|  0%| F|  |TAMS 0x000000008c300000, 0x000000008c300000| Untracked 
| 196|0x000000008c400000, 0x000000008c400000, 0x000000008c500000|  0%| F|  |TAMS 0x000000008c400000, 0x000000008c400000| Untracked 
| 197|0x000000008c500000, 0x000000008c500000, 0x000000008c600000|  0%| F|  |TAMS 0x000000008c500000, 0x000000008c500000| Untracked 
| 198|0x000000008c600000, 0x000000008c600000, 0x000000008c700000|  0%| F|  |TAMS 0x000000008c600000, 0x000000008c600000| Untracked 
| 199|0x000000008c700000, 0x000000008c700000, 0x000000008c800000|  0%| F|  |TAMS 0x000000008c700000, 0x000000008c700000| Untracked 
| 200|0x000000008c800000, 0x000000008c800000, 0x000000008c900000|  0%| F|  |TAMS 0x000000008c800000, 0x000000008c800000| Untracked 
| 201|0x000000008c900000, 0x000000008c900000, 0x000000008ca00000|  0%| F|  |TAMS 0x000000008c900000, 0x000000008c900000| Untracked 
| 202|0x000000008ca00000, 0x000000008ca00000, 0x000000008cb00000|  0%| F|  |TAMS 0x000000008ca00000, 0x000000008ca00000| Untracked 
| 203|0x000000008cb00000, 0x000000008cb00000, 0x000000008cc00000|  0%| F|  |TAMS 0x000000008cb00000, 0x000000008cb00000| Untracked 
| 204|0x000000008cc00000, 0x000000008cc00000, 0x000000008cd00000|  0%| F|  |TAMS 0x000000008cc00000, 0x000000008cc00000| Untracked 
| 205|0x000000008cd00000, 0x000000008cd00000, 0x000000008ce00000|  0%| F|  |TAMS 0x000000008cd00000, 0x000000008cd00000| Untracked 
| 206|0x000000008ce00000, 0x000000008ce00000, 0x000000008cf00000|  0%| F|  |TAMS 0x000000008ce00000, 0x000000008ce00000| Untracked 
| 207|0x000000008cf00000, 0x000000008cf00000, 0x000000008d000000|  0%| F|  |TAMS 0x000000008cf00000, 0x000000008cf00000| Untracked 
| 208|0x000000008d000000, 0x000000008d000000, 0x000000008d100000|  0%| F|  |TAMS 0x000000008d000000, 0x000000008d000000| Untracked 
| 209|0x000000008d100000, 0x000000008d100000, 0x000000008d200000|  0%| F|  |TAMS 0x000000008d100000, 0x000000008d100000| Untracked 
| 210|0x000000008d200000, 0x000000008d200000, 0x000000008d300000|  0%| F|  |TAMS 0x000000008d200000, 0x000000008d200000| Untracked 
| 211|0x000000008d300000, 0x000000008d300000, 0x000000008d400000|  0%| F|  |TAMS 0x000000008d300000, 0x000000008d300000| Untracked 
| 212|0x000000008d400000, 0x000000008d400000, 0x000000008d500000|  0%| F|  |TAMS 0x000000008d400000, 0x000000008d400000| Untracked 
| 213|0x000000008d500000, 0x000000008d500000, 0x000000008d600000|  0%| F|  |TAMS 0x000000008d500000, 0x000000008d500000| Untracked 
| 214|0x000000008d600000, 0x000000008d600000, 0x000000008d700000|  0%| F|  |TAMS 0x000000008d600000, 0x000000008d600000| Untracked 
| 215|0x000000008d700000, 0x000000008d700000, 0x000000008d800000|  0%| F|  |TAMS 0x000000008d700000, 0x000000008d700000| Untracked 
| 216|0x000000008d800000, 0x000000008d800000, 0x000000008d900000|  0%| F|  |TAMS 0x000000008d800000, 0x000000008d800000| Untracked 
| 217|0x000000008d900000, 0x000000008d900000, 0x000000008da00000|  0%| F|  |TAMS 0x000000008d900000, 0x000000008d900000| Untracked 
| 218|0x000000008da00000, 0x000000008da00000, 0x000000008db00000|  0%| F|  |TAMS 0x000000008da00000, 0x000000008da00000| Untracked 
| 219|0x000000008db00000, 0x000000008db00000, 0x000000008dc00000|  0%| F|  |TAMS 0x000000008db00000, 0x000000008db00000| Untracked 
| 220|0x000000008dc00000, 0x000000008dc00000, 0x000000008dd00000|  0%| F|  |TAMS 0x000000008dc00000, 0x000000008dc00000| Untracked 
| 221|0x000000008dd00000, 0x000000008dd00000, 0x000000008de00000|  0%| F|  |TAMS 0x000000008dd00000, 0x000000008dd00000| Untracked 
| 222|0x000000008de00000, 0x000000008de00000, 0x000000008df00000|  0%| F|  |TAMS 0x000000008de00000, 0x000000008de00000| Untracked 
| 223|0x000000008df00000, 0x000000008df00000, 0x000000008e000000|  0%| F|  |TAMS 0x000000008df00000, 0x000000008df00000| Untracked 
| 224|0x000000008e000000, 0x000000008e000000, 0x000000008e100000|  0%| F|  |TAMS 0x000000008e000000, 0x000000008e000000| Untracked 
| 225|0x000000008e100000, 0x000000008e100000, 0x000000008e200000|  0%| F|  |TAMS 0x000000008e100000, 0x000000008e100000| Untracked 
| 226|0x000000008e200000, 0x000000008e200000, 0x000000008e300000|  0%| F|  |TAMS 0x000000008e200000, 0x000000008e200000| Untracked 
| 227|0x000000008e300000, 0x000000008e300000, 0x000000008e400000|  0%| F|  |TAMS 0x000000008e300000, 0x000000008e300000| Untracked 
| 228|0x000000008e400000, 0x000000008e400000, 0x000000008e500000|  0%| F|  |TAMS 0x000000008e400000, 0x000000008e400000| Untracked 

Card table byte_map: [0x00000231c3ca0000,0x00000231c40a0000] _byte_map_base: 0x00000231c38a0000

Marking Bits (Prev, Next): (CMBitMap*) 0x00000231b11077f0, (CMBitMap*) 0x00000231b1107830
 Prev Bits: [0x00000231c44a0000, 0x00000231c64a0000)
 Next Bits: [0x00000231c64a0000, 0x00000231c84a0000)

Polling page: 0x00000231af060000

Metaspace:

Usage:
  Non-class:     85.69 MB used.
      Class:     13.59 MB used.
       Both:     99.28 MB used.

Virtual space:
  Non-class space:       88.00 MB reserved,      86.00 MB ( 98%) committed,  11 nodes.
      Class space:        1.00 GB reserved,      13.88 MB (  1%) committed,  1 nodes.
             Both:        1.09 GB reserved,      99.88 MB (  9%) committed. 

Chunk freelists:
   Non-Class:  2.02 MB
       Class:  2.16 MB
        Both:  4.17 MB

MaxMetaspaceSize: unlimited
CompressedClassSpaceSize: 1.00 GB
Initial GC threshold: 21.00 MB
Current GC threshold: 156.69 MB
CDS: off
MetaspaceReclaimPolicy: balanced
 - commit_granule_bytes: 65536.
 - commit_granule_words: 8192.
 - virtual_space_node_default_size: 1048576.
 - enlarge_chunks_in_place: 1.
 - new_chunks_are_fully_committed: 0.
 - uncommit_free_chunks: 1.
 - use_allocation_guard: 0.
 - handle_deallocations: 1.


Internal statistics:

num_allocs_failed_limit: 6.
num_arena_births: 896.
num_arena_deaths: 14.
num_vsnodes_births: 12.
num_vsnodes_deaths: 0.
num_space_committed: 1598.
num_space_uncommitted: 0.
num_chunks_returned_to_freelist: 24.
num_chunks_taken_from_freelist: 4598.
num_chunk_merges: 14.
num_chunk_splits: 3082.
num_chunks_enlarged: 2131.
num_purges: 2.
num_inconsistent_stats: 0.

CodeHeap 'non-profiled nmethods': size=120000Kb used=5157Kb max_used=5672Kb free=114842Kb
 bounds [0x00000231bc040000, 0x00000231bc5d0000, 0x00000231c3570000]
CodeHeap 'profiled nmethods': size=120000Kb used=18590Kb max_used=19846Kb free=101409Kb
 bounds [0x00000231b4570000, 0x00000231b5910000, 0x00000231bbaa0000]
CodeHeap 'non-nmethods': size=5760Kb used=2402Kb max_used=2438Kb free=3358Kb
 bounds [0x00000231bbaa0000, 0x00000231bbd10000, 0x00000231bc040000]
 total_blobs=10626 nmethods=9701 adapters=837
 compilation: enabled
              stopped_count=0, restarted_count=0
 full_count=0

Compilation events (20 events):
Event: 10.561 Thread 0x00000231cb83cfb0 nmethod 11356% 0x00000231b4e2de10 code [0x00000231b4e2e040, 0x00000231b4e2e978]
Event: 10.561 Thread 0x00000231cb83cfb0 11373       2       com.android.tools.r8.internal.Y9::a (4479 bytes)
Event: 10.563 Thread 0x00000231cb83c510 nmethod 11313 0x00000231bc4f2490 code [0x00000231bc4f2600, 0x00000231bc4f27d8]
Event: 10.563 Thread 0x00000231cb83c510 11375       4       com.android.tools.r8.graph.p2::a (117 bytes)
Event: 10.572 Thread 0x00000231ccb89600 nmethod 11337 0x00000231bc382b10 code [0x00000231bc382d40, 0x00000231bc3840c8]
Event: 10.572 Thread 0x00000231ccb89600 11377 %     4       com.android.tools.r8.utils.t0::e @ 225 (297 bytes)
Event: 10.580 Thread 0x00000231cb83c510 nmethod 11375 0x00000231bc1e5910 code [0x00000231bc1e5aa0, 0x00000231bc1e64b8]
Event: 10.580 Thread 0x00000231cb83c510 11312       4       com.android.tools.r8.graph.p2::<init> (21 bytes)
Event: 10.582 Thread 0x00000231cb83c510 nmethod 11312 0x00000231bc226b90 code [0x00000231bc226d20, 0x00000231bc226ea8]
Event: 10.582 Thread 0x00000231cb83c510 11387       4       com.android.tools.r8.internal.cs::hasNext (212 bytes)
Event: 10.588 Thread 0x00000231cb83cfb0 nmethod 11373 0x00000231b58eb410 code [0x00000231b58ec6c0, 0x00000231b58f8c88]
Event: 10.588 Thread 0x00000231cb83cfb0 11381       2       java.util.HashMap::computeIfAbsent (330 bytes)
Event: 10.588 Thread 0x00000231cb83c510 nmethod 11387 0x00000231bc478910 code [0x00000231bc478ac0, 0x00000231bc478f98]
Event: 10.588 Thread 0x00000231cb83c510 11330       4       com.android.tools.r8.graph.l1::c (19 bytes)
Event: 10.589 Thread 0x00000231cb83cfb0 nmethod 11381 0x00000231b4a93190 code [0x00000231b4a93440, 0x00000231b4a93f68]
Event: 10.589 Thread 0x00000231cb83cfb0 11380       2       java.util.ArrayDeque::add (7 bytes)
Event: 10.589 Thread 0x00000231cb83cfb0 nmethod 11380 0x00000231b4ca4090 code [0x00000231b4ca4220, 0x00000231b4ca4348]
Event: 10.589 Thread 0x00000231cb83cfb0 11396       2       java.util.zip.ZipFile$InflaterCleanupAction::run (12 bytes)
Event: 10.589 Thread 0x00000231cb83cfb0 nmethod 11396 0x00000231b5063690 code [0x00000231b5063820, 0x00000231b5063948]
Event: 10.590 Thread 0x00000231cb83cfb0 11392       3       com.android.tools.r8.internal.Y9::a (131 bytes)

GC Heap History (20 events):
Event: 7.914 GC heap after
{Heap after GC invocations=32 (full 0):
 garbage-first heap   total 125952K, used 61936K [0x0000000080000000, 0x0000000100000000)
  region size 1024K, 5 young (5120K), 5 survivors (5120K)
 Metaspace       used 76616K, committed 77184K, reserved 1122304K
  class space    used 10341K, committed 10624K, reserved 1048576K
}
Event: 8.311 GC heap before
{Heap before GC invocations=33 (full 0):
 garbage-first heap   total 125952K, used 97776K [0x0000000080000000, 0x0000000100000000)
  region size 1024K, 40 young (40960K), 5 survivors (5120K)
 Metaspace       used 81520K, committed 82112K, reserved 1122304K
  class space    used 11069K, committed 11328K, reserved 1048576K
}
Event: 8.316 GC heap after
{Heap after GC invocations=34 (full 0):
 garbage-first heap   total 125952K, used 64664K [0x0000000080000000, 0x0000000100000000)
  region size 1024K, 3 young (3072K), 3 survivors (3072K)
 Metaspace       used 81520K, committed 82112K, reserved 1122304K
  class space    used 11069K, committed 11328K, reserved 1048576K
}
Event: 8.338 GC heap before
{Heap before GC invocations=34 (full 0):
 garbage-first heap   total 125952K, used 67736K [0x0000000080000000, 0x0000000100000000)
  region size 1024K, 6 young (6144K), 3 survivors (3072K)
 Metaspace       used 81737K, committed 82304K, reserved 1122304K
  class space    used 11094K, committed 11328K, reserved 1048576K
}
Event: 8.341 GC heap after
{Heap after GC invocations=35 (full 0):
 garbage-first heap   total 125952K, used 64806K [0x0000000080000000, 0x0000000100000000)
  region size 1024K, 1 young (1024K), 1 survivors (1024K)
 Metaspace       used 81737K, committed 82304K, reserved 1122304K
  class space    used 11094K, committed 11328K, reserved 1048576K
}
Event: 8.565 GC heap before
{Heap before GC invocations=35 (full 0):
 garbage-first heap   total 125952K, used 99622K [0x0000000080000000, 0x0000000100000000)
  region size 1024K, 35 young (35840K), 1 survivors (1024K)
 Metaspace       used 82963K, committed 83520K, reserved 1122304K
  class space    used 11264K, committed 11520K, reserved 1048576K
}
Event: 8.569 GC heap after
{Heap after GC invocations=36 (full 0):
 garbage-first heap   total 202752K, used 68774K [0x0000000080000000, 0x0000000100000000)
  region size 1024K, 5 young (5120K), 5 survivors (5120K)
 Metaspace       used 82963K, committed 83520K, reserved 1122304K
  class space    used 11264K, committed 11520K, reserved 1048576K
}
Event: 9.196 GC heap before
{Heap before GC invocations=37 (full 0):
 garbage-first heap   total 202752K, used 150694K [0x0000000080000000, 0x0000000100000000)
  region size 1024K, 86 young (88064K), 5 survivors (5120K)
 Metaspace       used 87131K, committed 87808K, reserved 1130496K
  class space    used 11880K, committed 12224K, reserved 1048576K
}
Event: 9.205 GC heap after
{Heap after GC invocations=38 (full 0):
 garbage-first heap   total 202752K, used 78748K [0x0000000080000000, 0x0000000100000000)
  region size 1024K, 11 young (11264K), 11 survivors (11264K)
 Metaspace       used 87131K, committed 87808K, reserved 1130496K
  class space    used 11880K, committed 12224K, reserved 1048576K
}
Event: 9.213 GC heap before
{Heap before GC invocations=38 (full 0):
 garbage-first heap   total 202752K, used 79772K [0x0000000080000000, 0x0000000100000000)
  region size 1024K, 12 young (12288K), 11 survivors (11264K)
 Metaspace       used 87137K, committed 87808K, reserved 1130496K
  class space    used 11880K, committed 12224K, reserved 1048576K
}
Event: 9.220 GC heap after
{Heap after GC invocations=39 (full 0):
 garbage-first heap   total 202752K, used 80053K [0x0000000080000000, 0x0000000100000000)
  region size 1024K, 2 young (2048K), 2 survivors (2048K)
 Metaspace       used 87137K, committed 87808K, reserved 1130496K
  class space    used 11880K, committed 12224K, reserved 1048576K
}
Event: 9.717 GC heap before
{Heap before GC invocations=39 (full 0):
 garbage-first heap   total 202752K, used 146613K [0x0000000080000000, 0x0000000100000000)
  region size 1024K, 68 young (69632K), 2 survivors (2048K)
 Metaspace       used 90965K, committed 91584K, reserved 1130496K
  class space    used 12384K, committed 12672K, reserved 1048576K
}
Event: 9.721 GC heap after
{Heap after GC invocations=40 (full 0):
 garbage-first heap   total 202752K, used 83245K [0x0000000080000000, 0x0000000100000000)
  region size 1024K, 5 young (5120K), 5 survivors (5120K)
 Metaspace       used 90965K, committed 91584K, reserved 1130496K
  class space    used 12384K, committed 12672K, reserved 1048576K
}
Event: 10.131 GC heap before
{Heap before GC invocations=40 (full 0):
 garbage-first heap   total 202752K, used 152877K [0x0000000080000000, 0x0000000100000000)
  region size 1024K, 74 young (75776K), 5 survivors (5120K)
 Metaspace       used 94846K, committed 95488K, reserved 1138688K
  class space    used 12913K, committed 13184K, reserved 1048576K
}
Event: 10.137 GC heap after
{Heap after GC invocations=41 (full 0):
 garbage-first heap   total 202752K, used 90283K [0x0000000080000000, 0x0000000100000000)
  region size 1024K, 10 young (10240K), 10 survivors (10240K)
 Metaspace       used 94846K, committed 95488K, reserved 1138688K
  class space    used 12913K, committed 13184K, reserved 1048576K
}
Event: 10.403 GC heap before
{Heap before GC invocations=42 (full 0):
 garbage-first heap   total 234496K, used 156843K [0x0000000080000000, 0x0000000100000000)
  region size 1024K, 76 young (77824K), 10 survivors (10240K)
 Metaspace       used 98551K, committed 99200K, reserved 1138688K
  class space    used 13459K, committed 13760K, reserved 1048576K
}
Event: 10.411 GC heap after
{Heap after GC invocations=43 (full 0):
 garbage-first heap   total 234496K, used 100260K [0x0000000080000000, 0x0000000100000000)
  region size 1024K, 10 young (10240K), 10 survivors (10240K)
 Metaspace       used 98551K, committed 99200K, reserved 1138688K
  class space    used 13459K, committed 13760K, reserved 1048576K
}
Event: 10.414 GC heap before
{Heap before GC invocations=43 (full 0):
 garbage-first heap   total 234496K, used 101284K [0x0000000080000000, 0x0000000100000000)
  region size 1024K, 11 young (11264K), 10 survivors (10240K)
 Metaspace       used 98574K, committed 99200K, reserved 1138688K
  class space    used 13463K, committed 13760K, reserved 1048576K
}
Event: 10.417 GC heap after
{Heap after GC invocations=44 (full 0):
 garbage-first heap   total 234496K, used 100994K [0x0000000080000000, 0x0000000100000000)
  region size 1024K, 2 young (2048K), 2 survivors (2048K)
 Metaspace       used 98574K, committed 99200K, reserved 1138688K
  class space    used 13463K, committed 13760K, reserved 1048576K
}
Event: 10.590 GC heap before
{Heap before GC invocations=44 (full 0):
 garbage-first heap   total 234496K, used 180866K [0x0000000080000000, 0x0000000100000000)
  region size 1024K, 81 young (82944K), 2 survivors (2048K)
 Metaspace       used 101659K, committed 102272K, reserved 1138688K
  class space    used 13914K, committed 14208K, reserved 1048576K
}

Dll operation events (2 events):
Event: 0.018 Loaded shared library C:\Program Files\Android\Android Studio1\jbr\bin\java.dll
Event: 0.451 Loaded shared library C:\Program Files\Android\Android Studio1\jbr\bin\verify.dll

Deoptimization events (20 events):
Event: 10.532 Thread 0x00000231cd269120 DEOPT PACKING pc=0x00000231b50ddf4d sp=0x000000e677bfa030
Event: 10.532 Thread 0x00000231cd269120 DEOPT UNPACKING pc=0x00000231bbaface3 sp=0x000000e677bf94c8 mode 0
Event: 10.532 Thread 0x00000231cd269120 DEOPT PACKING pc=0x00000231b4bd56dd sp=0x000000e677bfa200
Event: 10.532 Thread 0x00000231cd269120 DEOPT UNPACKING pc=0x00000231bbaface3 sp=0x000000e677bf9698 mode 0
Event: 10.533 Thread 0x00000231ccfbd410 DEOPT PACKING pc=0x00000231b5063d7e sp=0x000000e679dfa630
Event: 10.533 Thread 0x00000231ccfbd410 DEOPT UNPACKING pc=0x00000231bbaface3 sp=0x000000e679df9ac8 mode 0
Event: 10.533 Thread 0x00000231cd269120 DEOPT PACKING pc=0x00000231b5063d7e sp=0x000000e677bf9fa0
Event: 10.534 Thread 0x00000231cd269120 DEOPT UNPACKING pc=0x00000231bbaface3 sp=0x000000e677bf9410 mode 0
Event: 10.534 Thread 0x00000231cd269120 Uncommon trap: trap_request=0xffffff45 fr.pc=0x00000231bc04cd38 relative=0x0000000000000318
Event: 10.534 Thread 0x00000231cd269120 Uncommon trap: reason=unstable_if action=reinterpret pc=0x00000231bc04cd38 method=java.lang.StringUTF16.compress([CI[BII)I @ 20 c2
Event: 10.534 Thread 0x00000231cd269120 DEOPT PACKING pc=0x00000231bc04cd38 sp=0x000000e677bf9f70
Event: 10.534 Thread 0x00000231cd269120 DEOPT UNPACKING pc=0x00000231bbafa1a3 sp=0x000000e677bf9f10 mode 2
Event: 10.534 Thread 0x00000231ccfbd410 DEOPT PACKING pc=0x00000231b4bd56dd sp=0x000000e679dfa810
Event: 10.534 Thread 0x00000231ccfbd410 DEOPT UNPACKING pc=0x00000231bbaface3 sp=0x000000e679df9ca8 mode 0
Event: 10.536 Thread 0x00000231ccfbd410 DEOPT PACKING pc=0x00000231b4bd56dd sp=0x000000e679dfa7e0
Event: 10.536 Thread 0x00000231ccfbd410 DEOPT UNPACKING pc=0x00000231bbaface3 sp=0x000000e679df9c78 mode 0
Event: 10.539 Thread 0x00000231cd269120 Uncommon trap: trap_request=0xffffff45 fr.pc=0x00000231bc09c554 relative=0x0000000000001c74
Event: 10.539 Thread 0x00000231cd269120 Uncommon trap: reason=unstable_if action=reinterpret pc=0x00000231bc09c554 method=com.android.tools.r8.utils.t0.e(Ljava/lang/String;)[Ljava/lang/String; @ 27 c2
Event: 10.539 Thread 0x00000231cd269120 DEOPT PACKING pc=0x00000231bc09c554 sp=0x000000e677bf9dd0
Event: 10.539 Thread 0x00000231cd269120 DEOPT UNPACKING pc=0x00000231bbafa1a3 sp=0x000000e677bf9db0 mode 2

Classes unloaded (7 events):
Event: 10.204 Thread 0x00000231caf0e940 Unloading class 0x0000000100bd1c00 'java/lang/invoke/LambdaForm$DMH+0x0000000100bd1c00'
Event: 10.204 Thread 0x00000231caf0e940 Unloading class 0x0000000100bd1800 'java/lang/invoke/LambdaForm$DMH+0x0000000100bd1800'
Event: 10.204 Thread 0x00000231caf0e940 Unloading class 0x0000000100bd1400 'java/lang/invoke/LambdaForm$DMH+0x0000000100bd1400'
Event: 10.204 Thread 0x00000231caf0e940 Unloading class 0x0000000100bd0800 'java/lang/invoke/LambdaForm$DMH+0x0000000100bd0800'
Event: 10.204 Thread 0x00000231caf0e940 Unloading class 0x0000000100bd1000 'java/lang/invoke/LambdaForm$DMH+0x0000000100bd1000'
Event: 10.204 Thread 0x00000231caf0e940 Unloading class 0x0000000100bd0c00 'java/lang/invoke/LambdaForm$DMH+0x0000000100bd0c00'
Event: 10.204 Thread 0x00000231caf0e940 Unloading class 0x0000000100bd0400 'java/lang/invoke/LambdaForm$DMH+0x0000000100bd0400'

Classes redefined (0 events):
No events

Internal exceptions (20 events):
Event: 10.153 Thread 0x00000231ccfbff60 Exception <a 'sun/nio/fs/WindowsException'{0x000000008bc5e638}> (0x000000008bc5e638) 
thrown [s\src\hotspot\share\prims\jni.cpp, line 517]
Event: 10.153 Thread 0x00000231d11b4c90 Exception <a 'sun/nio/fs/WindowsException'{0x000000008bc31fd8}> (0x000000008bc31fd8) 
thrown [s\src\hotspot\share\prims\jni.cpp, line 517]
Event: 10.166 Thread 0x00000231d11b6e40 Exception <a 'sun/nio/fs/WindowsException'{0x000000008a36a560}> (0x000000008a36a560) 
thrown [s\src\hotspot\share\prims\jni.cpp, line 517]
Event: 10.173 Thread 0x00000231cd269120 Exception <a 'sun/nio/fs/WindowsException'{0x0000000089c4af98}> (0x0000000089c4af98) 
thrown [s\src\hotspot\share\prims\jni.cpp, line 517]
Event: 10.182 Thread 0x00000231ccfbd410 Exception <a 'sun/nio/fs/WindowsException'{0x00000000898d4f38}> (0x00000000898d4f38) 
thrown [s\src\hotspot\share\prims\jni.cpp, line 517]
Event: 10.330 Thread 0x00000231d11b4c90 Exception <a 'java/lang/NoSuchMethodError'{0x000000008ddf1fa0}: 'java.lang.Object java.lang.invoke.DirectMethodHandle$Holder.invokeStaticInit(java.lang.Object, java.lang.Object, java.lang.Object, java.lang.Object, java.lang.Object, java.lang.Object, java.lang.Object, java.lang.Object, java.lang.Object, java.lang.Object, java.lang.Object, java.lang.Object, java.lang.Object, java.lang.Object, java.lang.Object, java.lang.Object, java.lang.Object, java.lang.Object, java.lang.Object, int, java.lang.Object, java
Event: 10.351 Thread 0x00000231cd269120 Exception <a 'java/lang/IncompatibleClassChangeError'{0x000000008db5d0d0}: Found class java.lang.Object, but interface was expected> (0x000000008db5d0d0) 
thrown [s\src\hotspot\share\interpreter\linkResolver.cpp, line 838]
Event: 10.351 Thread 0x00000231ccfbd410 Exception <a 'java/lang/IncompatibleClassChangeError'{0x000000008dc890c8}: Found class java.lang.Object, but interface was expected> (0x000000008dc890c8) 
thrown [s\src\hotspot\share\interpreter\linkResolver.cpp, line 838]
Event: 10.351 Thread 0x00000231d11b6e40 Exception <a 'java/lang/IncompatibleClassChangeError'{0x000000008db17f90}: Found class java.lang.Object, but interface was expected> (0x000000008db17f90) 
thrown [s\src\hotspot\share\interpreter\linkResolver.cpp, line 838]
Event: 10.351 Thread 0x00000231ccfbff60 Exception <a 'java/lang/IncompatibleClassChangeError'{0x000000008dc9dd58}: Found class java.lang.Object, but interface was expected> (0x000000008dc9dd58) 
thrown [s\src\hotspot\share\interpreter\linkResolver.cpp, line 838]
Event: 10.351 Thread 0x00000231d11b4c90 Exception <a 'java/lang/IncompatibleClassChangeError'{0x000000008db522b8}: Found class java.lang.Object, but interface was expected> (0x000000008db522b8) 
thrown [s\src\hotspot\share\interpreter\linkResolver.cpp, line 838]
Event: 10.351 Thread 0x00000231d3fd5f40 Exception <a 'java/lang/IncompatibleClassChangeError'{0x000000008db31998}: Found class java.lang.Object, but interface was expected> (0x000000008db31998) 
thrown [s\src\hotspot\share\interpreter\linkResolver.cpp, line 838]
Event: 10.363 Thread 0x00000231ccfbd410 Exception <a 'java/lang/NoSuchMethodError'{0x000000008da80ee8}: 'java.lang.Object java.lang.invoke.DirectMethodHandle$Holder.newInvokeSpecial(java.lang.Object, java.lang.Object, int, java.lang.Object, java.lang.Object)'> (0x000000008da80ee8) 
thrown [s\src\hotspot\share\interpreter\linkResolver.cpp, line 771]
Event: 10.363 Thread 0x00000231d11b6e40 Exception <a 'java/lang/NoSuchMethodError'{0x000000008dadcce0}: 'java.lang.Object java.lang.invoke.DirectMethodHandle$Holder.newInvokeSpecial(java.lang.Object, java.lang.Object, int, java.lang.Object, java.lang.Object)'> (0x000000008dadcce0) 
thrown [s\src\hotspot\share\interpreter\linkResolver.cpp, line 771]
Event: 10.363 Thread 0x00000231d3fd5f40 Exception <a 'java/lang/NoSuchMethodError'{0x000000008daa72d0}: 'java.lang.Object java.lang.invoke.DirectMethodHandle$Holder.newInvokeSpecial(java.lang.Object, java.lang.Object, int, java.lang.Object, java.lang.Object)'> (0x000000008daa72d0) 
thrown [s\src\hotspot\share\interpreter\linkResolver.cpp, line 771]
Event: 10.380 Thread 0x00000231d11b6e40 Exception <a 'java/lang/NoSuchMethodError'{0x000000008d807138}: 'java.lang.Object java.lang.invoke.DirectMethodHandle$Holder.newInvokeSpecial(java.lang.Object, long)'> (0x000000008d807138) 
thrown [s\src\hotspot\share\interpreter\linkResolver.cpp, line 771]
Event: 10.517 Thread 0x00000231d11b4c90 Exception <a 'java/lang/NoSuchMethodError'{0x000000008b57ca20}: 'void java.lang.invoke.DirectMethodHandle$Holder.invokeStatic(java.lang.Object, java.lang.Object, java.lang.Object, int)'> (0x000000008b57ca20) 
thrown [s\src\hotspot\share\interpreter\linkResolver.cpp, line 771]
Event: 10.517 Thread 0x00000231d3fd5f40 Exception <a 'java/lang/NoSuchMethodError'{0x000000008b196fd0}: 'void java.lang.invoke.DirectMethodHandle$Holder.invokeStatic(java.lang.Object, java.lang.Object, java.lang.Object, int)'> (0x000000008b196fd0) 
thrown [s\src\hotspot\share\interpreter\linkResolver.cpp, line 771]
Event: 10.518 Thread 0x00000231ccfbff60 Exception <a 'java/lang/IncompatibleClassChangeError'{0x000000008b2aaa68}: Found class java.lang.Object, but interface was expected> (0x000000008b2aaa68) 
thrown [s\src\hotspot\share\interpreter\linkResolver.cpp, line 838]
Event: 10.518 Thread 0x00000231d3fd5f40 Exception <a 'java/lang/IncompatibleClassChangeError'{0x000000008b1a3e38}: Found class java.lang.Object, but interface was expected> (0x000000008b1a3e38) 
thrown [s\src\hotspot\share\interpreter\linkResolver.cpp, line 838]

VM Operations (20 events):
Event: 10.239 Executing VM operation: G1Concurrent done
Event: 10.336 Executing VM operation: HandshakeAllThreads
Event: 10.337 Executing VM operation: HandshakeAllThreads done
Event: 10.355 Executing VM operation: HandshakeAllThreads
Event: 10.355 Executing VM operation: HandshakeAllThreads done
Event: 10.370 Executing VM operation: HandshakeAllThreads
Event: 10.370 Executing VM operation: HandshakeAllThreads done
Event: 10.403 Executing VM operation: G1CollectForAllocation
Event: 10.412 Executing VM operation: G1CollectForAllocation done
Event: 10.414 Executing VM operation: G1CollectForAllocation
Event: 10.417 Executing VM operation: G1CollectForAllocation done
Event: 10.526 Executing VM operation: HandshakeAllThreads
Event: 10.527 Executing VM operation: HandshakeAllThreads done
Event: 10.542 Executing VM operation: HandshakeAllThreads
Event: 10.542 Executing VM operation: HandshakeAllThreads done
Event: 10.552 Executing VM operation: HandshakeAllThreads
Event: 10.552 Executing VM operation: HandshakeAllThreads done
Event: 10.553 Executing VM operation: HandshakeAllThreads
Event: 10.554 Executing VM operation: HandshakeAllThreads done
Event: 10.590 Executing VM operation: G1CollectForAllocation

Events (20 events):
Event: 10.244 Thread 0x00000231cb84d3b0 flushing nmethod 0x00000231b564a610
Event: 10.244 Thread 0x00000231cb84d3b0 flushing nmethod 0x00000231b56c2390
Event: 10.244 Thread 0x00000231cb84d3b0 flushing nmethod 0x00000231b56dbc90
Event: 10.244 Thread 0x00000231cb84d3b0 flushing nmethod 0x00000231b56dc710
Event: 10.244 Thread 0x00000231cb84d3b0 flushing nmethod 0x00000231b56def90
Event: 10.244 Thread 0x00000231cb84d3b0 flushing nmethod 0x00000231b56df690
Event: 10.244 Thread 0x00000231cb84d3b0 flushing nmethod 0x00000231b56dfb10
Event: 10.244 Thread 0x00000231cb84d3b0 flushing nmethod 0x00000231b56dfe10
Event: 10.244 Thread 0x00000231cb84d3b0 flushing nmethod 0x00000231b56e0210
Event: 10.244 Thread 0x00000231cb84d3b0 flushing nmethod 0x00000231b56e0990
Event: 10.244 Thread 0x00000231cb84d3b0 flushing nmethod 0x00000231b56eaf90
Event: 10.244 Thread 0x00000231cb84d3b0 flushing nmethod 0x00000231b56f2890
Event: 10.244 Thread 0x00000231cb84d3b0 flushing nmethod 0x00000231b56f9a10
Event: 10.244 Thread 0x00000231cb84d3b0 flushing nmethod 0x00000231b5720a90
Event: 10.245 Thread 0x00000231cb84d3b0 flushing nmethod 0x00000231b587c290
Event: 10.245 Thread 0x00000231cb84d3b0 flushing nmethod 0x00000231b58bea10
Event: 10.272 loading class java/util/concurrent/RejectedExecutionException
Event: 10.272 loading class java/util/concurrent/RejectedExecutionException done
Event: 10.348 loading class java/lang/reflect/GenericSignatureFormatError
Event: 10.348 loading class java/lang/reflect/GenericSignatureFormatError done


Dynamic libraries:
0x00007ff6cc6a0000 - 0x00007ff6cc6aa000 	C:\Program Files\Android\Android Studio1\jbr\bin\java.exe
0x00007ffe0c570000 - 0x00007ffe0c784000 	C:\WINDOWS\SYSTEM32\ntdll.dll
0x00007ffe0aa30000 - 0x00007ffe0aaf2000 	C:\WINDOWS\System32\KERNEL32.DLL
0x00007ffe09fa0000 - 0x00007ffe0a343000 	C:\WINDOWS\System32\KERNELBASE.dll
0x00007ffe09970000 - 0x00007ffe09a81000 	C:\WINDOWS\System32\ucrtbase.dll
0x00007ffdf8720000 - 0x00007ffdf873b000 	C:\Program Files\Android\Android Studio1\jbr\bin\VCRUNTIME140.dll
0x00007ffdf57e0000 - 0x00007ffdf57f7000 	C:\Program Files\Android\Android Studio1\jbr\bin\jli.dll
0x00007ffe0a590000 - 0x00007ffe0a73b000 	C:\WINDOWS\System32\USER32.dll
0x00007ffe09e30000 - 0x00007ffe09e56000 	C:\WINDOWS\System32\win32u.dll
0x00007ffdf20d0000 - 0x00007ffdf235e000 	C:\WINDOWS\WinSxS\amd64_microsoft.windows.common-controls_6595b64144ccf1df_6.0.22621.1635_none_270f70857386168e\COMCTL32.dll
0x00007ffe0a430000 - 0x00007ffe0a459000 	C:\WINDOWS\System32\GDI32.dll
0x00007ffe0a950000 - 0x00007ffe0a9f7000 	C:\WINDOWS\System32\msvcrt.dll
0x00007ffe09d10000 - 0x00007ffe09e29000 	C:\WINDOWS\System32\gdi32full.dll
0x00007ffe09a90000 - 0x00007ffe09b2a000 	C:\WINDOWS\System32\msvcp_win.dll
0x00007ffe0b360000 - 0x00007ffe0b391000 	C:\WINDOWS\System32\IMM32.DLL
0x00007ffdf4060000 - 0x00007ffdf406c000 	C:\Program Files\Android\Android Studio1\jbr\bin\vcruntime140_1.dll
0x00007ffdc3c40000 - 0x00007ffdc3ccd000 	C:\Program Files\Android\Android Studio1\jbr\bin\msvcp140.dll
0x00007ffd73300000 - 0x00007ffd73f6d000 	C:\Program Files\Android\Android Studio1\jbr\bin\server\jvm.dll
0x00007ffe0a360000 - 0x00007ffe0a40e000 	C:\WINDOWS\System32\ADVAPI32.dll
0x00007ffe0bce0000 - 0x00007ffe0bd84000 	C:\WINDOWS\System32\sechost.dll
0x00007ffe0b670000 - 0x00007ffe0b787000 	C:\WINDOWS\System32\RPCRT4.dll
0x00007ffe04fa0000 - 0x00007ffe04fa9000 	C:\WINDOWS\SYSTEM32\WSOCK32.dll
0x00007ffe0b560000 - 0x00007ffe0b5d1000 	C:\WINDOWS\System32\WS2_32.dll
0x00007ffdfc020000 - 0x00007ffdfc02a000 	C:\WINDOWS\SYSTEM32\VERSION.dll
0x00007ffe02300000 - 0x00007ffe02334000 	C:\WINDOWS\SYSTEM32\WINMM.dll
0x00007ffe08980000 - 0x00007ffe08998000 	C:\WINDOWS\SYSTEM32\kernel.appcore.dll
0x00007ffe05050000 - 0x00007ffe0505a000 	C:\Program Files\Android\Android Studio1\jbr\bin\jimage.dll
0x00007ffdfcaa0000 - 0x00007ffdfccce000 	C:\WINDOWS\SYSTEM32\DBGHELP.DLL
0x00007ffe0b950000 - 0x00007ffe0bcd9000 	C:\WINDOWS\System32\combase.dll
0x00007ffe0bf50000 - 0x00007ffe0c027000 	C:\WINDOWS\System32\OLEAUT32.dll
0x00007ffdf0760000 - 0x00007ffdf0792000 	C:\WINDOWS\SYSTEM32\dbgcore.DLL
0x00007ffe09f20000 - 0x00007ffe09f9b000 	C:\WINDOWS\System32\bcryptPrimitives.dll
0x00007ffddb4c0000 - 0x00007ffddb4e5000 	C:\Program Files\Android\Android Studio1\jbr\bin\java.dll
0x00007ffe02720000 - 0x00007ffe02738000 	C:\Program Files\Android\Android Studio1\jbr\bin\zip.dll
0x00007ffe0ab60000 - 0x00007ffe0b35a000 	C:\WINDOWS\System32\SHELL32.dll
0x00007ffe078f0000 - 0x00007ffe081be000 	C:\WINDOWS\SYSTEM32\windows.storage.dll
0x00007ffe077b0000 - 0x00007ffe078ee000 	C:\WINDOWS\SYSTEM32\wintypes.dll
0x00007ffe0a7f0000 - 0x00007ffe0a8e1000 	C:\WINDOWS\System32\SHCORE.dll
0x00007ffe0a8f0000 - 0x00007ffe0a94e000 	C:\WINDOWS\System32\shlwapi.dll
0x00007ffe098a0000 - 0x00007ffe098c1000 	C:\WINDOWS\SYSTEM32\profapi.dll
0x00007ffdf5870000 - 0x00007ffdf5889000 	C:\Program Files\Android\Android Studio1\jbr\bin\net.dll
0x00007ffe043f0000 - 0x00007ffe04527000 	C:\WINDOWS\SYSTEM32\WINHTTP.dll
0x00007ffe08e00000 - 0x00007ffe08e69000 	C:\WINDOWS\system32\mswsock.dll
0x00007ffde9570000 - 0x00007ffde9586000 	C:\Program Files\Android\Android Studio1\jbr\bin\nio.dll
0x00007ffdf1f20000 - 0x00007ffdf1f30000 	C:\Program Files\Android\Android Studio1\jbr\bin\verify.dll
0x00007ffdc8c70000 - 0x00007ffdc8c97000 	C:\Users\21269\Downloads\jdk-20_windows-x64_bin\native\68d5fa5c4cc2d200863cafc0d521ce42e7d3e7ee720ec0a83991735586a16f82\windows-amd64\native-platform.dll
0x00007ffd91410000 - 0x00007ffd91554000 	C:\Users\21269\Downloads\jdk-20_windows-x64_bin\native\e376f236ea51e6404a007f0833ffe2c6e607c4080706a723a18a27aeea778392\windows-amd64\native-platform-file-events.dll
0x00007ffe046b0000 - 0x00007ffe046b9000 	C:\Program Files\Android\Android Studio1\jbr\bin\management.dll
0x00007ffdf5a50000 - 0x00007ffdf5a5b000 	C:\Program Files\Android\Android Studio1\jbr\bin\management_ext.dll
0x00007ffe0a350000 - 0x00007ffe0a358000 	C:\WINDOWS\System32\PSAPI.DLL
0x00007ffe090a0000 - 0x00007ffe090bb000 	C:\WINDOWS\SYSTEM32\CRYPTSP.dll
0x00007ffe088f0000 - 0x00007ffe08925000 	C:\WINDOWS\system32\rsaenh.dll
0x00007ffe08f10000 - 0x00007ffe08f38000 	C:\WINDOWS\SYSTEM32\USERENV.dll
0x00007ffe09250000 - 0x00007ffe09278000 	C:\WINDOWS\SYSTEM32\bcrypt.dll
0x00007ffe09090000 - 0x00007ffe0909c000 	C:\WINDOWS\SYSTEM32\CRYPTBASE.dll
0x00007ffe08420000 - 0x00007ffe0844d000 	C:\WINDOWS\SYSTEM32\IPHLPAPI.DLL
0x00007ffe0a420000 - 0x00007ffe0a429000 	C:\WINDOWS\System32\NSI.dll
0x00007ffe04320000 - 0x00007ffe04339000 	C:\WINDOWS\SYSTEM32\dhcpcsvc6.DLL
0x00007ffe04300000 - 0x00007ffe0431f000 	C:\WINDOWS\SYSTEM32\dhcpcsvc.DLL
0x00007ffe08490000 - 0x00007ffe08583000 	C:\WINDOWS\SYSTEM32\DNSAPI.dll
0x00007ffdf8520000 - 0x00007ffdf8528000 	C:\WINDOWS\system32\wshunix.dll

dbghelp: loaded successfully - version: 4.0.5 - missing functions: none
symbol engine: initialized successfully - sym options: 0x614 - pdb path: .;C:\Program Files\Android\Android Studio1\jbr\bin;C:\WINDOWS\SYSTEM32;C:\WINDOWS\WinSxS\amd64_microsoft.windows.common-controls_6595b64144ccf1df_6.0.22621.1635_none_270f70857386168e;C:\Program Files\Android\Android Studio1\jbr\bin\server;C:\Users\21269\Downloads\jdk-20_windows-x64_bin\native\68d5fa5c4cc2d200863cafc0d521ce42e7d3e7ee720ec0a83991735586a16f82\windows-amd64;C:\Users\21269\Downloads\jdk-20_windows-x64_bin\native\e376f236ea51e6404a007f0833ffe2c6e607c4080706a723a18a27aeea778392\windows-amd64

VM Arguments:
jvm_args: --add-opens=java.base/java.util=ALL-UNNAMED --add-opens=java.base/java.lang=ALL-UNNAMED --add-opens=java.base/java.lang.invoke=ALL-UNNAMED --add-opens=java.prefs/java.util.prefs=ALL-UNNAMED --add-opens=java.base/java.nio.charset=ALL-UNNAMED --add-opens=java.base/java.net=ALL-UNNAMED --add-opens=java.base/java.util.concurrent.atomic=ALL-UNNAMED -Xmx2048m -Dfile.encoding=UTF-8 -Duser.country=US -Duser.language=en -Duser.variant 
java_command: org.gradle.launcher.daemon.bootstrap.GradleDaemon 8.0
java_class_path (initial): C:\Users\21269\Downloads\jdk-20_windows-x64_bin\wrapper\dists\gradle-8.0-bin\ca5e32bp14vu59qr306oxotwh\gradle-8.0\lib\gradle-launcher-8.0.jar
Launcher Type: SUN_STANDARD

[Global flags]
     intx CICompilerCount                          = 4                                         {product} {ergonomic}
     uint ConcGCThreads                            = 2                                         {product} {ergonomic}
     uint G1ConcRefinementThreads                  = 8                                         {product} {ergonomic}
   size_t G1HeapRegionSize                         = 1048576                                   {product} {ergonomic}
    uintx GCDrainStackTargetSize                   = 64                                        {product} {ergonomic}
   size_t InitialHeapSize                          = 132120576                                 {product} {ergonomic}
   size_t MarkStackSize                            = 4194304                                   {product} {ergonomic}
   size_t MaxHeapSize                              = 2147483648                                {product} {command line}
   size_t MaxNewSize                               = 1287651328                                {product} {ergonomic}
   size_t MinHeapDeltaBytes                        = 1048576                                   {product} {ergonomic}
   size_t MinHeapSize                              = 8388608                                   {product} {ergonomic}
    uintx NonNMethodCodeHeapSize                   = 5839372                                {pd product} {ergonomic}
    uintx NonProfiledCodeHeapSize                  = 122909434                              {pd product} {ergonomic}
    uintx ProfiledCodeHeapSize                     = 122909434                              {pd product} {ergonomic}
    uintx ReservedCodeCacheSize                    = 251658240                              {pd product} {ergonomic}
     bool SegmentedCodeCache                       = true                                      {product} {ergonomic}
   size_t SoftMaxHeapSize                          = 2147483648                             {manageable} {ergonomic}
     bool UseCompressedClassPointers               = true                           {product lp64_product} {ergonomic}
     bool UseCompressedOops                        = true                           {product lp64_product} {ergonomic}
     bool UseG1GC                                  = true                                      {product} {ergonomic}
     bool UseLargePagesIndividualAllocation        = false                                  {pd product} {ergonomic}

Logging:
Log output configuration:
 #0: stdout all=warning uptime,level,tags
 #1: stderr all=off uptime,level,tags

Environment Variables:
JAVA_HOME=C:\Program Files\Java\jdk-1.8
PATH=C:\Program Files\Common Files\Oracle\Java\javapath;C:\Program Files (x86)\Common Files\Oracle\Java\javapath;C:\Python310\Scripts\;C:\Python310\;C:\Windows\System32\HWAudioDriverLibs;C:\Windows\system32;C:\Windows;C:\Windows\System32\Wbem;C:\Windows\System32\WindowsPowerShell\v1.0\;C:\Windows\System32\OpenSSH\;C:\Users\Administrator\AppData\Local\Microsoft\WindowsApps;C:\composer;C:\php-8.1.10;C:\ProgramData\chocolatey\bin;C:\Program Files\nodejs\;C:\WINDOWS\system32;C:\WINDOWS;C:\WINDOWS\System32\Wbem;C:\WINDOWS\System32\WindowsPowerShell\v1.0\;C:\WINDOWS\System32\OpenSSH\;C:\Program Files\Git\cmd;C:\Program Files (x86)\Windows Kits\10\Windows Performance Toolkit\;C:\Program Files\MySQL\MySQL Shell 8.0\bin\;C:\Users\21269\AppData\Local\Microsoft\WindowsApps;C:\Users\21269\AppData\Local\Programs\Microsoft VS Code\bin;C:\Users\21269;C:\php-8.1.10;C:\MinGW\bin;C:\Users\21269\AppData\Roaming\Composer\vendor\bin;C:\Users\21269\AppData\Local\ComposerSetup\bin;C:\Users\21269\AppData\Roaming\npm;C:\Program Files\JetBrains\IntelliJ IDEA Community Edition 2022.2.2\bin;;C:\Users\21269\AppData\Local\GitHubDesktop\bin;C:\Swift\bin;C:\Users\21269\flutter\bin;C:\Users\21269\AppData\Local\Android\Sdk;JAVA_HOME%\bin;C:\Program Files\Java\jdk-20;C:\Program Files\Java\jdk-20\bin;C:\Program Files\Java\jre-1.8;
USERNAME=OumNou
OS=Windows_NT
PROCESSOR_IDENTIFIER=Intel64 Family 6 Model 140 Stepping 1, GenuineIntel
TMP=C:\Users\21269\AppData\Local\Temp
TEMP=C:\Users\21269\AppData\Local\Temp



---------------  S Y S T E M  ---------------

OS:
 Windows 11 , 64 bit Build 22621 (10.0.22621.1778)
OS uptime: 4 days 6:45 hours
Hyper-V role detected

CPU: total 8 (initial active 8) (4 cores per cpu, 2 threads per core) family 6 model 140 stepping 1 microcode 0x8a, cx8, cmov, fxsr, ht, mmx, 3dnowpref, sse, sse2, sse3, ssse3, sse4.1, sse4.2, popcnt, lzcnt, tsc, tscinvbit, avx, avx2, aes, erms, clmul, bmi1, bmi2, adx, avx512f, avx512dq, avx512cd, avx512bw, avx512vl, sha, fma, vzeroupper, avx512_vpopcntdq, avx512_vpclmulqdq, avx512_vaes, avx512_vnni, clflush, clflushopt, clwb, avx512_vbmi2, avx512_vbmi, hv

Memory: 4k page, system-wide physical 7991M (371M free)
TotalPageFile size 17451M (AvailPageFile size 45M)
current process WorkingSet (physical memory assigned to process): 492M, peak: 492M
current process commit charge ("private bytes"): 528M, peak: 929M

vm_info: OpenJDK 64-Bit Server VM (17.0.6+0-b2043.56-9586694) for windows-amd64 JRE (17.0.6+0-b2043.56-9586694), built on Feb  9 2023 20:06:20 by "androidbuild" with MS VC++ 16.10 / 16.11 (VS2019)

END.
