#
# There is insufficient memory for the Java Runtime Environment to continue.
# Native memory allocation (mmap) failed to map 370147328 bytes for G1 virtual space
# Possible reasons:
#   The system is out of physical RAM or swap space
#   The process is running with CompressedOops enabled, and the Java Heap may be blocking the growth of the native heap
# Possible solutions:
#   Reduce memory load on the system
#   Increase physical memory or swap space
#   Check if swap backing store is full
#   Decrease Java heap size (-Xmx/-Xms)
#   Decrease number of Java threads
#   Decrease Java thread stack sizes (-Xss)
#   Set larger code cache with -XX:ReservedCodeCacheSize=
#   JVM is running with Unscaled Compressed Oops mode in which the Java heap is
#     placed in the first 4GB address space. The Java Heap base address is the
#     maximum limit for the native heap growth. Please use -XX:HeapBaseMinAddress
#     to set the Java Heap base and to place the Java Heap above 4GB virtual address.
# This output file may be truncated or incomplete.
#
#  Out of Memory Error (os_windows.cpp:3769), pid=6824, tid=6856
#
# JRE version: OpenJDK Runtime Environment (17.0.6) (build 17.0.6+0-b2043.56-9586694)
# Java VM: OpenJDK 64-Bit Server VM (17.0.6+0-b2043.56-9586694, mixed mode, tiered, compressed oops, compressed class ptrs, g1 gc, windows-amd64)
# No core dump will be written. Minidumps are not enabled by default on client versions of Windows
#

---------------  S U M M A R Y ------------

Command Line: --add-opens=java.base/java.util=ALL-UNNAMED --add-opens=java.base/java.lang=ALL-UNNAMED --add-opens=java.base/java.lang.invoke=ALL-UNNAMED --add-opens=java.prefs/java.util.prefs=ALL-UNNAMED --add-opens=java.base/java.nio.charset=ALL-UNNAMED --add-opens=java.base/java.net=ALL-UNNAMED --add-opens=java.base/java.util.concurrent.atomic=ALL-UNNAMED -Xmx2048m -Dfile.encoding=UTF-8 -Duser.country=US -Duser.language=en -Duser.variant org.gradle.launcher.daemon.bootstrap.GradleDaemon 8.0

Host: 11th Gen Intel(R) Core(TM) i5-1135G7 @ 2.40GHz, 8 cores, 7G,  Windows 11 , 64 bit Build 22621 (10.0.22621.1778)
Time: Fri Jul 14 19:06:12 2023 Morocco Daylight Time elapsed time: 10.809863 seconds (0d 0h 0m 10s)

---------------  T H R E A D  ---------------

Current thread (0x0000018ae01caa20):  VMThread "VM Thread" [stack: 0x0000007ab1100000,0x0000007ab1200000] [id=6856]

Stack: [0x0000007ab1100000,0x0000007ab1200000]
Native frames: (J=compiled Java code, j=interpreted, Vv=VM code, C=native code)
V  [jvm.dll+0x683b4a]
V  [jvm.dll+0x842654]
V  [jvm.dll+0x843dfe]
V  [jvm.dll+0x844463]
V  [jvm.dll+0x249b75]
V  [jvm.dll+0x680a19]
V  [jvm.dll+0x674f0a]
V  [jvm.dll+0x309acb]
V  [jvm.dll+0x310f86]
V  [jvm.dll+0x3608ee]
V  [jvm.dll+0x360b1f]
V  [jvm.dll+0x2dfbf8]
V  [jvm.dll+0x2ddec4]
V  [jvm.dll+0x2dd4cc]
V  [jvm.dll+0x321f3b]
V  [jvm.dll+0x84893b]
V  [jvm.dll+0x849674]
V  [jvm.dll+0x849b8d]
V  [jvm.dll+0x849f64]
V  [jvm.dll+0x84a030]
V  [jvm.dll+0x7f25fa]
V  [jvm.dll+0x682985]
C  [ucrtbase.dll+0x29363]
C  [KERNEL32.DLL+0x126ad]
C  [ntdll.dll+0x5a9f8]

VM_Operation (0x0000007ab7cf92a0): G1CollectForAllocation, mode: safepoint, requested by thread 0x0000018ae74dd890


---------------  P R O C E S S  ---------------

Threads class SMR info:
_java_thread_list=0x0000018ae80e05e0, length=138, elements={
0x0000018ac43d9ad0, 0x0000018ae0c13260, 0x0000018ae0c15e20, 0x0000018ae01e4b80,
0x0000018ae01e5730, 0x0000018ae0c37420, 0x0000018ae0c37ef0, 0x0000018ae0c58ef0,
0x0000018ae0c59990, 0x0000018ae0c5a790, 0x0000018ae0dee4b0, 0x0000018ae0dee980,
0x0000018ae0ea4c30, 0x0000018ae3e5a500, 0x0000018ae3e5d520, 0x0000018ae3e5a9d0,
0x0000018ae3e5d9f0, 0x0000018ae3e5cb80, 0x0000018ae3e5aea0, 0x0000018ae3e5d050,
0x0000018ae3e5c6b0, 0x0000018ae3e5b840, 0x0000018ae3e5a030, 0x0000018ae3e5b370,
0x0000018ae3e5bd10, 0x0000018ae3e5c1e0, 0x0000018ae4af1230, 0x0000018ae4af1bd0,
0x0000018ae4aef550, 0x0000018ae4af20a0, 0x0000018ae4af0890, 0x0000018ae4af1700,
0x0000018ae4aefef0, 0x0000018ae4af2570, 0x0000018ae4af2a40, 0x0000018ae4af2f10,
0x0000018ae4af03c0, 0x0000018ae4af38b0, 0x0000018ae4aec060, 0x0000018ae4aedd40,
0x0000018ae4aec530, 0x0000018ae4aeced0, 0x0000018ae4aed3a0, 0x0000018ae4aee6e0,
0x0000018ae4aed870, 0x0000018ae4aeebb0, 0x0000018ae4aee210, 0x0000018ae4aef080,
0x0000018ae4af0d60, 0x0000018ae49e30e0, 0x0000018ae49e0590, 0x0000018ae49e3f50,
0x0000018ae49e00c0, 0x0000018ae49e0a60, 0x0000018ae49dd570, 0x0000018ae49e0f30,
0x0000018ae49dd0a0, 0x0000018ae49dda40, 0x0000018ae49e3a80, 0x0000018ae49e1da0,
0x0000018ae49e18d0, 0x0000018ae49e2270, 0x0000018ae49e1400, 0x0000018ae49e48f0,
0x0000018ae49e2740, 0x0000018ae49ddf10, 0x0000018ae49e2c10, 0x0000018ae49de3e0,
0x0000018ae49e35b0, 0x0000018ae49e4420, 0x0000018ae49de8b0, 0x0000018ae49ded80,
0x0000018ae49df250, 0x0000018ae49dfbf0, 0x0000018ae49df720, 0x0000018ae74d9530,
0x0000018ae74d9a00, 0x0000018ae74dcef0, 0x0000018ae74e08b0, 0x0000018ae74dad40,
0x0000018ae74dff10, 0x0000018ae74dc550, 0x0000018ae74da870, 0x0000018ae74dc080,
0x0000018ae74db210, 0x0000018ae74debd0, 0x0000018ae74de700, 0x0000018ae74db6e0,
0x0000018ae74dbbb0, 0x0000018ae74d9060, 0x0000018ae74ddd60, 0x0000018ae74df570,
0x0000018ae74e03e0, 0x0000018ae74dca20, 0x0000018ae74dd3c0, 0x0000018ae74da3a0,
0x0000018ae74d9ed0, 0x0000018ae74dd890, 0x0000018ae74dfa40, 0x0000018ae74df0a0,
0x0000018ae74de230, 0x0000018ae74b6c60, 0x0000018ae74b8470, 0x0000018ae74b7130,
0x0000018ae74b2900, 0x0000018ae74b15c0, 0x0000018ae74b1a90, 0x0000018ae74b32a0,
0x0000018ae74b5df0, 0x0000018ae74b7ad0, 0x0000018ae74b6790, 0x0000018ae74b2dd0,
0x0000018ae74b7600, 0x0000018ae74b7fa0, 0x0000018ae74b3770, 0x0000018ae74b5450,
0x0000018ae74b2430, 0x0000018ae74b0c20, 0x0000018ae74b10f0, 0x0000018ae74b1f60,
0x0000018ae74b45e0, 0x0000018ae74b4f80, 0x0000018ae74b3c40, 0x0000018ae74b4110,
0x0000018ae74b62c0, 0x0000018ae74b5920, 0x0000018ae6bfea20, 0x0000018ae6c00700,
0x0000018ae6bffd60, 0x0000018ae6bf8eb0, 0x0000018ae6bfb060, 0x0000018ae6bfd6e0,
0x0000018ae6bf9380, 0x0000018ae6bf9850, 0x0000018ae6bfdbb0, 0x0000018ae6bf9d20,
0x0000018ae6c00230, 0x0000018ae4924da0
}

Java Threads: ( => current thread )
  0x0000018ac43d9ad0 JavaThread "main" [_thread_blocked, id=4636, stack(0x0000007ab0b00000,0x0000007ab0c00000)]
  0x0000018ae0c13260 JavaThread "Reference Handler" daemon [_thread_blocked, id=16700, stack(0x0000007ab1200000,0x0000007ab1300000)]
  0x0000018ae0c15e20 JavaThread "Finalizer" daemon [_thread_blocked, id=12356, stack(0x0000007ab1300000,0x0000007ab1400000)]
  0x0000018ae01e4b80 JavaThread "Signal Dispatcher" daemon [_thread_blocked, id=8104, stack(0x0000007ab1400000,0x0000007ab1500000)]
  0x0000018ae01e5730 JavaThread "Attach Listener" daemon [_thread_blocked, id=13252, stack(0x0000007ab1500000,0x0000007ab1600000)]
  0x0000018ae0c37420 JavaThread "Service Thread" daemon [_thread_blocked, id=12684, stack(0x0000007ab1600000,0x0000007ab1700000)]
  0x0000018ae0c37ef0 JavaThread "Monitor Deflation Thread" daemon [_thread_blocked, id=13796, stack(0x0000007ab1700000,0x0000007ab1800000)]
  0x0000018ae0c58ef0 JavaThread "C2 CompilerThread0" daemon [_thread_in_native, id=13448, stack(0x0000007ab1800000,0x0000007ab1900000)]
  0x0000018ae0c59990 JavaThread "C1 CompilerThread0" daemon [_thread_blocked, id=15136, stack(0x0000007ab1900000,0x0000007ab1a00000)]
  0x0000018ae0c5a790 JavaThread "Sweeper thread" daemon [_thread_blocked, id=14044, stack(0x0000007ab1a00000,0x0000007ab1b00000)]
  0x0000018ae0dee4b0 JavaThread "Common-Cleaner" daemon [_thread_blocked, id=14112, stack(0x0000007ab1b00000,0x0000007ab1c00000)]
  0x0000018ae0dee980 JavaThread "Notification Thread" daemon [_thread_blocked, id=16808, stack(0x0000007ab1c00000,0x0000007ab1d00000)]
  0x0000018ae0ea4c30 JavaThread "C2 CompilerThread1" daemon [_thread_blocked, id=4792, stack(0x0000007ab1e00000,0x0000007ab1f00000)]
  0x0000018ae3e5a500 JavaThread "Daemon health stats" [_thread_blocked, id=7068, stack(0x0000007ab2400000,0x0000007ab2500000)]
  0x0000018ae3e5d520 JavaThread "Incoming local TCP Connector on port 61087" [_thread_in_native, id=14644, stack(0x0000007ab2500000,0x0000007ab2600000)]
  0x0000018ae3e5a9d0 JavaThread "Daemon periodic checks" [_thread_blocked, id=12524, stack(0x0000007ab2600000,0x0000007ab2700000)]
  0x0000018ae3e5d9f0 JavaThread "Daemon" [_thread_blocked, id=12252, stack(0x0000007ab2700000,0x0000007ab2800000)]
  0x0000018ae3e5cb80 JavaThread "Handler for socket connection from /127.0.0.1:61087 to /127.0.0.1:61088" [_thread_in_native, id=7600, stack(0x0000007ab2800000,0x0000007ab2900000)]
  0x0000018ae3e5aea0 JavaThread "Cancel handler" [_thread_blocked, id=2812, stack(0x0000007ab2900000,0x0000007ab2a00000)]
  0x0000018ae3e5d050 JavaThread "Daemon worker" [_thread_blocked, id=4568, stack(0x0000007ab2a00000,0x0000007ab2b00000)]
  0x0000018ae3e5c6b0 JavaThread "Asynchronous log dispatcher for DefaultDaemonConnection: socket connection from /127.0.0.1:61087 to /127.0.0.1:61088" [_thread_blocked, id=12536, stack(0x0000007ab2b00000,0x0000007ab2c00000)]
  0x0000018ae3e5b840 JavaThread "Stdin handler" [_thread_blocked, id=4300, stack(0x0000007ab2c00000,0x0000007ab2d00000)]
  0x0000018ae3e5a030 JavaThread "Daemon client event forwarder" [_thread_blocked, id=7744, stack(0x0000007ab2d00000,0x0000007ab2e00000)]
  0x0000018ae3e5b370 JavaThread "Cache worker for journal cache (C:\Users\21269\Downloads\jdk-20_windows-x64_bin\caches\journal-1)" [_thread_blocked, id=13824, stack(0x0000007ab3200000,0x0000007ab3300000)]
  0x0000018ae3e5bd10 JavaThread "File lock request listener" [_thread_in_native, id=9796, stack(0x0000007ab3300000,0x0000007ab3400000)]
  0x0000018ae3e5c1e0 JavaThread "Cache worker for file hash cache (C:\Users\21269\Downloads\jdk-20_windows-x64_bin\caches\8.0\fileHashes)" [_thread_blocked, id=10792, stack(0x0000007ab3400000,0x0000007ab3500000)]
  0x0000018ae4af1230 JavaThread "File watcher server" daemon [_thread_blocked, id=14908, stack(0x0000007ab3500000,0x0000007ab3600000)]
  0x0000018ae4af1bd0 JavaThread "File watcher consumer" daemon [_thread_blocked, id=16716, stack(0x0000007ab3600000,0x0000007ab3700000)]
  0x0000018ae4aef550 JavaThread "Cache worker for checksums cache (C:\Users\21269\Desktop\SignApp\.gradle\8.0\checksums)" [_thread_blocked, id=11952, stack(0x0000007ab3700000,0x0000007ab3800000)]
  0x0000018ae4af20a0 JavaThread "Cache worker for cache directory md-rule (C:\Users\21269\Downloads\jdk-20_windows-x64_bin\caches\8.0\md-rule)" [_thread_blocked, id=8256, stack(0x0000007ab3800000,0x0000007ab3900000)]
  0x0000018ae4af0890 JavaThread "Cache worker for file content cache (C:\Users\21269\Downloads\jdk-20_windows-x64_bin\caches\8.0\fileContent)" [_thread_blocked, id=7072, stack(0x0000007ab3900000,0x0000007ab3a00000)]
  0x0000018ae4af1700 JavaThread "Cache worker for file hash cache (C:\Users\21269\Desktop\SignApp\.gradle\8.0\fileHashes)" [_thread_blocked, id=4552, stack(0x0000007ab3a00000,0x0000007ab3b00000)]
  0x0000018ae4aefef0 JavaThread "Cache worker for cache directory md-supplier (C:\Users\21269\Downloads\jdk-20_windows-x64_bin\caches\8.0\md-supplier)" [_thread_blocked, id=14572, stack(0x0000007ab3b00000,0x0000007ab3c00000)]
  0x0000018ae4af2570 JavaThread "Cache worker for execution history cache (C:\Users\21269\Downloads\jdk-20_windows-x64_bin\caches\8.0\executionHistory)" [_thread_blocked, id=7940, stack(0x0000007ab1f00000,0x0000007ab2000000)]
  0x0000018ae4af2a40 JavaThread "jar transforms" [_thread_blocked, id=16724, stack(0x0000007ab3c00000,0x0000007ab3d00000)]
  0x0000018ae4af2f10 JavaThread "jar transforms Thread 2" [_thread_blocked, id=15848, stack(0x0000007ab3d00000,0x0000007ab3e00000)]
  0x0000018ae4af03c0 JavaThread "jar transforms Thread 3" [_thread_blocked, id=9620, stack(0x0000007ab3f00000,0x0000007ab4000000)]
  0x0000018ae4af38b0 JavaThread "jar transforms Thread 4" [_thread_blocked, id=6664, stack(0x0000007ab4000000,0x0000007ab4100000)]
  0x0000018ae4aec060 JavaThread "Cache worker for dependencies-accessors (C:\Users\21269\Desktop\SignApp\.gradle\8.0\dependencies-accessors)" [_thread_blocked, id=9612, stack(0x0000007ab4100000,0x0000007ab4200000)]
  0x0000018ae4aedd40 JavaThread "jar transforms Thread 5" [_thread_blocked, id=2440, stack(0x0000007ab4200000,0x0000007ab4300000)]
  0x0000018ae4aec530 JavaThread "Cache worker for Build Output Cleanup Cache (C:\Users\21269\Desktop\SignApp\.gradle\buildOutputCleanup)" [_thread_blocked, id=7912, stack(0x0000007ab4300000,0x0000007ab4400000)]
  0x0000018ae4aeced0 JavaThread "Unconstrained build operations" [_thread_blocked, id=11988, stack(0x0000007ab4400000,0x0000007ab4500000)]
  0x0000018ae4aed3a0 JavaThread "Unconstrained build operations Thread 2" [_thread_blocked, id=17160, stack(0x0000007ab4500000,0x0000007ab4600000)]
  0x0000018ae4aee6e0 JavaThread "Unconstrained build operations Thread 3" [_thread_blocked, id=12580, stack(0x0000007ab4600000,0x0000007ab4700000)]
  0x0000018ae4aed870 JavaThread "Unconstrained build operations Thread 4" [_thread_blocked, id=11820, stack(0x0000007ab4700000,0x0000007ab4800000)]
  0x0000018ae4aeebb0 JavaThread "Unconstrained build operations Thread 5" [_thread_blocked, id=8708, stack(0x0000007ab4800000,0x0000007ab4900000)]
  0x0000018ae4aee210 JavaThread "Unconstrained build operations Thread 6" [_thread_blocked, id=828, stack(0x0000007ab4900000,0x0000007ab4a00000)]
  0x0000018ae4aef080 JavaThread "Unconstrained build operations Thread 7" [_thread_blocked, id=3372, stack(0x0000007ab4a00000,0x0000007ab4b00000)]
  0x0000018ae4af0d60 JavaThread "Unconstrained build operations Thread 8" [_thread_blocked, id=5168, stack(0x0000007ab4b00000,0x0000007ab4c00000)]
  0x0000018ae49e30e0 JavaThread "Unconstrained build operations Thread 9" [_thread_blocked, id=5812, stack(0x0000007ab4c00000,0x0000007ab4d00000)]
  0x0000018ae49e0590 JavaThread "Unconstrained build operations Thread 10" [_thread_blocked, id=13836, stack(0x0000007ab4d00000,0x0000007ab4e00000)]
  0x0000018ae49e3f50 JavaThread "Unconstrained build operations Thread 11" [_thread_blocked, id=1788, stack(0x0000007ab4e00000,0x0000007ab4f00000)]
  0x0000018ae49e00c0 JavaThread "Unconstrained build operations Thread 12" [_thread_blocked, id=860, stack(0x0000007ab4f00000,0x0000007ab5000000)]
  0x0000018ae49e0a60 JavaThread "Unconstrained build operations Thread 13" [_thread_blocked, id=3472, stack(0x0000007ab5000000,0x0000007ab5100000)]
  0x0000018ae49dd570 JavaThread "Unconstrained build operations Thread 14" [_thread_blocked, id=2116, stack(0x0000007ab5100000,0x0000007ab5200000)]
  0x0000018ae49e0f30 JavaThread "Unconstrained build operations Thread 15" [_thread_blocked, id=4192, stack(0x0000007ab5200000,0x0000007ab5300000)]
  0x0000018ae49dd0a0 JavaThread "Unconstrained build operations Thread 16" [_thread_blocked, id=1652, stack(0x0000007ab5300000,0x0000007ab5400000)]
  0x0000018ae49dda40 JavaThread "Unconstrained build operations Thread 17" [_thread_blocked, id=15856, stack(0x0000007ab5400000,0x0000007ab5500000)]
  0x0000018ae49e3a80 JavaThread "Unconstrained build operations Thread 18" [_thread_blocked, id=17316, stack(0x0000007ab5500000,0x0000007ab5600000)]
  0x0000018ae49e1da0 JavaThread "Unconstrained build operations Thread 19" [_thread_blocked, id=3312, stack(0x0000007ab5600000,0x0000007ab5700000)]
  0x0000018ae49e18d0 JavaThread "Unconstrained build operations Thread 20" [_thread_blocked, id=8932, stack(0x0000007ab5700000,0x0000007ab5800000)]
  0x0000018ae49e2270 JavaThread "Unconstrained build operations Thread 21" [_thread_blocked, id=13812, stack(0x0000007ab5800000,0x0000007ab5900000)]
  0x0000018ae49e1400 JavaThread "Unconstrained build operations Thread 22" [_thread_blocked, id=10908, stack(0x0000007ab5900000,0x0000007ab5a00000)]
  0x0000018ae49e48f0 JavaThread "Unconstrained build operations Thread 23" [_thread_blocked, id=6676, stack(0x0000007ab5a00000,0x0000007ab5b00000)]
  0x0000018ae49e2740 JavaThread "Unconstrained build operations Thread 24" [_thread_blocked, id=17372, stack(0x0000007ab5b00000,0x0000007ab5c00000)]
  0x0000018ae49ddf10 JavaThread "Unconstrained build operations Thread 25" [_thread_blocked, id=7388, stack(0x0000007ab5c00000,0x0000007ab5d00000)]
  0x0000018ae49e2c10 JavaThread "Unconstrained build operations Thread 26" [_thread_blocked, id=4164, stack(0x0000007ab5d00000,0x0000007ab5e00000)]
  0x0000018ae49de3e0 JavaThread "Unconstrained build operations Thread 27" [_thread_blocked, id=9096, stack(0x0000007ab5e00000,0x0000007ab5f00000)]
  0x0000018ae49e35b0 JavaThread "Unconstrained build operations Thread 28" [_thread_blocked, id=9912, stack(0x0000007ab5f00000,0x0000007ab6000000)]
  0x0000018ae49e4420 JavaThread "Unconstrained build operations Thread 29" [_thread_blocked, id=2336, stack(0x0000007ab6000000,0x0000007ab6100000)]
  0x0000018ae49de8b0 JavaThread "Unconstrained build operations Thread 30" [_thread_blocked, id=8984, stack(0x0000007ab6100000,0x0000007ab6200000)]
  0x0000018ae49ded80 JavaThread "Unconstrained build operations Thread 31" [_thread_blocked, id=12404, stack(0x0000007ab6200000,0x0000007ab6300000)]
  0x0000018ae49df250 JavaThread "Unconstrained build operations Thread 32" [_thread_blocked, id=9152, stack(0x0000007ab6300000,0x0000007ab6400000)]
  0x0000018ae49dfbf0 JavaThread "Unconstrained build operations Thread 33" [_thread_blocked, id=10940, stack(0x0000007ab6400000,0x0000007ab6500000)]
  0x0000018ae49df720 JavaThread "Unconstrained build operations Thread 34" [_thread_blocked, id=14748, stack(0x0000007ab6500000,0x0000007ab6600000)]
  0x0000018ae74d9530 JavaThread "Unconstrained build operations Thread 35" [_thread_blocked, id=4840, stack(0x0000007ab6600000,0x0000007ab6700000)]
  0x0000018ae74d9a00 JavaThread "Unconstrained build operations Thread 36" [_thread_blocked, id=5436, stack(0x0000007ab6700000,0x0000007ab6800000)]
  0x0000018ae74dcef0 JavaThread "Unconstrained build operations Thread 37" [_thread_blocked, id=16920, stack(0x0000007ab6800000,0x0000007ab6900000)]
  0x0000018ae74e08b0 JavaThread "Unconstrained build operations Thread 38" [_thread_blocked, id=2808, stack(0x0000007ab6900000,0x0000007ab6a00000)]
  0x0000018ae74dad40 JavaThread "Unconstrained build operations Thread 39" [_thread_blocked, id=15664, stack(0x0000007ab6a00000,0x0000007ab6b00000)]
  0x0000018ae74dff10 JavaThread "Unconstrained build operations Thread 40" [_thread_blocked, id=7368, stack(0x0000007ab6b00000,0x0000007ab6c00000)]
  0x0000018ae74dc550 JavaThread "Unconstrained build operations Thread 41" [_thread_blocked, id=9800, stack(0x0000007ab6c00000,0x0000007ab6d00000)]
  0x0000018ae74da870 JavaThread "Unconstrained build operations Thread 42" [_thread_blocked, id=5480, stack(0x0000007ab6d00000,0x0000007ab6e00000)]
  0x0000018ae74dc080 JavaThread "Unconstrained build operations Thread 43" [_thread_blocked, id=9660, stack(0x0000007ab6e00000,0x0000007ab6f00000)]
  0x0000018ae74db210 JavaThread "Unconstrained build operations Thread 44" [_thread_blocked, id=5948, stack(0x0000007ab6f00000,0x0000007ab7000000)]
  0x0000018ae74debd0 JavaThread "Unconstrained build operations Thread 45" [_thread_blocked, id=15168, stack(0x0000007ab7000000,0x0000007ab7100000)]
  0x0000018ae74de700 JavaThread "Unconstrained build operations Thread 46" [_thread_blocked, id=14984, stack(0x0000007ab7100000,0x0000007ab7200000)]
  0x0000018ae74db6e0 JavaThread "Unconstrained build operations Thread 47" [_thread_blocked, id=9788, stack(0x0000007ab7200000,0x0000007ab7300000)]
  0x0000018ae74dbbb0 JavaThread "Unconstrained build operations Thread 48" [_thread_blocked, id=12248, stack(0x0000007ab7300000,0x0000007ab7400000)]
  0x0000018ae74d9060 JavaThread "Unconstrained build operations Thread 49" [_thread_blocked, id=16812, stack(0x0000007ab7400000,0x0000007ab7500000)]
  0x0000018ae74ddd60 JavaThread "Unconstrained build operations Thread 50" [_thread_blocked, id=12668, stack(0x0000007ab7500000,0x0000007ab7600000)]
  0x0000018ae74df570 JavaThread "Unconstrained build operations Thread 51" [_thread_blocked, id=12608, stack(0x0000007ab7600000,0x0000007ab7700000)]
  0x0000018ae74e03e0 JavaThread "Unconstrained build operations Thread 52" [_thread_blocked, id=7052, stack(0x0000007ab7700000,0x0000007ab7800000)]
  0x0000018ae74dca20 JavaThread "Unconstrained build operations Thread 53" [_thread_blocked, id=14968, stack(0x0000007ab7800000,0x0000007ab7900000)]
  0x0000018ae74dd3c0 JavaThread "Unconstrained build operations Thread 54" [_thread_blocked, id=2960, stack(0x0000007ab7900000,0x0000007ab7a00000)]
  0x0000018ae74da3a0 JavaThread "Unconstrained build operations Thread 55" [_thread_blocked, id=2192, stack(0x0000007ab7a00000,0x0000007ab7b00000)]
  0x0000018ae74d9ed0 JavaThread "Unconstrained build operations Thread 56" [_thread_blocked, id=6120, stack(0x0000007ab7b00000,0x0000007ab7c00000)]
  0x0000018ae74dd890 JavaThread "Unconstrained build operations Thread 57" [_thread_blocked, id=10600, stack(0x0000007ab7c00000,0x0000007ab7d00000)]
  0x0000018ae74dfa40 JavaThread "Unconstrained build operations Thread 58" [_thread_blocked, id=5940, stack(0x0000007ab7d00000,0x0000007ab7e00000)]
  0x0000018ae74df0a0 JavaThread "Unconstrained build operations Thread 59" [_thread_blocked, id=16124, stack(0x0000007ab7e00000,0x0000007ab7f00000)]
  0x0000018ae74de230 JavaThread "Unconstrained build operations Thread 60" [_thread_blocked, id=15648, stack(0x0000007ab7f00000,0x0000007ab8000000)]
  0x0000018ae74b6c60 JavaThread "Unconstrained build operations Thread 61" [_thread_blocked, id=10848, stack(0x0000007ab8000000,0x0000007ab8100000)]
  0x0000018ae74b8470 JavaThread "Unconstrained build operations Thread 62" [_thread_blocked, id=9652, stack(0x0000007ab8100000,0x0000007ab8200000)]
  0x0000018ae74b7130 JavaThread "Unconstrained build operations Thread 63" [_thread_blocked, id=16656, stack(0x0000007ab8200000,0x0000007ab8300000)]
  0x0000018ae74b2900 JavaThread "Unconstrained build operations Thread 64" [_thread_blocked, id=12592, stack(0x0000007ab8300000,0x0000007ab8400000)]
  0x0000018ae74b15c0 JavaThread "Unconstrained build operations Thread 65" [_thread_blocked, id=1244, stack(0x0000007ab8400000,0x0000007ab8500000)]
  0x0000018ae74b1a90 JavaThread "Unconstrained build operations Thread 66" [_thread_blocked, id=3344, stack(0x0000007ab8500000,0x0000007ab8600000)]
  0x0000018ae74b32a0 JavaThread "Unconstrained build operations Thread 67" [_thread_blocked, id=7476, stack(0x0000007ab8600000,0x0000007ab8700000)]
  0x0000018ae74b5df0 JavaThread "Unconstrained build operations Thread 68" [_thread_blocked, id=3920, stack(0x0000007ab8700000,0x0000007ab8800000)]
  0x0000018ae74b7ad0 JavaThread "Unconstrained build operations Thread 69" [_thread_blocked, id=11224, stack(0x0000007ab8800000,0x0000007ab8900000)]
  0x0000018ae74b6790 JavaThread "Unconstrained build operations Thread 70" [_thread_blocked, id=16672, stack(0x0000007ab8900000,0x0000007ab8a00000)]
  0x0000018ae74b2dd0 JavaThread "Unconstrained build operations Thread 71" [_thread_blocked, id=2640, stack(0x0000007ab8a00000,0x0000007ab8b00000)]
  0x0000018ae74b7600 JavaThread "Unconstrained build operations Thread 72" [_thread_blocked, id=16076, stack(0x0000007ab8b00000,0x0000007ab8c00000)]
  0x0000018ae74b7fa0 JavaThread "Unconstrained build operations Thread 73" [_thread_blocked, id=11428, stack(0x0000007ab8c00000,0x0000007ab8d00000)]
  0x0000018ae74b3770 JavaThread "Unconstrained build operations Thread 74" [_thread_blocked, id=8756, stack(0x0000007ab8d00000,0x0000007ab8e00000)]
  0x0000018ae74b5450 JavaThread "Unconstrained build operations Thread 75" [_thread_blocked, id=14224, stack(0x0000007ab8e00000,0x0000007ab8f00000)]
  0x0000018ae74b2430 JavaThread "Unconstrained build operations Thread 76" [_thread_blocked, id=8980, stack(0x0000007ab8f00000,0x0000007ab9000000)]
  0x0000018ae74b0c20 JavaThread "Unconstrained build operations Thread 77" [_thread_blocked, id=9752, stack(0x0000007ab9000000,0x0000007ab9100000)]
  0x0000018ae74b10f0 JavaThread "Unconstrained build operations Thread 78" [_thread_blocked, id=8228, stack(0x0000007ab9100000,0x0000007ab9200000)]
  0x0000018ae74b1f60 JavaThread "Unconstrained build operations Thread 79" [_thread_blocked, id=14364, stack(0x0000007ab9200000,0x0000007ab9300000)]
  0x0000018ae74b45e0 JavaThread "Unconstrained build operations Thread 80" [_thread_blocked, id=8772, stack(0x0000007ab9300000,0x0000007ab9400000)]
  0x0000018ae74b4f80 JavaThread "jar transforms Thread 6" [_thread_blocked, id=10896, stack(0x0000007ab9400000,0x0000007ab9500000)]
  0x0000018ae74b3c40 JavaThread "jar transforms Thread 7" [_thread_blocked, id=15312, stack(0x0000007ab9500000,0x0000007ab9600000)]
  0x0000018ae74b4110 JavaThread "jar transforms Thread 8" [_thread_blocked, id=4084, stack(0x0000007ab9600000,0x0000007ab9700000)]
  0x0000018ae74b62c0 JavaThread "build event listener" [_thread_blocked, id=11560, stack(0x0000007ab9700000,0x0000007ab9800000)]
  0x0000018ae74b5920 JavaThread "Memory manager" [_thread_blocked, id=15776, stack(0x0000007ab9800000,0x0000007ab9900000)]
  0x0000018ae6bfea20 JavaThread "pool-3-thread-1" [_thread_blocked, id=9472, stack(0x0000007ab9a00000,0x0000007ab9b00000)]
  0x0000018ae6c00700 JavaThread "build event listener" [_thread_blocked, id=10016, stack(0x0000007ab9b00000,0x0000007ab9c00000)]
  0x0000018ae6bffd60 JavaThread "included builds" [_thread_blocked, id=7256, stack(0x0000007ab9c00000,0x0000007ab9d00000)]
  0x0000018ae6bf8eb0 JavaThread "Execution worker" [_thread_blocked, id=4368, stack(0x0000007ab9d00000,0x0000007ab9e00000)]
  0x0000018ae6bfb060 JavaThread "Execution worker Thread 2" [_thread_blocked, id=16252, stack(0x0000007ab9e00000,0x0000007ab9f00000)]
  0x0000018ae6bfd6e0 JavaThread "Execution worker Thread 3" [_thread_blocked, id=13916, stack(0x0000007ab9f00000,0x0000007aba000000)]
  0x0000018ae6bf9380 JavaThread "Execution worker Thread 4" [_thread_blocked, id=16156, stack(0x0000007aba000000,0x0000007aba100000)]
  0x0000018ae6bf9850 JavaThread "Execution worker Thread 5" [_thread_blocked, id=540, stack(0x0000007aba100000,0x0000007aba200000)]
  0x0000018ae6bfdbb0 JavaThread "Execution worker Thread 6" [_thread_blocked, id=11968, stack(0x0000007aba200000,0x0000007aba300000)]
  0x0000018ae6bf9d20 JavaThread "Execution worker Thread 7" [_thread_blocked, id=15936, stack(0x0000007aba300000,0x0000007aba400000)]
  0x0000018ae6c00230 JavaThread "Cache worker for execution history cache (C:\Users\21269\Desktop\SignApp\.gradle\8.0\executionHistory)" [_thread_blocked, id=13820, stack(0x0000007aba400000,0x0000007aba500000)]
  0x0000018ae4924da0 JavaThread "WorkerExecutor Queue" [_thread_blocked, id=13360, stack(0x0000007aba600000,0x0000007aba700000)]

Other Threads:
=>0x0000018ae01caa20 VMThread "VM Thread" [stack: 0x0000007ab1100000,0x0000007ab1200000] [id=6856]
  0x0000018ae0deee50 WatcherThread [stack: 0x0000007ab1d00000,0x0000007ab1e00000] [id=16100]
  0x0000018ac4434cf0 GCTaskThread "GC Thread#0" [stack: 0x0000007ab0c00000,0x0000007ab0d00000] [id=8480]
  0x0000018ae19997b0 GCTaskThread "GC Thread#1" [stack: 0x0000007ab2000000,0x0000007ab2100000] [id=16012]
  0x0000018ae190cd20 GCTaskThread "GC Thread#2" [stack: 0x0000007ab2100000,0x0000007ab2200000] [id=14408]
  0x0000018ae17fecf0 GCTaskThread "GC Thread#3" [stack: 0x0000007ab2200000,0x0000007ab2300000] [id=17380]
  0x0000018ae1010760 GCTaskThread "GC Thread#4" [stack: 0x0000007ab2300000,0x0000007ab2400000] [id=13788]
  0x0000018ae418b990 GCTaskThread "GC Thread#5" [stack: 0x0000007ab2e00000,0x0000007ab2f00000] [id=12128]
  0x0000018ae4705430 GCTaskThread "GC Thread#6" [stack: 0x0000007ab2f00000,0x0000007ab3000000] [id=13236]
  0x0000018ae312b030 GCTaskThread "GC Thread#7" [stack: 0x0000007ab3000000,0x0000007ab3100000] [id=8944]
  0x0000018ac4445c30 ConcurrentGCThread "G1 Main Marker" [stack: 0x0000007ab0d00000,0x0000007ab0e00000] [id=13632]
  0x0000018ac4446640 ConcurrentGCThread "G1 Conc#0" [stack: 0x0000007ab0e00000,0x0000007ab0f00000] [id=16052]
  0x0000018ae212ec20 ConcurrentGCThread "G1 Conc#1" [stack: 0x0000007ab3100000,0x0000007ab3200000] [id=4932]
  0x0000018ac449de30 ConcurrentGCThread "G1 Refine#0" [stack: 0x0000007ab0f00000,0x0000007ab1000000] [id=17172]
  0x0000018ae35c8c50 ConcurrentGCThread "G1 Refine#1" [stack: 0x0000007ab3e00000,0x0000007ab3f00000] [id=9272]
  0x0000018ae6f59350 ConcurrentGCThread "G1 Refine#2" [stack: 0x0000007ab9900000,0x0000007ab9a00000] [id=13556]
  0x0000018ae7f383f0 ConcurrentGCThread "G1 Refine#3" [stack: 0x0000007aba500000,0x0000007aba600000] [id=3376]
  0x0000018ac449e9b0 ConcurrentGCThread "G1 Service" [stack: 0x0000007ab1000000,0x0000007ab1100000] [id=10904]

Threads with active compile tasks:
C2 CompilerThread0    10827 11569       4       com.android.tools.r8.graph.W3::c (280 bytes)
C1 CompilerThread0    10827 11760 %     3       com.android.tools.r8.internal.Y9::a @ 1762 (4479 bytes)
C2 CompilerThread1    10827 11758       4       com.android.tools.r8.graph.e2::h (62 bytes)

VM state: at safepoint (normal execution)

VM Mutex/Monitor currently owned by a thread:  ([mutex/lock_event])
[0x0000018ac43d45b0] Threads_lock - owner thread: 0x0000018ae01caa20
[0x0000018ac43d5840] Heap_lock - owner thread: 0x0000018ae74dd890

Heap address: 0x0000000080000000, size: 2048 MB, Compressed Oops mode: 32-bit

CDS archive(s) not mapped
Compressed class space mapped at: 0x0000000100000000-0x0000000140000000, reserved size: 1073741824
Narrow klass base: 0x0000000000000000, Narrow klass shift: 3, Narrow klass range: 0x140000000

GC Precious Log:
 CPUs: 8 total, 8 available
 Memory: 7991M
 Large Page Support: Disabled
 NUMA Support: Disabled
 Compressed Oops: Enabled (32-bit)
 Heap Region Size: 1M
 Heap Min Capacity: 8M
 Heap Initial Capacity: 126M
 Heap Max Capacity: 2G
 Pre-touch: Disabled
 Parallel Workers: 8
 Concurrent Workers: 2
 Concurrent Refinement Workers: 8
 Periodic GC: Disabled

Heap:
 garbage-first heap   total 212992K, used 134144K [0x0000000080000000, 0x0000000100000000)
  region size 1024K, 7 young (7168K), 7 survivors (7168K)
 Metaspace       used 104284K, committed 104896K, reserved 1146880K
  class space    used 14367K, committed 14656K, reserved 1048576K

Heap Regions: E=young(eden), S=young(survivor), O=old, HS=humongous(starts), HC=humongous(continues), CS=collection set, F=free, OA=open archive, CA=closed archive, TAMS=top-at-mark-start (previous, next)
|   0|0x0000000080000000, 0x0000000080100000, 0x0000000080100000|100%|HS|  |TAMS 0x0000000080100000, 0x0000000080000000| Complete 
|   1|0x0000000080100000, 0x0000000080200000, 0x0000000080200000|100%|HC|  |TAMS 0x0000000080200000, 0x0000000080100000| Complete 
|   2|0x0000000080200000, 0x0000000080300000, 0x0000000080300000|100%|HC|  |TAMS 0x0000000080300000, 0x0000000080200000| Complete 
|   3|0x0000000080300000, 0x0000000080400000, 0x0000000080400000|100%|HC|  |TAMS 0x0000000080400000, 0x0000000080300000| Complete 
|   4|0x0000000080400000, 0x0000000080500000, 0x0000000080500000|100%| O|  |TAMS 0x0000000080500000, 0x0000000080400000| Untracked 
|   5|0x0000000080500000, 0x0000000080600000, 0x0000000080600000|100%| O|  |TAMS 0x0000000080600000, 0x0000000080500000| Untracked 
|   6|0x0000000080600000, 0x0000000080700000, 0x0000000080700000|100%| O|  |TAMS 0x0000000080700000, 0x0000000080600000| Untracked 
|   7|0x0000000080700000, 0x0000000080800000, 0x0000000080800000|100%| O|  |TAMS 0x0000000080800000, 0x0000000080700000| Untracked 
|   8|0x0000000080800000, 0x0000000080900000, 0x0000000080900000|100%| O|  |TAMS 0x0000000080900000, 0x0000000080800000| Untracked 
|   9|0x0000000080900000, 0x0000000080a00000, 0x0000000080a00000|100%| O|  |TAMS 0x0000000080a00000, 0x0000000080900000| Untracked 
|  10|0x0000000080a00000, 0x0000000080b00000, 0x0000000080b00000|100%| O|  |TAMS 0x0000000080b00000, 0x0000000080a00000| Untracked 
|  11|0x0000000080b00000, 0x0000000080c00000, 0x0000000080c00000|100%| O|  |TAMS 0x0000000080c00000, 0x0000000080b00000| Untracked 
|  12|0x0000000080c00000, 0x0000000080d00000, 0x0000000080d00000|100%| O|  |TAMS 0x0000000080d00000, 0x0000000080c00000| Untracked 
|  13|0x0000000080d00000, 0x0000000080e00000, 0x0000000080e00000|100%| O|  |TAMS 0x0000000080e00000, 0x0000000080d00000| Untracked 
|  14|0x0000000080e00000, 0x0000000080f00000, 0x0000000080f00000|100%| O|  |TAMS 0x0000000080f00000, 0x0000000080e00000| Untracked 
|  15|0x0000000080f00000, 0x0000000081000000, 0x0000000081000000|100%| O|  |TAMS 0x0000000081000000, 0x0000000080f00000| Untracked 
|  16|0x0000000081000000, 0x0000000081100000, 0x0000000081100000|100%| O|  |TAMS 0x0000000081100000, 0x0000000081000000| Untracked 
|  17|0x0000000081100000, 0x0000000081200000, 0x0000000081200000|100%| O|  |TAMS 0x0000000081200000, 0x0000000081100000| Untracked 
|  18|0x0000000081200000, 0x0000000081300000, 0x0000000081300000|100%| O|  |TAMS 0x0000000081300000, 0x0000000081200000| Untracked 
|  19|0x0000000081300000, 0x0000000081400000, 0x0000000081400000|100%| O|  |TAMS 0x0000000081400000, 0x0000000081300000| Untracked 
|  20|0x0000000081400000, 0x0000000081500000, 0x0000000081500000|100%| O|  |TAMS 0x0000000081500000, 0x0000000081400000| Untracked 
|  21|0x0000000081500000, 0x0000000081600000, 0x0000000081600000|100%| O|  |TAMS 0x0000000081600000, 0x0000000081500000| Untracked 
|  22|0x0000000081600000, 0x0000000081700000, 0x0000000081700000|100%| O|  |TAMS 0x0000000081700000, 0x0000000081600000| Untracked 
|  23|0x0000000081700000, 0x0000000081800000, 0x0000000081800000|100%| O|  |TAMS 0x0000000081800000, 0x0000000081700000| Untracked 
|  24|0x0000000081800000, 0x0000000081900000, 0x0000000081900000|100%| O|  |TAMS 0x0000000081900000, 0x0000000081800000| Untracked 
|  25|0x0000000081900000, 0x0000000081a00000, 0x0000000081a00000|100%| O|  |TAMS 0x0000000081a00000, 0x0000000081900000| Untracked 
|  26|0x0000000081a00000, 0x0000000081b00000, 0x0000000081b00000|100%| O|  |TAMS 0x0000000081b00000, 0x0000000081a00000| Untracked 
|  27|0x0000000081b00000, 0x0000000081c00000, 0x0000000081c00000|100%| O|  |TAMS 0x0000000081c00000, 0x0000000081b00000| Untracked 
|  28|0x0000000081c00000, 0x0000000081d00000, 0x0000000081d00000|100%| O|  |TAMS 0x0000000081d00000, 0x0000000081c00000| Untracked 
|  29|0x0000000081d00000, 0x0000000081e00000, 0x0000000081e00000|100%| O|  |TAMS 0x0000000081e00000, 0x0000000081d00000| Untracked 
|  30|0x0000000081e00000, 0x0000000081f00000, 0x0000000081f00000|100%| O|  |TAMS 0x0000000081f00000, 0x0000000081e00000| Untracked 
|  31|0x0000000081f00000, 0x0000000082000000, 0x0000000082000000|100%| O|  |TAMS 0x0000000082000000, 0x0000000081f00000| Untracked 
|  32|0x0000000082000000, 0x0000000082100000, 0x0000000082100000|100%| O|  |TAMS 0x0000000082100000, 0x0000000082000000| Untracked 
|  33|0x0000000082100000, 0x0000000082200000, 0x0000000082200000|100%| O|  |TAMS 0x0000000082200000, 0x0000000082100000| Untracked 
|  34|0x0000000082200000, 0x0000000082300000, 0x0000000082300000|100%|HS|  |TAMS 0x0000000082300000, 0x0000000082200000| Complete 
|  35|0x0000000082300000, 0x0000000082400000, 0x0000000082400000|100%|HS|  |TAMS 0x0000000082400000, 0x0000000082300000| Complete 
|  36|0x0000000082400000, 0x0000000082500000, 0x0000000082500000|100%| O|  |TAMS 0x0000000082500000, 0x0000000082400000| Untracked 
|  37|0x0000000082500000, 0x0000000082600000, 0x0000000082600000|100%| O|  |TAMS 0x0000000082600000, 0x0000000082500000| Untracked 
|  38|0x0000000082600000, 0x0000000082700000, 0x0000000082700000|100%| O|  |TAMS 0x0000000082700000, 0x0000000082600000| Untracked 
|  39|0x0000000082700000, 0x0000000082800000, 0x0000000082800000|100%| O|  |TAMS 0x0000000082800000, 0x0000000082700000| Untracked 
|  40|0x0000000082800000, 0x0000000082900000, 0x0000000082900000|100%| O|  |TAMS 0x0000000082900000, 0x0000000082800000| Untracked 
|  41|0x0000000082900000, 0x0000000082a00000, 0x0000000082a00000|100%| O|  |TAMS 0x0000000082a00000, 0x0000000082900000| Untracked 
|  42|0x0000000082a00000, 0x0000000082b00000, 0x0000000082b00000|100%| O|  |TAMS 0x0000000082b00000, 0x0000000082a00000| Untracked 
|  43|0x0000000082b00000, 0x0000000082c00000, 0x0000000082c00000|100%| O|  |TAMS 0x0000000082c00000, 0x0000000082b00000| Untracked 
|  44|0x0000000082c00000, 0x0000000082d00000, 0x0000000082d00000|100%| O|  |TAMS 0x0000000082d00000, 0x0000000082c00000| Untracked 
|  45|0x0000000082d00000, 0x0000000082e00000, 0x0000000082e00000|100%| O|  |TAMS 0x0000000082e00000, 0x0000000082d00000| Untracked 
|  46|0x0000000082e00000, 0x0000000082f00000, 0x0000000082f00000|100%| O|  |TAMS 0x0000000082f00000, 0x0000000082e00000| Untracked 
|  47|0x0000000082f00000, 0x0000000083000000, 0x0000000083000000|100%| O|  |TAMS 0x0000000083000000, 0x0000000082f00000| Untracked 
|  48|0x0000000083000000, 0x0000000083100000, 0x0000000083100000|100%| O|  |TAMS 0x0000000083100000, 0x0000000083000000| Untracked 
|  49|0x0000000083100000, 0x0000000083200000, 0x0000000083200000|100%| O|  |TAMS 0x0000000083200000, 0x0000000083100000| Untracked 
|  50|0x0000000083200000, 0x0000000083300000, 0x0000000083300000|100%| O|  |TAMS 0x0000000083300000, 0x0000000083200000| Untracked 
|  51|0x0000000083300000, 0x0000000083400000, 0x0000000083400000|100%| O|  |TAMS 0x0000000083400000, 0x0000000083300000| Untracked 
|  52|0x0000000083400000, 0x0000000083500000, 0x0000000083500000|100%| O|  |TAMS 0x0000000083500000, 0x0000000083400000| Untracked 
|  53|0x0000000083500000, 0x0000000083600000, 0x0000000083600000|100%| O|  |TAMS 0x0000000083600000, 0x0000000083500000| Untracked 
|  54|0x0000000083600000, 0x0000000083700000, 0x0000000083700000|100%| O|  |TAMS 0x0000000083700000, 0x0000000083600000| Untracked 
|  55|0x0000000083700000, 0x0000000083800000, 0x0000000083800000|100%| O|  |TAMS 0x0000000083800000, 0x0000000083700000| Untracked 
|  56|0x0000000083800000, 0x0000000083900000, 0x0000000083900000|100%| O|  |TAMS 0x0000000083900000, 0x0000000083800000| Untracked 
|  57|0x0000000083900000, 0x0000000083a00000, 0x0000000083a00000|100%| O|  |TAMS 0x0000000083a00000, 0x0000000083900000| Untracked 
|  58|0x0000000083a00000, 0x0000000083b00000, 0x0000000083b00000|100%| O|  |TAMS 0x0000000083b00000, 0x0000000083a00000| Untracked 
|  59|0x0000000083b00000, 0x0000000083c00000, 0x0000000083c00000|100%| O|  |TAMS 0x0000000083c00000, 0x0000000083b00000| Untracked 
|  60|0x0000000083c00000, 0x0000000083d00000, 0x0000000083d00000|100%| O|  |TAMS 0x0000000083d00000, 0x0000000083c00000| Untracked 
|  61|0x0000000083d00000, 0x0000000083e00000, 0x0000000083e00000|100%| O|  |TAMS 0x0000000083e00000, 0x0000000083d00000| Untracked 
|  62|0x0000000083e00000, 0x0000000083f00000, 0x0000000083f00000|100%| O|  |TAMS 0x0000000083f00000, 0x0000000083e00000| Untracked 
|  63|0x0000000083f00000, 0x0000000084000000, 0x0000000084000000|100%| O|  |TAMS 0x0000000084000000, 0x0000000083f00000| Untracked 
|  64|0x0000000084000000, 0x0000000084100000, 0x0000000084100000|100%| O|  |TAMS 0x0000000084100000, 0x0000000084000000| Untracked 
|  65|0x0000000084100000, 0x0000000084200000, 0x0000000084200000|100%| O|  |TAMS 0x0000000084200000, 0x0000000084100000| Untracked 
|  66|0x0000000084200000, 0x0000000084300000, 0x0000000084300000|100%| O|  |TAMS 0x0000000084300000, 0x0000000084200000| Untracked 
|  67|0x0000000084300000, 0x0000000084400000, 0x0000000084400000|100%| O|  |TAMS 0x0000000084400000, 0x0000000084300000| Untracked 
|  68|0x0000000084400000, 0x0000000084500000, 0x0000000084500000|100%| O|  |TAMS 0x0000000084500000, 0x0000000084400000| Untracked 
|  69|0x0000000084500000, 0x0000000084600000, 0x0000000084600000|100%| O|  |TAMS 0x0000000084600000, 0x0000000084500000| Untracked 
|  70|0x0000000084600000, 0x0000000084700000, 0x0000000084700000|100%| O|  |TAMS 0x0000000084700000, 0x0000000084600000| Untracked 
|  71|0x0000000084700000, 0x0000000084800000, 0x0000000084800000|100%| O|  |TAMS 0x0000000084800000, 0x0000000084700000| Untracked 
|  72|0x0000000084800000, 0x0000000084900000, 0x0000000084900000|100%| O|  |TAMS 0x0000000084900000, 0x0000000084800000| Untracked 
|  73|0x0000000084900000, 0x0000000084a00000, 0x0000000084a00000|100%| O|  |TAMS 0x0000000084a00000, 0x0000000084900000| Untracked 
|  74|0x0000000084a00000, 0x0000000084b00000, 0x0000000084b00000|100%| O|  |TAMS 0x0000000084b00000, 0x0000000084a00000| Untracked 
|  75|0x0000000084b00000, 0x0000000084c00000, 0x0000000084c00000|100%| O|  |TAMS 0x0000000084c00000, 0x0000000084b00000| Untracked 
|  76|0x0000000084c00000, 0x0000000084d00000, 0x0000000084d00000|100%| O|  |TAMS 0x0000000084c00000, 0x0000000084c00000| Untracked 
|  77|0x0000000084d00000, 0x0000000084e00000, 0x0000000084e00000|100%| O|  |TAMS 0x0000000084d26e00, 0x0000000084d00000| Untracked 
|  78|0x0000000084e00000, 0x0000000084f00000, 0x0000000084f00000|100%| O|  |TAMS 0x0000000084e00000, 0x0000000084e00000| Untracked 
|  79|0x0000000084f00000, 0x0000000085000000, 0x0000000085000000|100%| O|  |TAMS 0x0000000084f00000, 0x0000000084f00000| Untracked 
|  80|0x0000000085000000, 0x0000000085100000, 0x0000000085100000|100%| O|  |TAMS 0x0000000085000000, 0x0000000085000000| Untracked 
|  81|0x0000000085100000, 0x0000000085200000, 0x0000000085200000|100%| O|  |TAMS 0x0000000085100000, 0x0000000085100000| Untracked 
|  82|0x0000000085200000, 0x0000000085300000, 0x0000000085300000|100%| O|  |TAMS 0x0000000085200000, 0x0000000085200000| Untracked 
|  83|0x0000000085300000, 0x0000000085400000, 0x0000000085400000|100%| O|  |TAMS 0x0000000085300000, 0x0000000085300000| Untracked 
|  84|0x0000000085400000, 0x0000000085500000, 0x0000000085500000|100%| O|  |TAMS 0x0000000085400000, 0x0000000085400000| Untracked 
|  85|0x0000000085500000, 0x0000000085600000, 0x0000000085600000|100%| O|  |TAMS 0x0000000085500000, 0x0000000085500000| Untracked 
|  86|0x0000000085600000, 0x0000000085700000, 0x0000000085700000|100%| O|  |TAMS 0x0000000085600000, 0x0000000085600000| Untracked 
|  87|0x0000000085700000, 0x0000000085800000, 0x0000000085800000|100%| O|  |TAMS 0x0000000085700000, 0x0000000085700000| Untracked 
|  88|0x0000000085800000, 0x0000000085900000, 0x0000000085900000|100%| O|  |TAMS 0x0000000085800000, 0x0000000085800000| Untracked 
|  89|0x0000000085900000, 0x0000000085a00000, 0x0000000085a00000|100%| O|  |TAMS 0x0000000085900000, 0x0000000085900000| Untracked 
|  90|0x0000000085a00000, 0x0000000085b00000, 0x0000000085b00000|100%| O|  |TAMS 0x0000000085a00000, 0x0000000085a00000| Untracked 
|  91|0x0000000085b00000, 0x0000000085c00000, 0x0000000085c00000|100%| O|  |TAMS 0x0000000085b00000, 0x0000000085b00000| Untracked 
|  92|0x0000000085c00000, 0x0000000085d00000, 0x0000000085d00000|100%| O|  |TAMS 0x0000000085c00000, 0x0000000085c00000| Untracked 
|  93|0x0000000085d00000, 0x0000000085e00000, 0x0000000085e00000|100%| O|  |TAMS 0x0000000085d00000, 0x0000000085d00000| Untracked 
|  94|0x0000000085e00000, 0x0000000085f00000, 0x0000000085f00000|100%| O|  |TAMS 0x0000000085e00000, 0x0000000085e00000| Untracked 
|  95|0x0000000085f00000, 0x0000000086000000, 0x0000000086000000|100%| O|  |TAMS 0x0000000085f00000, 0x0000000085f00000| Untracked 
|  96|0x0000000086000000, 0x0000000086100000, 0x0000000086100000|100%| O|  |TAMS 0x0000000086000000, 0x0000000086000000| Untracked 
|  97|0x0000000086100000, 0x0000000086200000, 0x0000000086200000|100%| O|  |TAMS 0x0000000086100000, 0x0000000086100000| Untracked 
|  98|0x0000000086200000, 0x0000000086300000, 0x0000000086300000|100%| O|  |TAMS 0x0000000086200000, 0x0000000086200000| Untracked 
|  99|0x0000000086300000, 0x0000000086400000, 0x0000000086400000|100%| O|  |TAMS 0x0000000086300000, 0x0000000086300000| Untracked 
| 100|0x0000000086400000, 0x0000000086500000, 0x0000000086500000|100%| O|  |TAMS 0x0000000086400000, 0x0000000086400000| Untracked 
| 101|0x0000000086500000, 0x0000000086600000, 0x0000000086600000|100%| O|  |TAMS 0x0000000086500000, 0x0000000086500000| Untracked 
| 102|0x0000000086600000, 0x0000000086700000, 0x0000000086700000|100%| O|  |TAMS 0x0000000086600000, 0x0000000086600000| Untracked 
| 103|0x0000000086700000, 0x0000000086800000, 0x0000000086800000|100%| O|  |TAMS 0x0000000086700000, 0x0000000086700000| Untracked 
| 104|0x0000000086800000, 0x0000000086900000, 0x0000000086900000|100%| O|  |TAMS 0x0000000086800000, 0x0000000086800000| Untracked 
| 105|0x0000000086900000, 0x0000000086a00000, 0x0000000086a00000|100%| O|  |TAMS 0x0000000086900000, 0x0000000086900000| Untracked 
| 106|0x0000000086a00000, 0x0000000086b00000, 0x0000000086b00000|100%| O|  |TAMS 0x0000000086a00000, 0x0000000086a00000| Untracked 
| 107|0x0000000086b00000, 0x0000000086c00000, 0x0000000086c00000|100%| O|  |TAMS 0x0000000086b00000, 0x0000000086b00000| Untracked 
| 108|0x0000000086c00000, 0x0000000086d00000, 0x0000000086d00000|100%| O|  |TAMS 0x0000000086c00000, 0x0000000086c00000| Untracked 
| 109|0x0000000086d00000, 0x0000000086e00000, 0x0000000086e00000|100%| O|  |TAMS 0x0000000086d00000, 0x0000000086d00000| Untracked 
| 110|0x0000000086e00000, 0x0000000086f00000, 0x0000000086f00000|100%| O|  |TAMS 0x0000000086e00000, 0x0000000086e00000| Untracked 
| 111|0x0000000086f00000, 0x0000000087000000, 0x0000000087000000|100%| O|  |TAMS 0x0000000086f00000, 0x0000000086f00000| Untracked 
| 112|0x0000000087000000, 0x0000000087100000, 0x0000000087100000|100%| O|  |TAMS 0x0000000087000000, 0x0000000087000000| Untracked 
| 113|0x0000000087100000, 0x0000000087200000, 0x0000000087200000|100%| O|  |TAMS 0x0000000087100000, 0x0000000087100000| Untracked 
| 114|0x0000000087200000, 0x0000000087300000, 0x0000000087300000|100%| O|  |TAMS 0x0000000087200000, 0x0000000087200000| Untracked 
| 115|0x0000000087300000, 0x0000000087400000, 0x0000000087400000|100%| O|  |TAMS 0x0000000087300000, 0x0000000087300000| Untracked 
| 116|0x0000000087400000, 0x0000000087500000, 0x0000000087500000|100%| O|  |TAMS 0x0000000087400000, 0x0000000087400000| Untracked 
| 117|0x0000000087500000, 0x0000000087600000, 0x0000000087600000|100%| O|  |TAMS 0x0000000087500000, 0x0000000087500000| Untracked 
| 118|0x0000000087600000, 0x0000000087700000, 0x0000000087700000|100%| O|  |TAMS 0x0000000087600000, 0x0000000087600000| Untracked 
| 119|0x0000000087700000, 0x0000000087800000, 0x0000000087800000|100%| O|  |TAMS 0x0000000087700000, 0x0000000087700000| Untracked 
| 120|0x0000000087800000, 0x0000000087900000, 0x0000000087900000|100%| O|  |TAMS 0x0000000087800000, 0x0000000087800000| Untracked 
| 121|0x0000000087900000, 0x0000000087a00000, 0x0000000087a00000|100%| O|  |TAMS 0x0000000087900000, 0x0000000087900000| Untracked 
| 122|0x0000000087a00000, 0x0000000087b00000, 0x0000000087b00000|100%| O|  |TAMS 0x0000000087a00000, 0x0000000087a00000| Untracked 
| 123|0x0000000087b00000, 0x0000000087c00000, 0x0000000087c00000|100%| O|  |TAMS 0x0000000087b00000, 0x0000000087b00000| Untracked 
| 124|0x0000000087c00000, 0x0000000087c00000, 0x0000000087d00000|  0%| F|  |TAMS 0x0000000087c00000, 0x0000000087c00000| Untracked 
| 125|0x0000000087d00000, 0x0000000087d00000, 0x0000000087e00000|  0%| F|  |TAMS 0x0000000087d00000, 0x0000000087d00000| Untracked 
| 126|0x0000000087e00000, 0x0000000087e00000, 0x0000000087f00000|  0%| F|  |TAMS 0x0000000087e00000, 0x0000000087e00000| Untracked 
| 127|0x0000000087f00000, 0x0000000087f00000, 0x0000000088000000|  0%| F|  |TAMS 0x0000000087f00000, 0x0000000087f00000| Untracked 
| 128|0x0000000088000000, 0x0000000088000000, 0x0000000088100000|  0%| F|  |TAMS 0x0000000088000000, 0x0000000088000000| Untracked 
| 129|0x0000000088100000, 0x0000000088100000, 0x0000000088200000|  0%| F|  |TAMS 0x0000000088100000, 0x0000000088100000| Untracked 
| 130|0x0000000088200000, 0x0000000088200000, 0x0000000088300000|  0%| F|  |TAMS 0x0000000088200000, 0x0000000088200000| Untracked 
| 131|0x0000000088300000, 0x0000000088300000, 0x0000000088400000|  0%| F|  |TAMS 0x0000000088300000, 0x0000000088300000| Untracked 
| 132|0x0000000088400000, 0x0000000088400000, 0x0000000088500000|  0%| F|  |TAMS 0x0000000088400000, 0x0000000088400000| Untracked 
| 133|0x0000000088500000, 0x0000000088500000, 0x0000000088600000|  0%| F|  |TAMS 0x0000000088500000, 0x0000000088500000| Untracked 
| 134|0x0000000088600000, 0x0000000088600000, 0x0000000088700000|  0%| F|  |TAMS 0x0000000088600000, 0x0000000088600000| Untracked 
| 135|0x0000000088700000, 0x0000000088700000, 0x0000000088800000|  0%| F|  |TAMS 0x0000000088700000, 0x0000000088700000| Untracked 
| 136|0x0000000088800000, 0x0000000088800000, 0x0000000088900000|  0%| F|  |TAMS 0x0000000088800000, 0x0000000088800000| Untracked 
| 137|0x0000000088900000, 0x0000000088900000, 0x0000000088a00000|  0%| F|  |TAMS 0x0000000088900000, 0x0000000088900000| Untracked 
| 138|0x0000000088a00000, 0x0000000088a00000, 0x0000000088b00000|  0%| F|  |TAMS 0x0000000088a00000, 0x0000000088a00000| Untracked 
| 139|0x0000000088b00000, 0x0000000088b00000, 0x0000000088c00000|  0%| F|  |TAMS 0x0000000088b00000, 0x0000000088b00000| Untracked 
| 140|0x0000000088c00000, 0x0000000088c00000, 0x0000000088d00000|  0%| F|  |TAMS 0x0000000088c00000, 0x0000000088c00000| Untracked 
| 141|0x0000000088d00000, 0x0000000088d00000, 0x0000000088e00000|  0%| F|  |TAMS 0x0000000088d00000, 0x0000000088d00000| Untracked 
| 142|0x0000000088e00000, 0x0000000088e00000, 0x0000000088f00000|  0%| F|  |TAMS 0x0000000088e00000, 0x0000000088e00000| Untracked 
| 143|0x0000000088f00000, 0x0000000088f00000, 0x0000000089000000|  0%| F|  |TAMS 0x0000000088f00000, 0x0000000088f00000| Untracked 
| 144|0x0000000089000000, 0x0000000089000000, 0x0000000089100000|  0%| F|  |TAMS 0x0000000089000000, 0x0000000089000000| Untracked 
| 145|0x0000000089100000, 0x0000000089100000, 0x0000000089200000|  0%| F|  |TAMS 0x0000000089100000, 0x0000000089100000| Untracked 
| 146|0x0000000089200000, 0x0000000089200000, 0x0000000089300000|  0%| F|  |TAMS 0x0000000089200000, 0x0000000089200000| Untracked 
| 147|0x0000000089300000, 0x0000000089300000, 0x0000000089400000|  0%| F|  |TAMS 0x0000000089300000, 0x0000000089300000| Untracked 
| 148|0x0000000089400000, 0x0000000089400000, 0x0000000089500000|  0%| F|  |TAMS 0x0000000089400000, 0x0000000089400000| Untracked 
| 149|0x0000000089500000, 0x0000000089500000, 0x0000000089600000|  0%| F|  |TAMS 0x0000000089500000, 0x0000000089500000| Untracked 
| 150|0x0000000089600000, 0x0000000089600000, 0x0000000089700000|  0%| F|  |TAMS 0x0000000089600000, 0x0000000089600000| Untracked 
| 151|0x0000000089700000, 0x0000000089700000, 0x0000000089800000|  0%| F|  |TAMS 0x0000000089700000, 0x0000000089700000| Untracked 
| 152|0x0000000089800000, 0x0000000089800000, 0x0000000089900000|  0%| F|  |TAMS 0x0000000089800000, 0x0000000089800000| Untracked 
| 153|0x0000000089900000, 0x0000000089900000, 0x0000000089a00000|  0%| F|  |TAMS 0x0000000089900000, 0x0000000089900000| Untracked 
| 154|0x0000000089a00000, 0x0000000089a00000, 0x0000000089b00000|  0%| F|  |TAMS 0x0000000089a00000, 0x0000000089a00000| Untracked 
| 155|0x0000000089b00000, 0x0000000089b00000, 0x0000000089c00000|  0%| F|  |TAMS 0x0000000089b00000, 0x0000000089b00000| Untracked 
| 156|0x0000000089c00000, 0x0000000089d00000, 0x0000000089d00000|100%| S|CS|TAMS 0x0000000089c00000, 0x0000000089c00000| Complete 
| 157|0x0000000089d00000, 0x0000000089e00000, 0x0000000089e00000|100%| S|CS|TAMS 0x0000000089d00000, 0x0000000089d00000| Complete 
| 158|0x0000000089e00000, 0x0000000089f00000, 0x0000000089f00000|100%| S|CS|TAMS 0x0000000089e00000, 0x0000000089e00000| Complete 
| 159|0x0000000089f00000, 0x000000008a000000, 0x000000008a000000|100%| S|CS|TAMS 0x0000000089f00000, 0x0000000089f00000| Complete 
| 160|0x000000008a000000, 0x000000008a100000, 0x000000008a100000|100%| S|CS|TAMS 0x000000008a000000, 0x000000008a000000| Complete 
| 161|0x000000008a100000, 0x000000008a200000, 0x000000008a200000|100%| S|CS|TAMS 0x000000008a100000, 0x000000008a100000| Complete 
| 162|0x000000008a200000, 0x000000008a300000, 0x000000008a300000|100%| S|CS|TAMS 0x000000008a200000, 0x000000008a200000| Complete 
| 163|0x000000008a300000, 0x000000008a300000, 0x000000008a400000|  0%| F|  |TAMS 0x000000008a300000, 0x000000008a300000| Untracked 
| 164|0x000000008a400000, 0x000000008a400000, 0x000000008a500000|  0%| F|  |TAMS 0x000000008a400000, 0x000000008a400000| Untracked 
| 165|0x000000008a500000, 0x000000008a500000, 0x000000008a600000|  0%| F|  |TAMS 0x000000008a500000, 0x000000008a500000| Untracked 
| 166|0x000000008a600000, 0x000000008a600000, 0x000000008a700000|  0%| F|  |TAMS 0x000000008a600000, 0x000000008a600000| Untracked 
| 167|0x000000008a700000, 0x000000008a700000, 0x000000008a800000|  0%| F|  |TAMS 0x000000008a700000, 0x000000008a700000| Untracked 
| 168|0x000000008a800000, 0x000000008a800000, 0x000000008a900000|  0%| F|  |TAMS 0x000000008a800000, 0x000000008a800000| Untracked 
| 169|0x000000008a900000, 0x000000008a900000, 0x000000008aa00000|  0%| F|  |TAMS 0x000000008a900000, 0x000000008a900000| Untracked 
| 170|0x000000008aa00000, 0x000000008aa00000, 0x000000008ab00000|  0%| F|  |TAMS 0x000000008aa00000, 0x000000008aa00000| Untracked 
| 171|0x000000008ab00000, 0x000000008ab00000, 0x000000008ac00000|  0%| F|  |TAMS 0x000000008ab00000, 0x000000008ab00000| Untracked 
| 172|0x000000008ac00000, 0x000000008ac00000, 0x000000008ad00000|  0%| F|  |TAMS 0x000000008ac00000, 0x000000008ac00000| Untracked 
| 173|0x000000008ad00000, 0x000000008ad00000, 0x000000008ae00000|  0%| F|  |TAMS 0x000000008ad00000, 0x000000008ad00000| Untracked 
| 174|0x000000008ae00000, 0x000000008ae00000, 0x000000008af00000|  0%| F|  |TAMS 0x000000008ae00000, 0x000000008ae00000| Untracked 
| 175|0x000000008af00000, 0x000000008af00000, 0x000000008b000000|  0%| F|  |TAMS 0x000000008af00000, 0x000000008af00000| Untracked 
| 176|0x000000008b000000, 0x000000008b000000, 0x000000008b100000|  0%| F|  |TAMS 0x000000008b000000, 0x000000008b000000| Untracked 
| 177|0x000000008b100000, 0x000000008b100000, 0x000000008b200000|  0%| F|  |TAMS 0x000000008b100000, 0x000000008b100000| Untracked 
| 178|0x000000008b200000, 0x000000008b200000, 0x000000008b300000|  0%| F|  |TAMS 0x000000008b200000, 0x000000008b200000| Untracked 
| 179|0x000000008b300000, 0x000000008b300000, 0x000000008b400000|  0%| F|  |TAMS 0x000000008b300000, 0x000000008b300000| Untracked 
| 180|0x000000008b400000, 0x000000008b400000, 0x000000008b500000|  0%| F|  |TAMS 0x000000008b400000, 0x000000008b400000| Untracked 
| 181|0x000000008b500000, 0x000000008b500000, 0x000000008b600000|  0%| F|  |TAMS 0x000000008b500000, 0x000000008b500000| Untracked 
| 182|0x000000008b600000, 0x000000008b600000, 0x000000008b700000|  0%| F|  |TAMS 0x000000008b600000, 0x000000008b600000| Untracked 
| 183|0x000000008b700000, 0x000000008b700000, 0x000000008b800000|  0%| F|  |TAMS 0x000000008b700000, 0x000000008b700000| Untracked 
| 184|0x000000008b800000, 0x000000008b800000, 0x000000008b900000|  0%| F|  |TAMS 0x000000008b800000, 0x000000008b800000| Untracked 
| 185|0x000000008b900000, 0x000000008b900000, 0x000000008ba00000|  0%| F|  |TAMS 0x000000008b900000, 0x000000008b900000| Untracked 
| 186|0x000000008ba00000, 0x000000008ba00000, 0x000000008bb00000|  0%| F|  |TAMS 0x000000008ba00000, 0x000000008ba00000| Untracked 
| 187|0x000000008bb00000, 0x000000008bb00000, 0x000000008bc00000|  0%| F|  |TAMS 0x000000008bb00000, 0x000000008bb00000| Untracked 
| 188|0x000000008bc00000, 0x000000008bc00000, 0x000000008bd00000|  0%| F|  |TAMS 0x000000008bc00000, 0x000000008bc00000| Untracked 
| 189|0x000000008bd00000, 0x000000008bd00000, 0x000000008be00000|  0%| F|  |TAMS 0x000000008bd00000, 0x000000008bd00000| Untracked 
| 190|0x000000008be00000, 0x000000008be00000, 0x000000008bf00000|  0%| F|  |TAMS 0x000000008be00000, 0x000000008be00000| Untracked 
| 191|0x000000008bf00000, 0x000000008bf00000, 0x000000008c000000|  0%| F|  |TAMS 0x000000008bf00000, 0x000000008bf00000| Untracked 
| 192|0x000000008c000000, 0x000000008c000000, 0x000000008c100000|  0%| F|  |TAMS 0x000000008c000000, 0x000000008c000000| Untracked 
| 193|0x000000008c100000, 0x000000008c100000, 0x000000008c200000|  0%| F|  |TAMS 0x000000008c100000, 0x000000008c100000| Untracked 
| 194|0x000000008c200000, 0x000000008c200000, 0x000000008c300000|  0%| F|  |TAMS 0x000000008c200000, 0x000000008c200000| Untracked 
| 195|0x000000008c300000, 0x000000008c300000, 0x000000008c400000|  0%| F|  |TAMS 0x000000008c300000, 0x000000008c300000| Untracked 
| 196|0x000000008c400000, 0x000000008c400000, 0x000000008c500000|  0%| F|  |TAMS 0x000000008c400000, 0x000000008c400000| Untracked 
| 197|0x000000008c500000, 0x000000008c500000, 0x000000008c600000|  0%| F|  |TAMS 0x000000008c500000, 0x000000008c500000| Untracked 
| 198|0x000000008c600000, 0x000000008c600000, 0x000000008c700000|  0%| F|  |TAMS 0x000000008c600000, 0x000000008c600000| Untracked 
| 199|0x000000008c700000, 0x000000008c700000, 0x000000008c800000|  0%| F|  |TAMS 0x000000008c700000, 0x000000008c700000| Untracked 
| 200|0x000000008c800000, 0x000000008c800000, 0x000000008c900000|  0%| F|  |TAMS 0x000000008c800000, 0x000000008c800000| Untracked 
| 201|0x000000008c900000, 0x000000008c900000, 0x000000008ca00000|  0%| F|  |TAMS 0x000000008c900000, 0x000000008c900000| Untracked 
| 202|0x000000008ca00000, 0x000000008ca00000, 0x000000008cb00000|  0%| F|  |TAMS 0x000000008ca00000, 0x000000008ca00000| Untracked 
| 203|0x000000008cb00000, 0x000000008cb00000, 0x000000008cc00000|  0%| F|  |TAMS 0x000000008cb00000, 0x000000008cb00000| Untracked 
| 204|0x000000008cc00000, 0x000000008cc00000, 0x000000008cd00000|  0%| F|  |TAMS 0x000000008cc00000, 0x000000008cc00000| Untracked 
| 205|0x000000008cd00000, 0x000000008cd00000, 0x000000008ce00000|  0%| F|  |TAMS 0x000000008cd00000, 0x000000008cd00000| Untracked 
| 206|0x000000008ce00000, 0x000000008ce00000, 0x000000008cf00000|  0%| F|  |TAMS 0x000000008ce00000, 0x000000008ce00000| Untracked 
| 207|0x000000008cf00000, 0x000000008cf00000, 0x000000008d000000|  0%| F|  |TAMS 0x000000008cf00000, 0x000000008cf00000| Untracked 

Card table byte_map: [0x0000018ad8ee0000,0x0000018ad92e0000] _byte_map_base: 0x0000018ad8ae0000

Marking Bits (Prev, Next): (CMBitMap*) 0x0000018ac4435340, (CMBitMap*) 0x0000018ac4435300
 Prev Bits: [0x0000018adb6e0000, 0x0000018add6e0000)
 Next Bits: [0x0000018ad96e0000, 0x0000018adb6e0000)

Polling page: 0x0000018ac44a0000

Metaspace:

Usage:
  Non-class:     87.81 MB used.
      Class:     14.03 MB used.
       Both:    101.84 MB used.

Virtual space:
  Non-class space:       96.00 MB reserved,      88.12 MB ( 92%) committed,  12 nodes.
      Class space:        1.00 GB reserved,      14.31 MB (  1%) committed,  1 nodes.
             Both:        1.09 GB reserved,     102.44 MB (  9%) committed. 

Chunk freelists:
   Non-Class:  3.44 MB
       Class:  1.52 MB
        Both:  4.95 MB

MaxMetaspaceSize: unlimited
CompressedClassSpaceSize: 1.00 GB
Initial GC threshold: 21.00 MB
Current GC threshold: 153.12 MB
CDS: off
MetaspaceReclaimPolicy: balanced
 - commit_granule_bytes: 65536.
 - commit_granule_words: 8192.
 - virtual_space_node_default_size: 1048576.
 - enlarge_chunks_in_place: 1.
 - new_chunks_are_fully_committed: 0.
 - uncommit_free_chunks: 1.
 - use_allocation_guard: 0.
 - handle_deallocations: 1.


Internal statistics:

num_allocs_failed_limit: 6.
num_arena_births: 904.
num_arena_deaths: 14.
num_vsnodes_births: 13.
num_vsnodes_deaths: 0.
num_space_committed: 1639.
num_space_uncommitted: 0.
num_chunks_returned_to_freelist: 25.
num_chunks_taken_from_freelist: 4699.
num_chunk_merges: 14.
num_chunk_splits: 3167.
num_chunks_enlarged: 2214.
num_purges: 2.
num_inconsistent_stats: 0.

CodeHeap 'non-profiled nmethods': size=120000Kb used=5056Kb max_used=5695Kb free=114943Kb
 bounds [0x0000018ad0b40000, 0x0000018ad10e0000, 0x0000018ad8070000]
CodeHeap 'profiled nmethods': size=120000Kb used=19826Kb max_used=20170Kb free=100174Kb
 bounds [0x0000018ac9070000, 0x0000018aca4c0000, 0x0000018ad05a0000]
CodeHeap 'non-nmethods': size=5760Kb used=2402Kb max_used=2469Kb free=3357Kb
 bounds [0x0000018ad05a0000, 0x0000018ad0820000, 0x0000018ad0b40000]
 total_blobs=11003 nmethods=10078 adapters=837
 compilation: enabled
              stopped_count=0, restarted_count=0
 full_count=0

Compilation events (20 events):
Event: 10.766 Thread 0x0000018ae0c59990 11753       2       com.android.tools.r8.utils.W$$Lambda$2049/0x0000000100e48248::<init> (10 bytes)
Event: 10.766 Thread 0x0000018ae0c59990 nmethod 11753 0x0000018ac973a790 code [0x0000018ac973a920, 0x0000018ac973aa78]
Event: 10.766 Thread 0x0000018ae0c59990 11754       2       com.android.tools.r8.utils.W::get (5 bytes)
Event: 10.766 Thread 0x0000018ae0c59990 nmethod 11754 0x0000018ac973a410 code [0x0000018ac973a5a0, 0x0000018ac973a6c8]
Event: 10.766 Thread 0x0000018ae0c59990 11755       2       com.android.tools.r8.internal.YS::a (160 bytes)
Event: 10.769 Thread 0x0000018ae0c59990 nmethod 11755 0x0000018ac97ccc90 code [0x0000018ac97ccf00, 0x0000018ac97cd8b8]
Event: 10.769 Thread 0x0000018ae0c59990 11756       2       com.android.tools.r8.graph.G4::a (13 bytes)
Event: 10.769 Thread 0x0000018ae0ea4c30 nmethod 11579 0x0000018ad0d94d10 code [0x0000018ad0d94ee0, 0x0000018ad0d95f28]
Event: 10.769 Thread 0x0000018ae0ea4c30 11759       4       java.util.ArrayList::forEach (74 bytes)
Event: 10.770 Thread 0x0000018ae0c59990 nmethod 11756 0x0000018ac9739c90 code [0x0000018ac9739e40, 0x0000018ac973a098]
Event: 10.770 Thread 0x0000018ae0c59990 11760 %     3       com.android.tools.r8.internal.Y9::a @ 1762 (4479 bytes)
Event: 10.771 Thread 0x0000018ae0ea4c30 nmethod 11759 0x0000018ad0e03710 code [0x0000018ad0e038a0, 0x0000018ad0e03a98]
Event: 10.771 Thread 0x0000018ae0ea4c30 11618       4       com.android.tools.r8.graph.m2::h (62 bytes)
Event: 10.777 Thread 0x0000018ae0ea4c30 nmethod 11618 0x0000018ad0c2e190 code [0x0000018ad0c2e320, 0x0000018ad0c2e978]
Event: 10.777 Thread 0x0000018ae0ea4c30 11623       4       com.android.tools.r8.graph.r2::equals (37 bytes)
Event: 10.781 Thread 0x0000018ae0ea4c30 nmethod 11623 0x0000018ad0e02e10 code [0x0000018ad0e02fa0, 0x0000018ad0e032f8]
Event: 10.781 Thread 0x0000018ae0ea4c30 11684       4       com.android.tools.r8.graph.l1::a (31 bytes)
Event: 10.786 Thread 0x0000018ae0ea4c30 nmethod 11684 0x0000018ad0eae410 code [0x0000018ad0eae5c0, 0x0000018ad0eaea78]
Event: 10.786 Thread 0x0000018ae0ea4c30 11758       4       com.android.tools.r8.graph.e2::h (62 bytes)
Event: 10.796 Thread 0x0000018ae0ea4c30 nmethod 11758 0x0000018ad1098d90 code [0x0000018ad1098f60, 0x0000018ad10996d8]

GC Heap History (20 events):
Event: 7.559 GC heap after
{Heap after GC invocations=26 (full 0):
 garbage-first heap   total 139264K, used 64181K [0x0000000080000000, 0x0000000100000000)
  region size 1024K, 7 young (7168K), 7 survivors (7168K)
 Metaspace       used 81438K, committed 81984K, reserved 1122304K
  class space    used 11034K, committed 11264K, reserved 1048576K
}
Event: 7.957 GC heap before
{Heap before GC invocations=26 (full 0):
 garbage-first heap   total 139264K, used 108213K [0x0000000080000000, 0x0000000100000000)
  region size 1024K, 50 young (51200K), 7 survivors (7168K)
 Metaspace       used 83036K, committed 83648K, reserved 1122304K
  class space    used 11256K, committed 11520K, reserved 1048576K
}
Event: 7.967 GC heap after
{Heap after GC invocations=27 (full 0):
 garbage-first heap   total 177152K, used 69339K [0x0000000080000000, 0x0000000100000000)
  region size 1024K, 7 young (7168K), 7 survivors (7168K)
 Metaspace       used 83036K, committed 83648K, reserved 1122304K
  class space    used 11256K, committed 11520K, reserved 1048576K
}
Event: 8.605 GC heap before
{Heap before GC invocations=27 (full 0):
 garbage-first heap   total 177152K, used 131803K [0x0000000080000000, 0x0000000100000000)
  region size 1024K, 69 young (70656K), 7 survivors (7168K)
 Metaspace       used 87050K, committed 87680K, reserved 1130496K
  class space    used 11864K, committed 12160K, reserved 1048576K
}
Event: 8.616 GC heap after
{Heap after GC invocations=28 (full 0):
 garbage-first heap   total 177152K, used 78804K [0x0000000080000000, 0x0000000100000000)
  region size 1024K, 9 young (9216K), 9 survivors (9216K)
 Metaspace       used 87050K, committed 87680K, reserved 1130496K
  class space    used 11864K, committed 12160K, reserved 1048576K
}
Event: 9.087 GC heap before
{Heap before GC invocations=28 (full 0):
 garbage-first heap   total 177152K, used 133076K [0x0000000080000000, 0x0000000100000000)
  region size 1024K, 63 young (64512K), 9 survivors (9216K)
 Metaspace       used 87655K, committed 88384K, reserved 1130496K
  class space    used 11902K, committed 12224K, reserved 1048576K
}
Event: 9.095 GC heap after
{Heap after GC invocations=29 (full 0):
 garbage-first heap   total 177152K, used 83512K [0x0000000080000000, 0x0000000100000000)
  region size 1024K, 5 young (5120K), 5 survivors (5120K)
 Metaspace       used 87655K, committed 88384K, reserved 1130496K
  class space    used 11902K, committed 12224K, reserved 1048576K
}
Event: 9.611 GC heap before
{Heap before GC invocations=29 (full 0):
 garbage-first heap   total 177152K, used 135736K [0x0000000080000000, 0x0000000100000000)
  region size 1024K, 57 young (58368K), 5 survivors (5120K)
 Metaspace       used 92939K, committed 93632K, reserved 1130496K
  class space    used 12639K, committed 12992K, reserved 1048576K
}
Event: 9.617 GC heap after
{Heap after GC invocations=30 (full 0):
 garbage-first heap   total 177152K, used 87195K [0x0000000080000000, 0x0000000100000000)
  region size 1024K, 8 young (8192K), 8 survivors (8192K)
 Metaspace       used 92939K, committed 93632K, reserved 1130496K
  class space    used 12639K, committed 12992K, reserved 1048576K
}
Event: 9.982 GC heap before
{Heap before GC invocations=31 (full 0):
 garbage-first heap   total 177152K, used 139419K [0x0000000080000000, 0x0000000100000000)
  region size 1024K, 60 young (61440K), 8 survivors (8192K)
 Metaspace       used 94924K, committed 95552K, reserved 1138688K
  class space    used 12900K, committed 13184K, reserved 1048576K
}
Event: 9.989 GC heap after
{Heap after GC invocations=32 (full 0):
 garbage-first heap   total 177152K, used 93361K [0x0000000080000000, 0x0000000100000000)
  region size 1024K, 7 young (7168K), 7 survivors (7168K)
 Metaspace       used 94924K, committed 95552K, reserved 1138688K
  class space    used 12900K, committed 13184K, reserved 1048576K
}
Event: 9.990 GC heap before
{Heap before GC invocations=32 (full 0):
 garbage-first heap   total 177152K, used 93361K [0x0000000080000000, 0x0000000100000000)
  region size 1024K, 8 young (8192K), 7 survivors (7168K)
 Metaspace       used 94932K, committed 95552K, reserved 1138688K
  class space    used 12903K, committed 13184K, reserved 1048576K
}
Event: 9.994 GC heap after
{Heap after GC invocations=33 (full 0):
 garbage-first heap   total 212992K, used 94195K [0x0000000080000000, 0x0000000100000000)
  region size 1024K, 1 young (1024K), 1 survivors (1024K)
 Metaspace       used 94932K, committed 95552K, reserved 1138688K
  class space    used 12903K, committed 13184K, reserved 1048576K
}
Event: 10.399 GC heap before
{Heap before GC invocations=33 (full 0):
 garbage-first heap   total 212992K, used 167923K [0x0000000080000000, 0x0000000100000000)
  region size 1024K, 74 young (75776K), 1 survivors (1024K)
 Metaspace       used 99711K, committed 100352K, reserved 1138688K
  class space    used 13622K, committed 13888K, reserved 1048576K
}
Event: 10.406 GC heap after
{Heap after GC invocations=34 (full 0):
 garbage-first heap   total 212992K, used 105770K [0x0000000080000000, 0x0000000100000000)
  region size 1024K, 10 young (10240K), 10 survivors (10240K)
 Metaspace       used 99711K, committed 100352K, reserved 1138688K
  class space    used 13622K, committed 13888K, reserved 1048576K
}
Event: 10.578 GC heap before
{Heap before GC invocations=34 (full 0):
 garbage-first heap   total 212992K, used 167210K [0x0000000080000000, 0x0000000100000000)
  region size 1024K, 71 young (72704K), 10 survivors (10240K)
 Metaspace       used 102109K, committed 102720K, reserved 1138688K
  class space    used 13987K, committed 14272K, reserved 1048576K
}
Event: 10.592 GC heap after
{Heap after GC invocations=35 (full 0):
 garbage-first heap   total 212992K, used 116736K [0x0000000080000000, 0x0000000100000000)
  region size 1024K, 9 young (9216K), 9 survivors (9216K)
 Metaspace       used 102109K, committed 102720K, reserved 1138688K
  class space    used 13987K, committed 14272K, reserved 1048576K
}
Event: 10.706 GC heap before
{Heap before GC invocations=35 (full 0):
 garbage-first heap   total 212992K, used 169984K [0x0000000080000000, 0x0000000100000000)
  region size 1024K, 61 young (62464K), 9 survivors (9216K)
 Metaspace       used 103532K, committed 104128K, reserved 1138688K
  class space    used 14260K, committed 14528K, reserved 1048576K
}
Event: 10.720 GC heap after
{Heap after GC invocations=36 (full 0):
 garbage-first heap   total 212992K, used 125811K [0x0000000080000000, 0x0000000100000000)
  region size 1024K, 8 young (8192K), 8 survivors (8192K)
 Metaspace       used 103532K, committed 104128K, reserved 1138688K
  class space    used 14260K, committed 14528K, reserved 1048576K
}
Event: 10.796 GC heap before
{Heap before GC invocations=36 (full 0):
 garbage-first heap   total 212992K, used 171891K [0x0000000080000000, 0x0000000100000000)
  region size 1024K, 53 young (54272K), 8 survivors (8192K)
 Metaspace       used 104284K, committed 104896K, reserved 1146880K
  class space    used 14367K, committed 14656K, reserved 1048576K
}

Dll operation events (2 events):
Event: 0.008 Loaded shared library C:\Program Files\Android\Android Studio1\jbr\bin\java.dll
Event: 0.473 Loaded shared library C:\Program Files\Android\Android Studio1\jbr\bin\verify.dll

Deoptimization events (20 events):
Event: 10.547 Thread 0x0000018ae49e2270 DEOPT PACKING pc=0x0000018ac9393cd0 sp=0x0000007ab58f9b90
Event: 10.547 Thread 0x0000018ae49e2270 DEOPT UNPACKING pc=0x0000018ad05face3 sp=0x0000007ab58f90b8 mode 0
Event: 10.548 Thread 0x0000018ae74b45e0 DEOPT PACKING pc=0x0000018ac9393ca0 sp=0x0000007ab93f99c0
Event: 10.548 Thread 0x0000018ae74b45e0 DEOPT UNPACKING pc=0x0000018ad05face3 sp=0x0000007ab93f8ee8 mode 0
Event: 10.549 Thread 0x0000018ae49e2270 DEOPT PACKING pc=0x0000018ac9393cd0 sp=0x0000007ab58f9a40
Event: 10.549 Thread 0x0000018ae49e2270 DEOPT UNPACKING pc=0x0000018ad05face3 sp=0x0000007ab58f8f68 mode 0
Event: 10.549 Thread 0x0000018ae74dd890 DEOPT PACKING pc=0x0000018ac9393ca0 sp=0x0000007ab7cf9680
Event: 10.549 Thread 0x0000018ae74dd890 DEOPT UNPACKING pc=0x0000018ad05face3 sp=0x0000007ab7cf8ba8 mode 0
Event: 10.550 Thread 0x0000018ae74b45e0 DEOPT PACKING pc=0x0000018ac9393cd0 sp=0x0000007ab93f99c0
Event: 10.550 Thread 0x0000018ae74b45e0 DEOPT UNPACKING pc=0x0000018ad05face3 sp=0x0000007ab93f8ee8 mode 0
Event: 10.550 Thread 0x0000018ae49e2270 DEOPT PACKING pc=0x0000018ac9393ca0 sp=0x0000007ab58f9a40
Event: 10.550 Thread 0x0000018ae49e2270 DEOPT UNPACKING pc=0x0000018ad05face3 sp=0x0000007ab58f8f68 mode 0
Event: 10.643 Thread 0x0000018ae74b2dd0 DEOPT PACKING pc=0x0000018ac96d4007 sp=0x0000007ab8af9bb0
Event: 10.643 Thread 0x0000018ae74b2dd0 DEOPT UNPACKING pc=0x0000018ad05face3 sp=0x0000007ab8af9080 mode 0
Event: 10.682 Thread 0x0000018ae74b2dd0 Uncommon trap: trap_request=0xffffff45 fr.pc=0x0000018ad0bec5dc relative=0x00000000000011dc
Event: 10.682 Thread 0x0000018ae74b2dd0 Uncommon trap: reason=unstable_if action=reinterpret pc=0x0000018ad0bec5dc method=java.util.HashMap.computeIfAbsent(Ljava/lang/Object;Ljava/util/function/Function;)Ljava/lang/Object; @ 145 c2
Event: 10.682 Thread 0x0000018ae74b2dd0 DEOPT PACKING pc=0x0000018ad0bec5dc sp=0x0000007ab8af95d0
Event: 10.682 Thread 0x0000018ae74b2dd0 DEOPT UNPACKING pc=0x0000018ad05fa1a3 sp=0x0000007ab8af9588 mode 2
Event: 10.749 Thread 0x0000018ae49e2270 DEOPT PACKING pc=0x0000018ac94da2e4 sp=0x0000007ab58fa380
Event: 10.749 Thread 0x0000018ae49e2270 DEOPT UNPACKING pc=0x0000018ad05face3 sp=0x0000007ab58f9858 mode 0

Classes unloaded (7 events):
Event: 9.703 Thread 0x0000018ae01caa20 Unloading class 0x0000000100bbdc00 'java/lang/invoke/LambdaForm$DMH+0x0000000100bbdc00'
Event: 9.703 Thread 0x0000018ae01caa20 Unloading class 0x0000000100bbd800 'java/lang/invoke/LambdaForm$DMH+0x0000000100bbd800'
Event: 9.703 Thread 0x0000018ae01caa20 Unloading class 0x0000000100bbc400 'java/lang/invoke/LambdaForm$DMH+0x0000000100bbc400'
Event: 9.703 Thread 0x0000018ae01caa20 Unloading class 0x0000000100bbc800 'java/lang/invoke/LambdaForm$DMH+0x0000000100bbc800'
Event: 9.703 Thread 0x0000018ae01caa20 Unloading class 0x0000000100bbcc00 'java/lang/invoke/LambdaForm$DMH+0x0000000100bbcc00'
Event: 9.703 Thread 0x0000018ae01caa20 Unloading class 0x0000000100bbd400 'java/lang/invoke/LambdaForm$DMH+0x0000000100bbd400'
Event: 9.703 Thread 0x0000018ae01caa20 Unloading class 0x0000000100bbd000 'java/lang/invoke/LambdaForm$DMH+0x0000000100bbd000'

Classes redefined (0 events):
No events

Internal exceptions (20 events):
Event: 10.038 Thread 0x0000018ae74b2dd0 Exception <a 'sun/nio/fs/WindowsException'{0x000000008bafd318}> (0x000000008bafd318) 
thrown [s\src\hotspot\share\prims\jni.cpp, line 517]
Event: 10.226 Thread 0x0000018ae49e18d0 Exception <a 'java/lang/NoSuchMethodError'{0x000000008af04590}: 'java.lang.Object java.lang.invoke.DirectMethodHandle$Holder.invokeStaticInit(java.lang.Object, java.lang.Object, java.lang.Object, java.lang.Object, java.lang.Object, java.lang.Object, java.lang.Object, java.lang.Object, java.lang.Object, java.lang.Object, java.lang.Object, java.lang.Object, java.lang.Object, java.lang.Object, java.lang.Object, java.lang.Object, java.lang.Object, java.lang.Object, java.lang.Object, int, java.lang.Object, java
Event: 10.255 Thread 0x0000018ae49e18d0 Exception <a 'java/lang/IncompatibleClassChangeError'{0x000000008ae9ced8}: Found class java.lang.Object, but interface was expected> (0x000000008ae9ced8) 
thrown [s\src\hotspot\share\interpreter\linkResolver.cpp, line 838]
Event: 10.255 Thread 0x0000018ae74b2dd0 Exception <a 'java/lang/IncompatibleClassChangeError'{0x000000008af6ed30}: Found class java.lang.Object, but interface was expected> (0x000000008af6ed30) 
thrown [s\src\hotspot\share\interpreter\linkResolver.cpp, line 838]
Event: 10.255 Thread 0x0000018ae74dd890 Exception <a 'java/lang/IncompatibleClassChangeError'{0x000000008ae873e0}: Found class java.lang.Object, but interface was expected> (0x000000008ae873e0) 
thrown [s\src\hotspot\share\interpreter\linkResolver.cpp, line 838]
Event: 10.255 Thread 0x0000018ae49e2270 Exception <a 'java/lang/IncompatibleClassChangeError'{0x000000008ae4eba0}: Found class java.lang.Object, but interface was expected> (0x000000008ae4eba0) 
thrown [s\src\hotspot\share\interpreter\linkResolver.cpp, line 838]
Event: 10.270 Thread 0x0000018ae74b2dd0 Exception <a 'java/lang/NoSuchMethodError'{0x000000008adb0c98}: 'java.lang.Object java.lang.invoke.DirectMethodHandle$Holder.newInvokeSpecial(java.lang.Object, java.lang.Object, int, java.lang.Object, java.lang.Object)'> (0x000000008adb0c98) 
thrown [s\src\hotspot\share\interpreter\linkResolver.cpp, line 771]
Event: 10.270 Thread 0x0000018ae74b45e0 Exception <a 'java/lang/NoSuchMethodError'{0x000000008aece400}: 'java.lang.Object java.lang.invoke.DirectMethodHandle$Holder.newInvokeSpecial(java.lang.Object, java.lang.Object, int, java.lang.Object, java.lang.Object)'> (0x000000008aece400) 
thrown [s\src\hotspot\share\interpreter\linkResolver.cpp, line 771]
Event: 10.270 Thread 0x0000018ae4aeced0 Exception <a 'java/lang/NoSuchMethodError'{0x000000008ac06648}: 'java.lang.Object java.lang.invoke.DirectMethodHandle$Holder.newInvokeSpecial(java.lang.Object, java.lang.Object, int, java.lang.Object, java.lang.Object)'> (0x000000008ac06648) 
thrown [s\src\hotspot\share\interpreter\linkResolver.cpp, line 771]
Event: 10.287 Thread 0x0000018ae74b45e0 Exception <a 'java/lang/NoSuchMethodError'{0x000000008ac9b778}: 'java.lang.Object java.lang.invoke.DirectMethodHandle$Holder.newInvokeSpecial(java.lang.Object, long)'> (0x000000008ac9b778) 
thrown [s\src\hotspot\share\interpreter\linkResolver.cpp, line 771]
Event: 10.430 Thread 0x0000018ae49e18d0 Exception <a 'java/lang/NoSuchMethodError'{0x000000008c78cdf8}: 'void java.lang.invoke.DirectMethodHandle$Holder.invokeStatic(java.lang.Object, java.lang.Object, java.lang.Object, int)'> (0x000000008c78cdf8) 
thrown [s\src\hotspot\share\interpreter\linkResolver.cpp, line 771]
Event: 10.431 Thread 0x0000018ae49e18d0 Exception <a 'java/lang/IncompatibleClassChangeError'{0x000000008c7db358}: Found class java.lang.Object, but interface was expected> (0x000000008c7db358) 
thrown [s\src\hotspot\share\interpreter\linkResolver.cpp, line 838]
Event: 10.431 Thread 0x0000018ae49e2270 Exception <a 'java/lang/IncompatibleClassChangeError'{0x000000008ce918b0}: Found class java.lang.Object, but interface was expected> (0x000000008ce918b0) 
thrown [s\src\hotspot\share\interpreter\linkResolver.cpp, line 838]
Event: 10.604 Thread 0x0000018ae49e4420 Exception <a 'java/lang/NoSuchMethodError'{0x000000008ca10fd8}: 'java.lang.Object java.lang.invoke.DirectMethodHandle$Holder.invokeStatic(java.lang.Object, int, java.lang.Object, java.lang.Object)'> (0x000000008ca10fd8) 
thrown [s\src\hotspot\share\interpreter\linkResolver.cpp, line 771]
Event: 10.621 Thread 0x0000018ae4aeced0 Exception <a 'java/lang/NoSuchMethodError'{0x000000008c1d12a0}: 'java.lang.Object java.lang.invoke.DirectMethodHandle$Holder.invokeStatic(java.lang.Object, java.lang.Object, int, java.lang.Object, java.lang.Object)'> (0x000000008c1d12a0) 
thrown [s\src\hotspot\share\interpreter\linkResolver.cpp, line 771]
Event: 10.621 Thread 0x0000018ae49e4420 Exception <a 'java/lang/NoSuchMethodError'{0x000000008c175448}: 'java.lang.Object java.lang.invoke.DirectMethodHandle$Holder.invokeStatic(java.lang.Object, java.lang.Object, int, java.lang.Object, java.lang.Object)'> (0x000000008c175448) 
thrown [s\src\hotspot\share\interpreter\linkResolver.cpp, line 771]
Event: 10.621 Thread 0x0000018ae74dd890 Exception <a 'java/lang/NoSuchMethodError'{0x000000008c09a1b8}: 'java.lang.Object java.lang.invoke.DirectMethodHandle$Holder.invokeStatic(java.lang.Object, java.lang.Object, int, java.lang.Object, java.lang.Object)'> (0x000000008c09a1b8) 
thrown [s\src\hotspot\share\interpreter\linkResolver.cpp, line 771]
Event: 10.790 Thread 0x0000018ae4aeced0 Exception <a 'java/lang/IncompatibleClassChangeError'{0x000000008a716a48}: Found class java.lang.Object, but interface was expected> (0x000000008a716a48) 
thrown [s\src\hotspot\share\interpreter\linkResolver.cpp, line 838]
Event: 10.791 Thread 0x0000018ae49e4420 Exception <a 'java/lang/IncompatibleClassChangeError'{0x000000008a664540}: Found class java.lang.Object, but interface was expected> (0x000000008a664540) 
thrown [s\src\hotspot\share\interpreter\linkResolver.cpp, line 838]
Event: 10.791 Thread 0x0000018ae4aeced0 Exception <a 'java/lang/IncompatibleClassChangeError'{0x000000008a615060}: Found class java.lang.Object, but interface was expected> (0x000000008a615060) 
thrown [s\src\hotspot\share\interpreter\linkResolver.cpp, line 838]

VM Operations (20 events):
Event: 10.406 Executing VM operation: G1CollectForAllocation done
Event: 10.440 Executing VM operation: HandshakeAllThreads
Event: 10.440 Executing VM operation: HandshakeAllThreads done
Event: 10.456 Executing VM operation: HandshakeAllThreads
Event: 10.457 Executing VM operation: HandshakeAllThreads done
Event: 10.466 Executing VM operation: HandshakeAllThreads
Event: 10.466 Executing VM operation: HandshakeAllThreads done
Event: 10.467 Executing VM operation: HandshakeAllThreads
Event: 10.468 Executing VM operation: HandshakeAllThreads done
Event: 10.473 Executing VM operation: HandshakeAllThreads
Event: 10.473 Executing VM operation: HandshakeAllThreads done
Event: 10.520 Executing VM operation: HandshakeAllThreads
Event: 10.520 Executing VM operation: HandshakeAllThreads done
Event: 10.577 Executing VM operation: G1CollectForAllocation
Event: 10.595 Executing VM operation: G1CollectForAllocation done
Event: 10.706 Executing VM operation: G1CollectForAllocation
Event: 10.724 Executing VM operation: G1CollectForAllocation done
Event: 10.761 Executing VM operation: HandshakeAllThreads
Event: 10.762 Executing VM operation: HandshakeAllThreads done
Event: 10.796 Executing VM operation: G1CollectForAllocation

Events (20 events):
Event: 10.130 Thread 0x0000018ae0c5a790 flushing nmethod 0x0000018aca1a9690
Event: 10.130 Thread 0x0000018ae0c5a790 flushing nmethod 0x0000018aca1afc90
Event: 10.130 Thread 0x0000018ae0c5a790 flushing nmethod 0x0000018aca1fbd90
Event: 10.131 Thread 0x0000018ae0c5a790 flushing nmethod 0x0000018aca22b890
Event: 10.131 Thread 0x0000018ae0c5a790 flushing nmethod 0x0000018aca22c310
Event: 10.131 Thread 0x0000018ae0c5a790 flushing nmethod 0x0000018aca22fa10
Event: 10.131 Thread 0x0000018ae0c5a790 flushing nmethod 0x0000018aca22fe10
Event: 10.131 Thread 0x0000018ae0c5a790 flushing nmethod 0x0000018aca230590
Event: 10.131 Thread 0x0000018ae0c5a790 flushing nmethod 0x0000018aca23ac10
Event: 10.131 Thread 0x0000018ae0c5a790 flushing nmethod 0x0000018aca243e10
Event: 10.131 Thread 0x0000018ae0c5a790 flushing nmethod 0x0000018aca255b10
Event: 10.131 Thread 0x0000018ae0c5a790 flushing nmethod 0x0000018aca298d10
Event: 10.131 Thread 0x0000018ae0c5a790 flushing nmethod 0x0000018aca2ff410
Event: 10.131 Thread 0x0000018ae0c5a790 flushing nmethod 0x0000018aca33a210
Event: 10.131 Thread 0x0000018ae0c5a790 flushing nmethod 0x0000018aca395f10
Event: 10.131 Thread 0x0000018ae0c5a790 flushing nmethod 0x0000018aca404d10
Event: 10.164 loading class java/util/concurrent/RejectedExecutionException
Event: 10.164 loading class java/util/concurrent/RejectedExecutionException done
Event: 10.252 loading class java/lang/reflect/GenericSignatureFormatError
Event: 10.252 loading class java/lang/reflect/GenericSignatureFormatError done


Dynamic libraries:
0x00007ff7079b0000 - 0x00007ff7079ba000 	C:\Program Files\Android\Android Studio1\jbr\bin\java.exe
0x00007ffe0c570000 - 0x00007ffe0c784000 	C:\WINDOWS\SYSTEM32\ntdll.dll
0x00007ffe0aa30000 - 0x00007ffe0aaf2000 	C:\WINDOWS\System32\KERNEL32.DLL
0x00007ffe09fa0000 - 0x00007ffe0a343000 	C:\WINDOWS\System32\KERNELBASE.dll
0x00007ffe09970000 - 0x00007ffe09a81000 	C:\WINDOWS\System32\ucrtbase.dll
0x00007ffdc9320000 - 0x00007ffdc933b000 	C:\Program Files\Android\Android Studio1\jbr\bin\VCRUNTIME140.dll
0x00007ffdc9000000 - 0x00007ffdc9017000 	C:\Program Files\Android\Android Studio1\jbr\bin\jli.dll
0x00007ffe0a590000 - 0x00007ffe0a73b000 	C:\WINDOWS\System32\USER32.dll
0x00007ffdf20d0000 - 0x00007ffdf235e000 	C:\WINDOWS\WinSxS\amd64_microsoft.windows.common-controls_6595b64144ccf1df_6.0.22621.1635_none_270f70857386168e\COMCTL32.dll
0x00007ffe09e30000 - 0x00007ffe09e56000 	C:\WINDOWS\System32\win32u.dll
0x00007ffe0a950000 - 0x00007ffe0a9f7000 	C:\WINDOWS\System32\msvcrt.dll
0x00007ffe0a430000 - 0x00007ffe0a459000 	C:\WINDOWS\System32\GDI32.dll
0x00007ffe09d10000 - 0x00007ffe09e29000 	C:\WINDOWS\System32\gdi32full.dll
0x00007ffe09a90000 - 0x00007ffe09b2a000 	C:\WINDOWS\System32\msvcp_win.dll
0x00007ffe0b360000 - 0x00007ffe0b391000 	C:\WINDOWS\System32\IMM32.DLL
0x00007ffded020000 - 0x00007ffded02c000 	C:\Program Files\Android\Android Studio1\jbr\bin\vcruntime140_1.dll
0x00007ffdc1e00000 - 0x00007ffdc1e8d000 	C:\Program Files\Android\Android Studio1\jbr\bin\msvcp140.dll
0x00007ffd73300000 - 0x00007ffd73f6d000 	C:\Program Files\Android\Android Studio1\jbr\bin\server\jvm.dll
0x00007ffe0a360000 - 0x00007ffe0a40e000 	C:\WINDOWS\System32\ADVAPI32.dll
0x00007ffe0bce0000 - 0x00007ffe0bd84000 	C:\WINDOWS\System32\sechost.dll
0x00007ffe0b670000 - 0x00007ffe0b787000 	C:\WINDOWS\System32\RPCRT4.dll
0x00007ffe04fa0000 - 0x00007ffe04fa9000 	C:\WINDOWS\SYSTEM32\WSOCK32.dll
0x00007ffe0b560000 - 0x00007ffe0b5d1000 	C:\WINDOWS\System32\WS2_32.dll
0x00007ffe02300000 - 0x00007ffe02334000 	C:\WINDOWS\SYSTEM32\WINMM.dll
0x00007ffdfc020000 - 0x00007ffdfc02a000 	C:\WINDOWS\SYSTEM32\VERSION.dll
0x00007ffe08980000 - 0x00007ffe08998000 	C:\WINDOWS\SYSTEM32\kernel.appcore.dll
0x00007ffe05050000 - 0x00007ffe0505a000 	C:\Program Files\Android\Android Studio1\jbr\bin\jimage.dll
0x00007ffdfcaa0000 - 0x00007ffdfccce000 	C:\WINDOWS\SYSTEM32\DBGHELP.DLL
0x00007ffe0b950000 - 0x00007ffe0bcd9000 	C:\WINDOWS\System32\combase.dll
0x00007ffe0bf50000 - 0x00007ffe0c027000 	C:\WINDOWS\System32\OLEAUT32.dll
0x00007ffdf0760000 - 0x00007ffdf0792000 	C:\WINDOWS\SYSTEM32\dbgcore.DLL
0x00007ffe09f20000 - 0x00007ffe09f9b000 	C:\WINDOWS\System32\bcryptPrimitives.dll
0x00007ffddb4c0000 - 0x00007ffddb4e5000 	C:\Program Files\Android\Android Studio1\jbr\bin\java.dll
0x00007ffe02720000 - 0x00007ffe02738000 	C:\Program Files\Android\Android Studio1\jbr\bin\zip.dll
0x00007ffe0ab60000 - 0x00007ffe0b35a000 	C:\WINDOWS\System32\SHELL32.dll
0x00007ffe078f0000 - 0x00007ffe081be000 	C:\WINDOWS\SYSTEM32\windows.storage.dll
0x00007ffe077b0000 - 0x00007ffe078ee000 	C:\WINDOWS\SYSTEM32\wintypes.dll
0x00007ffe0a7f0000 - 0x00007ffe0a8e1000 	C:\WINDOWS\System32\SHCORE.dll
0x00007ffe0a8f0000 - 0x00007ffe0a94e000 	C:\WINDOWS\System32\shlwapi.dll
0x00007ffe098a0000 - 0x00007ffe098c1000 	C:\WINDOWS\SYSTEM32\profapi.dll
0x00007ffdf5870000 - 0x00007ffdf5889000 	C:\Program Files\Android\Android Studio1\jbr\bin\net.dll
0x00007ffe043f0000 - 0x00007ffe04527000 	C:\WINDOWS\SYSTEM32\WINHTTP.dll
0x00007ffe08e00000 - 0x00007ffe08e69000 	C:\WINDOWS\system32\mswsock.dll
0x00007ffde9570000 - 0x00007ffde9586000 	C:\Program Files\Android\Android Studio1\jbr\bin\nio.dll
0x00007ffdf1f20000 - 0x00007ffdf1f30000 	C:\Program Files\Android\Android Studio1\jbr\bin\verify.dll
0x00007ffdc8c70000 - 0x00007ffdc8c97000 	C:\Users\21269\Downloads\jdk-20_windows-x64_bin\native\68d5fa5c4cc2d200863cafc0d521ce42e7d3e7ee720ec0a83991735586a16f82\windows-amd64\native-platform.dll
0x00007ffd99b20000 - 0x00007ffd99c64000 	C:\Users\21269\Downloads\jdk-20_windows-x64_bin\native\e376f236ea51e6404a007f0833ffe2c6e607c4080706a723a18a27aeea778392\windows-amd64\native-platform-file-events.dll
0x00007ffe046b0000 - 0x00007ffe046b9000 	C:\Program Files\Android\Android Studio1\jbr\bin\management.dll
0x00007ffdf5a50000 - 0x00007ffdf5a5b000 	C:\Program Files\Android\Android Studio1\jbr\bin\management_ext.dll
0x00007ffe0a350000 - 0x00007ffe0a358000 	C:\WINDOWS\System32\PSAPI.DLL
0x00007ffe090a0000 - 0x00007ffe090bb000 	C:\WINDOWS\SYSTEM32\CRYPTSP.dll
0x00007ffe088f0000 - 0x00007ffe08925000 	C:\WINDOWS\system32\rsaenh.dll
0x00007ffe08f10000 - 0x00007ffe08f38000 	C:\WINDOWS\SYSTEM32\USERENV.dll
0x00007ffe09250000 - 0x00007ffe09278000 	C:\WINDOWS\SYSTEM32\bcrypt.dll
0x00007ffe09090000 - 0x00007ffe0909c000 	C:\WINDOWS\SYSTEM32\CRYPTBASE.dll
0x00007ffe08420000 - 0x00007ffe0844d000 	C:\WINDOWS\SYSTEM32\IPHLPAPI.DLL
0x00007ffe0a420000 - 0x00007ffe0a429000 	C:\WINDOWS\System32\NSI.dll
0x00007ffe04320000 - 0x00007ffe04339000 	C:\WINDOWS\SYSTEM32\dhcpcsvc6.DLL
0x00007ffe04300000 - 0x00007ffe0431f000 	C:\WINDOWS\SYSTEM32\dhcpcsvc.DLL
0x00007ffe08490000 - 0x00007ffe08583000 	C:\WINDOWS\SYSTEM32\DNSAPI.dll
0x00007ffdf8520000 - 0x00007ffdf8528000 	C:\WINDOWS\system32\wshunix.dll

dbghelp: loaded successfully - version: 4.0.5 - missing functions: none
symbol engine: initialized successfully - sym options: 0x614 - pdb path: .;C:\Program Files\Android\Android Studio1\jbr\bin;C:\WINDOWS\SYSTEM32;C:\WINDOWS\WinSxS\amd64_microsoft.windows.common-controls_6595b64144ccf1df_6.0.22621.1635_none_270f70857386168e;C:\Program Files\Android\Android Studio1\jbr\bin\server;C:\Users\21269\Downloads\jdk-20_windows-x64_bin\native\68d5fa5c4cc2d200863cafc0d521ce42e7d3e7ee720ec0a83991735586a16f82\windows-amd64;C:\Users\21269\Downloads\jdk-20_windows-x64_bin\native\e376f236ea51e6404a007f0833ffe2c6e607c4080706a723a18a27aeea778392\windows-amd64

VM Arguments:
jvm_args: --add-opens=java.base/java.util=ALL-UNNAMED --add-opens=java.base/java.lang=ALL-UNNAMED --add-opens=java.base/java.lang.invoke=ALL-UNNAMED --add-opens=java.prefs/java.util.prefs=ALL-UNNAMED --add-opens=java.base/java.nio.charset=ALL-UNNAMED --add-opens=java.base/java.net=ALL-UNNAMED --add-opens=java.base/java.util.concurrent.atomic=ALL-UNNAMED -Xmx2048m -Dfile.encoding=UTF-8 -Duser.country=US -Duser.language=en -Duser.variant 
java_command: org.gradle.launcher.daemon.bootstrap.GradleDaemon 8.0
java_class_path (initial): C:\Users\21269\Downloads\jdk-20_windows-x64_bin\wrapper\dists\gradle-8.0-bin\ca5e32bp14vu59qr306oxotwh\gradle-8.0\lib\gradle-launcher-8.0.jar
Launcher Type: SUN_STANDARD

[Global flags]
     intx CICompilerCount                          = 4                                         {product} {ergonomic}
     uint ConcGCThreads                            = 2                                         {product} {ergonomic}
     uint G1ConcRefinementThreads                  = 8                                         {product} {ergonomic}
   size_t G1HeapRegionSize                         = 1048576                                   {product} {ergonomic}
    uintx GCDrainStackTargetSize                   = 64                                        {product} {ergonomic}
   size_t InitialHeapSize                          = 132120576                                 {product} {ergonomic}
   size_t MarkStackSize                            = 4194304                                   {product} {ergonomic}
   size_t MaxHeapSize                              = 2147483648                                {product} {command line}
   size_t MaxNewSize                               = 1287651328                                {product} {ergonomic}
   size_t MinHeapDeltaBytes                        = 1048576                                   {product} {ergonomic}
   size_t MinHeapSize                              = 8388608                                   {product} {ergonomic}
    uintx NonNMethodCodeHeapSize                   = 5839372                                {pd product} {ergonomic}
    uintx NonProfiledCodeHeapSize                  = 122909434                              {pd product} {ergonomic}
    uintx ProfiledCodeHeapSize                     = 122909434                              {pd product} {ergonomic}
    uintx ReservedCodeCacheSize                    = 251658240                              {pd product} {ergonomic}
     bool SegmentedCodeCache                       = true                                      {product} {ergonomic}
   size_t SoftMaxHeapSize                          = 2147483648                             {manageable} {ergonomic}
     bool UseCompressedClassPointers               = true                           {product lp64_product} {ergonomic}
     bool UseCompressedOops                        = true                           {product lp64_product} {ergonomic}
     bool UseG1GC                                  = true                                      {product} {ergonomic}
     bool UseLargePagesIndividualAllocation        = false                                  {pd product} {ergonomic}

Logging:
Log output configuration:
 #0: stdout all=warning uptime,level,tags
 #1: stderr all=off uptime,level,tags

Environment Variables:
JAVA_HOME=C:\Program Files\Java\jdk-1.8
PATH=C:\Program Files\Common Files\Oracle\Java\javapath;C:\Program Files (x86)\Common Files\Oracle\Java\javapath;C:\Python310\Scripts\;C:\Python310\;C:\Windows\System32\HWAudioDriverLibs;C:\Windows\system32;C:\Windows;C:\Windows\System32\Wbem;C:\Windows\System32\WindowsPowerShell\v1.0\;C:\Windows\System32\OpenSSH\;C:\Users\Administrator\AppData\Local\Microsoft\WindowsApps;C:\composer;C:\php-8.1.10;C:\ProgramData\chocolatey\bin;C:\Program Files\nodejs\;C:\WINDOWS\system32;C:\WINDOWS;C:\WINDOWS\System32\Wbem;C:\WINDOWS\System32\WindowsPowerShell\v1.0\;C:\WINDOWS\System32\OpenSSH\;C:\Program Files\Git\cmd;C:\Program Files (x86)\Windows Kits\10\Windows Performance Toolkit\;C:\Program Files\MySQL\MySQL Shell 8.0\bin\;C:\Users\21269\AppData\Local\Microsoft\WindowsApps;C:\Users\21269\AppData\Local\Programs\Microsoft VS Code\bin;C:\Users\21269;C:\php-8.1.10;C:\MinGW\bin;C:\Users\21269\AppData\Roaming\Composer\vendor\bin;C:\Users\21269\AppData\Local\ComposerSetup\bin;C:\Users\21269\AppData\Roaming\npm;C:\Program Files\JetBrains\IntelliJ IDEA Community Edition 2022.2.2\bin;;C:\Users\21269\AppData\Local\GitHubDesktop\bin;C:\Swift\bin;C:\Users\21269\flutter\bin;C:\Users\21269\AppData\Local\Android\Sdk;JAVA_HOME%\bin;C:\Program Files\Java\jdk-20;C:\Program Files\Java\jdk-20\bin;C:\Program Files\Java\jre-1.8;
USERNAME=OumNou
OS=Windows_NT
PROCESSOR_IDENTIFIER=Intel64 Family 6 Model 140 Stepping 1, GenuineIntel
TMP=C:\Users\21269\AppData\Local\Temp
TEMP=C:\Users\21269\AppData\Local\Temp



---------------  S Y S T E M  ---------------

OS:
 Windows 11 , 64 bit Build 22621 (10.0.22621.1778)
OS uptime: 4 days 6:20 hours
Hyper-V role detected

CPU: total 8 (initial active 8) (4 cores per cpu, 2 threads per core) family 6 model 140 stepping 1 microcode 0x8a, cx8, cmov, fxsr, ht, mmx, 3dnowpref, sse, sse2, sse3, ssse3, sse4.1, sse4.2, popcnt, lzcnt, tsc, tscinvbit, avx, avx2, aes, erms, clmul, bmi1, bmi2, adx, avx512f, avx512dq, avx512cd, avx512bw, avx512vl, sha, fma, vzeroupper, avx512_vpopcntdq, avx512_vpclmulqdq, avx512_vaes, avx512_vnni, clflush, clflushopt, clwb, avx512_vbmi2, avx512_vbmi, hv

Memory: 4k page, system-wide physical 7991M (425M free)
TotalPageFile size 17281M (AvailPageFile size 133M)
current process WorkingSet (physical memory assigned to process): 483M, peak: 487M
current process commit charge ("private bytes"): 521M, peak: 874M

vm_info: OpenJDK 64-Bit Server VM (17.0.6+0-b2043.56-9586694) for windows-amd64 JRE (17.0.6+0-b2043.56-9586694), built on Feb  9 2023 20:06:20 by "androidbuild" with MS VC++ 16.10 / 16.11 (VS2019)

END.
