#
# There is insufficient memory for the Java Runtime Environment to continue.
# Native memory allocation (mmap) failed to map 213909504 bytes for G1 virtual space
# Possible reasons:
#   The system is out of physical RAM or swap space
#   The process is running with CompressedOops enabled, and the Java Heap may be blocking the growth of the native heap
# Possible solutions:
#   Reduce memory load on the system
#   Increase physical memory or swap space
#   Check if swap backing store is full
#   Decrease Java heap size (-Xmx/-Xms)
#   Decrease number of Java threads
#   Decrease Java thread stack sizes (-Xss)
#   Set larger code cache with -XX:ReservedCodeCacheSize=
#   JVM is running with Unscaled Compressed Oops mode in which the Java heap is
#     placed in the first 4GB address space. The Java Heap base address is the
#     maximum limit for the native heap growth. Please use -XX:HeapBaseMinAddress
#     to set the Java Heap base and to place the Java Heap above 4GB virtual address.
# This output file may be truncated or incomplete.
#
#  Out of Memory Error (os_windows.cpp:3769), pid=11016, tid=7716
#
# JRE version: OpenJDK Runtime Environment (17.0.6) (build 17.0.6+0-b2043.56-9586694)
# Java VM: OpenJDK 64-Bit Server VM (17.0.6+0-b2043.56-9586694, mixed mode, tiered, compressed oops, compressed class ptrs, g1 gc, windows-amd64)
# No core dump will be written. Minidumps are not enabled by default on client versions of Windows
#

---------------  S U M M A R Y ------------

Command Line: --add-opens=java.base/java.util=ALL-UNNAMED --add-opens=java.base/java.lang=ALL-UNNAMED --add-opens=java.base/java.lang.invoke=ALL-UNNAMED --add-opens=java.prefs/java.util.prefs=ALL-UNNAMED --add-opens=java.base/java.nio.charset=ALL-UNNAMED --add-opens=java.base/java.net=ALL-UNNAMED --add-opens=java.base/java.util.concurrent.atomic=ALL-UNNAMED -Xmx2048m -Dfile.encoding=UTF-8 -Duser.country=US -Duser.language=en -Duser.variant org.gradle.launcher.daemon.bootstrap.GradleDaemon 8.0

Host: 11th Gen Intel(R) Core(TM) i5-1135G7 @ 2.40GHz, 8 cores, 7G,  Windows 11 , 64 bit Build 22621 (10.0.22621.1778)
Time: Fri Jul 14 19:05:14 2023 Morocco Daylight Time elapsed time: 19.264168 seconds (0d 0h 0m 19s)

---------------  T H R E A D  ---------------

Current thread (0x0000029d4279ea00):  VMThread "VM Thread" [stack: 0x000000ffb0700000,0x000000ffb0800000] [id=7716]

Stack: [0x000000ffb0700000,0x000000ffb0800000]
Native frames: (J=compiled Java code, j=interpreted, Vv=VM code, C=native code)
V  [jvm.dll+0x683b4a]
V  [jvm.dll+0x842654]
V  [jvm.dll+0x843dfe]
V  [jvm.dll+0x844463]
V  [jvm.dll+0x249b75]
V  [jvm.dll+0x680a19]
V  [jvm.dll+0x674f0a]
V  [jvm.dll+0x309acb]
V  [jvm.dll+0x310f86]
V  [jvm.dll+0x3608ee]
V  [jvm.dll+0x360b1f]
V  [jvm.dll+0x2dfbf8]
V  [jvm.dll+0x2ddec4]
V  [jvm.dll+0x2dd4cc]
V  [jvm.dll+0x321f3b]
V  [jvm.dll+0x84893b]
V  [jvm.dll+0x849674]
V  [jvm.dll+0x849b8d]
V  [jvm.dll+0x849f64]
V  [jvm.dll+0x84a030]
V  [jvm.dll+0x7f25fa]
V  [jvm.dll+0x682985]
C  [ucrtbase.dll+0x29363]
C  [KERNEL32.DLL+0x126ad]
C  [ntdll.dll+0x5a9f8]

VM_Operation (0x000000ffb7df3b80): G1CollectForAllocation, mode: safepoint, requested by thread 0x0000029d4431ebb0


---------------  P R O C E S S  ---------------

Threads class SMR info:
_java_thread_list=0x0000029d467c6bd0, length=138, elements={
0x0000029d2892aaa0, 0x0000029d43013260, 0x0000029d43014e20, 0x0000029d427b6cf0,
0x0000029d427b78a0, 0x0000029d43035410, 0x0000029d43036ce0, 0x0000029d43037fd0,
0x0000029d43044920, 0x0000029d43045310, 0x0000029d431c9c10, 0x0000029d431ca4e0,
0x0000029d465c67e0, 0x0000029d43931870, 0x0000029d44a3e080, 0x0000029d45bccad0,
0x0000029d44876980, 0x0000029d44a80950, 0x0000029d44664540, 0x0000029d44a39060,
0x0000029d44a39530, 0x0000029d44a3b210, 0x0000029d44a39a00, 0x0000029d44a3ad40,
0x0000029d44a3c550, 0x0000029d44a3a870, 0x0000029d44a39ed0, 0x0000029d44a3a3a0,
0x0000029d44a3b6e0, 0x0000029d44a3bbb0, 0x0000029d44a3c080, 0x0000029d44a3ca20,
0x0000029d465e3e80, 0x0000029d433134e0, 0x0000029d465e21a0, 0x0000029d465e3010,
0x0000029d465e39b0, 0x0000029d465e4cf0, 0x0000029d465e2b40, 0x0000029d465e1cd0,
0x0000029d465e51c0, 0x0000029d45f32d80, 0x0000029d45f36270, 0x0000029d45f323e0,
0x0000029d45f31a40, 0x0000029d45f36c10, 0x0000029d45f33250, 0x0000029d45f34a60,
0x0000029d45f328b0, 0x0000029d45f358d0, 0x0000029d45f33720, 0x0000029d45f31f10,
0x0000029d45f33bf0, 0x0000029d45f35400, 0x0000029d45f34590, 0x0000029d45f35da0,
0x0000029d45f340c0, 0x0000029d45f36740, 0x0000029d45f34f30, 0x0000029d45f37a80,
0x0000029d45f370e0, 0x0000029d45f37f50, 0x0000029d45f30700, 0x0000029d45f30bd0,
0x0000029d45f310a0, 0x0000029d45f31570, 0x0000029d48bce7c0, 0x0000029d48bcec90,
0x0000029d48bd2650, 0x0000029d48bcf160, 0x0000029d48bcf630, 0x0000029d48bcde20,
0x0000029d48bd2180, 0x0000029d48bd1310, 0x0000029d48bd1cb0, 0x0000029d48bd2ff0,
0x0000029d48bcfb00, 0x0000029d48bcd950, 0x0000029d48bd2b20, 0x0000029d48bd0e40,
0x0000029d48bce2f0, 0x0000029d48bcffd0, 0x0000029d48bd04a0, 0x0000029d48bd0970,
0x0000029d48bd34c0, 0x0000029d48bd17e0, 0x0000029d48bd3990, 0x0000029d48bd3e60,
0x0000029d48bcc610, 0x0000029d48bccae0, 0x0000029d48bccfb0, 0x0000029d48bcd480,
0x0000029d4431f550, 0x0000029d44322f10, 0x0000029d4431c060, 0x0000029d44320d60,
0x0000029d443203c0, 0x0000029d4431ca00, 0x0000029d443233e0, 0x0000029d4431fa20,
0x0000029d4431dd40, 0x0000029d4431f080, 0x0000029d4431ced0, 0x0000029d4431e6e0,
0x0000029d4431c530, 0x0000029d4431e210, 0x0000029d4431d3a0, 0x0000029d4431d870,
0x0000029d4431ebb0, 0x0000029d44320890, 0x0000029d4431fef0, 0x0000029d44321230,
0x0000029d44321700, 0x0000029d44321bd0, 0x0000029d443220a0, 0x0000029d44322570,
0x0000029d44322a40, 0x0000029d443238b0, 0x0000029d4846e8c0, 0x0000029d4846ed90,
0x0000029d4846da50, 0x0000029d4846d580, 0x0000029d48468880, 0x0000029d4846a560,
0x0000029d4846b8a0, 0x0000029d48469bc0, 0x0000029d4846df20, 0x0000029d4846f730,
0x0000029d4846f260, 0x0000029d4846af00, 0x0000029d4846b3d0, 0x0000029d4846bd70,
0x0000029d48467ee0, 0x0000029d484683b0, 0x0000029d48468d50, 0x0000029d484696f0,
0x0000029d4846e3f0, 0x0000029d4846cbe0
}

Java Threads: ( => current thread )
  0x0000029d2892aaa0 JavaThread "main" [_thread_blocked, id=1676, stack(0x000000ffb0100000,0x000000ffb0200000)]
  0x0000029d43013260 JavaThread "Reference Handler" daemon [_thread_blocked, id=16812, stack(0x000000ffb0800000,0x000000ffb0900000)]
  0x0000029d43014e20 JavaThread "Finalizer" daemon [_thread_blocked, id=12248, stack(0x000000ffb0900000,0x000000ffb0a00000)]
  0x0000029d427b6cf0 JavaThread "Signal Dispatcher" daemon [_thread_blocked, id=9788, stack(0x000000ffb0a00000,0x000000ffb0b00000)]
  0x0000029d427b78a0 JavaThread "Attach Listener" daemon [_thread_blocked, id=5948, stack(0x000000ffb0b00000,0x000000ffb0c00000)]
  0x0000029d43035410 JavaThread "Service Thread" daemon [_thread_blocked, id=15168, stack(0x000000ffb0c00000,0x000000ffb0d00000)]
  0x0000029d43036ce0 JavaThread "Monitor Deflation Thread" daemon [_thread_blocked, id=5808, stack(0x000000ffb0d00000,0x000000ffb0e00000)]
  0x0000029d43037fd0 JavaThread "C2 CompilerThread0" daemon [_thread_blocked, id=10936, stack(0x000000ffb0e00000,0x000000ffb0f00000)]
  0x0000029d43044920 JavaThread "C1 CompilerThread0" daemon [_thread_blocked, id=12668, stack(0x000000ffb0f00000,0x000000ffb1000000)]
  0x0000029d43045310 JavaThread "Sweeper thread" daemon [_thread_blocked, id=12608, stack(0x000000ffb1000000,0x000000ffb1100000)]
  0x0000029d431c9c10 JavaThread "Common-Cleaner" daemon [_thread_blocked, id=14984, stack(0x000000ffb1100000,0x000000ffb1200000)]
  0x0000029d431ca4e0 JavaThread "Notification Thread" daemon [_thread_blocked, id=13224, stack(0x000000ffb1200000,0x000000ffb1300000)]
  0x0000029d465c67e0 JavaThread "Daemon health stats" [_thread_blocked, id=9392, stack(0x000000ffb1a00000,0x000000ffb1b00000)]
  0x0000029d43931870 JavaThread "Incoming local TCP Connector on port 60980" [_thread_in_native, id=6120, stack(0x000000ffb1500000,0x000000ffb1600000)]
  0x0000029d44a3e080 JavaThread "Daemon periodic checks" [_thread_blocked, id=10600, stack(0x000000ffb1b00000,0x000000ffb1c00000)]
  0x0000029d45bccad0 JavaThread "Daemon" [_thread_blocked, id=5204, stack(0x000000ffb1c00000,0x000000ffb1d00000)]
  0x0000029d44876980 JavaThread "Handler for socket connection from /127.0.0.1:60980 to /127.0.0.1:60981" [_thread_in_native, id=2256, stack(0x000000ffb1d00000,0x000000ffb1e00000)]
  0x0000029d44a80950 JavaThread "Cancel handler" [_thread_blocked, id=9508, stack(0x000000ffb1e00000,0x000000ffb1f00000)]
  0x0000029d44664540 JavaThread "Daemon worker" [_thread_blocked, id=2500, stack(0x000000ffb1f00000,0x000000ffb2000000)]
  0x0000029d44a39060 JavaThread "Asynchronous log dispatcher for DefaultDaemonConnection: socket connection from /127.0.0.1:60980 to /127.0.0.1:60981" [_thread_blocked, id=11176, stack(0x000000ffb2000000,0x000000ffb2100000)]
  0x0000029d44a39530 JavaThread "Stdin handler" [_thread_blocked, id=13400, stack(0x000000ffb2100000,0x000000ffb2200000)]
  0x0000029d44a3b210 JavaThread "Daemon client event forwarder" [_thread_blocked, id=16744, stack(0x000000ffb2200000,0x000000ffb2300000)]
  0x0000029d44a39a00 JavaThread "Cache worker for journal cache (C:\Users\21269\Downloads\jdk-20_windows-x64_bin\caches\journal-1)" [_thread_blocked, id=4724, stack(0x000000ffb2700000,0x000000ffb2800000)]
  0x0000029d44a3ad40 JavaThread "File lock request listener" [_thread_in_native, id=14528, stack(0x000000ffb2800000,0x000000ffb2900000)]
  0x0000029d44a3c550 JavaThread "Cache worker for file hash cache (C:\Users\21269\Downloads\jdk-20_windows-x64_bin\caches\8.0\fileHashes)" [_thread_blocked, id=9652, stack(0x000000ffb2900000,0x000000ffb2a00000)]
  0x0000029d44a3a870 JavaThread "File watcher server" daemon [_thread_blocked, id=15596, stack(0x000000ffb2b00000,0x000000ffb2c00000)]
  0x0000029d44a39ed0 JavaThread "File watcher consumer" daemon [_thread_blocked, id=16468, stack(0x000000ffb2c00000,0x000000ffb2d00000)]
  0x0000029d44a3a3a0 JavaThread "Cache worker for checksums cache (C:\Users\21269\Desktop\SignApp\.gradle\8.0\checksums)" [_thread_blocked, id=10848, stack(0x000000ffb2a00000,0x000000ffb2b00000)]
  0x0000029d44a3b6e0 JavaThread "Cache worker for cache directory md-rule (C:\Users\21269\Downloads\jdk-20_windows-x64_bin\caches\8.0\md-rule)" [_thread_blocked, id=10644, stack(0x000000ffb2d00000,0x000000ffb2e00000)]
  0x0000029d44a3bbb0 JavaThread "Cache worker for file content cache (C:\Users\21269\Downloads\jdk-20_windows-x64_bin\caches\8.0\fileContent)" [_thread_blocked, id=4928, stack(0x000000ffb2e00000,0x000000ffb2f00000)]
  0x0000029d44a3c080 JavaThread "Cache worker for file hash cache (C:\Users\21269\Desktop\SignApp\.gradle\8.0\fileHashes)" [_thread_blocked, id=15164, stack(0x000000ffb2f00000,0x000000ffb3000000)]
  0x0000029d44a3ca20 JavaThread "Cache worker for cache directory md-supplier (C:\Users\21269\Downloads\jdk-20_windows-x64_bin\caches\8.0\md-supplier)" [_thread_blocked, id=16352, stack(0x000000ffb3000000,0x000000ffb3100000)]
  0x0000029d465e3e80 JavaThread "Cache worker for execution history cache (C:\Users\21269\Downloads\jdk-20_windows-x64_bin\caches\8.0\executionHistory)" [_thread_blocked, id=14996, stack(0x000000ffb1400000,0x000000ffb1500000)]
  0x0000029d433134e0 JavaThread "C2 CompilerThread1" daemon [_thread_blocked, id=15984, stack(0x000000ffb3100000,0x000000ffb3200000)]
  0x0000029d465e21a0 JavaThread "jar transforms" [_thread_blocked, id=8416, stack(0x000000ffb3200000,0x000000ffb3300000)]
  0x0000029d465e3010 JavaThread "jar transforms Thread 2" [_thread_blocked, id=16836, stack(0x000000ffb3300000,0x000000ffb3400000)]
  0x0000029d465e39b0 JavaThread "jar transforms Thread 3" [_thread_blocked, id=12588, stack(0x000000ffb3500000,0x000000ffb3600000)]
  0x0000029d465e4cf0 JavaThread "jar transforms Thread 4" [_thread_blocked, id=16572, stack(0x000000ffb3600000,0x000000ffb3700000)]
  0x0000029d465e2b40 JavaThread "Cache worker for dependencies-accessors (C:\Users\21269\Desktop\SignApp\.gradle\8.0\dependencies-accessors)" [_thread_blocked, id=15048, stack(0x000000ffb3700000,0x000000ffb3800000)]
  0x0000029d465e1cd0 JavaThread "jar transforms Thread 5" [_thread_blocked, id=12484, stack(0x000000ffb3800000,0x000000ffb3900000)]
  0x0000029d465e51c0 JavaThread "Cache worker for Build Output Cleanup Cache (C:\Users\21269\Desktop\SignApp\.gradle\buildOutputCleanup)" [_thread_blocked, id=2416, stack(0x000000ffb3900000,0x000000ffb3a00000)]
  0x0000029d45f32d80 JavaThread "Unconstrained build operations" [_thread_blocked, id=2580, stack(0x000000ffb3a00000,0x000000ffb3b00000)]
  0x0000029d45f36270 JavaThread "Unconstrained build operations Thread 2" [_thread_blocked, id=11028, stack(0x000000ffb3b00000,0x000000ffb3c00000)]
  0x0000029d45f323e0 JavaThread "Unconstrained build operations Thread 3" [_thread_blocked, id=4704, stack(0x000000ffb3c00000,0x000000ffb3d00000)]
  0x0000029d45f31a40 JavaThread "Unconstrained build operations Thread 4" [_thread_blocked, id=13664, stack(0x000000ffb3d00000,0x000000ffb3e00000)]
  0x0000029d45f36c10 JavaThread "Unconstrained build operations Thread 5" [_thread_blocked, id=6600, stack(0x000000ffb3e00000,0x000000ffb3f00000)]
  0x0000029d45f33250 JavaThread "Unconstrained build operations Thread 6" [_thread_blocked, id=13820, stack(0x000000ffb3f00000,0x000000ffb4000000)]
  0x0000029d45f34a60 JavaThread "Unconstrained build operations Thread 7" [_thread_blocked, id=11968, stack(0x000000ffb4000000,0x000000ffb4100000)]
  0x0000029d45f328b0 JavaThread "Unconstrained build operations Thread 8" [_thread_blocked, id=15936, stack(0x000000ffb4100000,0x000000ffb4200000)]
  0x0000029d45f358d0 JavaThread "Unconstrained build operations Thread 9" [_thread_blocked, id=1772, stack(0x000000ffb4200000,0x000000ffb4300000)]
  0x0000029d45f33720 JavaThread "Unconstrained build operations Thread 10" [_thread_blocked, id=5804, stack(0x000000ffb4300000,0x000000ffb4400000)]
  0x0000029d45f31f10 JavaThread "Unconstrained build operations Thread 11" [_thread_blocked, id=3556, stack(0x000000ffb4400000,0x000000ffb4500000)]
  0x0000029d45f33bf0 JavaThread "Unconstrained build operations Thread 12" [_thread_blocked, id=8524, stack(0x000000ffb4500000,0x000000ffb4600000)]
  0x0000029d45f35400 JavaThread "Unconstrained build operations Thread 13" [_thread_blocked, id=17028, stack(0x000000ffb4600000,0x000000ffb4700000)]
  0x0000029d45f34590 JavaThread "Unconstrained build operations Thread 14" [_thread_blocked, id=14732, stack(0x000000ffb4700000,0x000000ffb4800000)]
  0x0000029d45f35da0 JavaThread "Unconstrained build operations Thread 15" [_thread_blocked, id=17352, stack(0x000000ffb4800000,0x000000ffb4900000)]
  0x0000029d45f340c0 JavaThread "Unconstrained build operations Thread 16" [_thread_blocked, id=14220, stack(0x000000ffb4900000,0x000000ffb4a00000)]
  0x0000029d45f36740 JavaThread "Unconstrained build operations Thread 17" [_thread_blocked, id=13344, stack(0x000000ffb4a00000,0x000000ffb4b00000)]
  0x0000029d45f34f30 JavaThread "Unconstrained build operations Thread 18" [_thread_blocked, id=14308, stack(0x000000ffb4b00000,0x000000ffb4c00000)]
  0x0000029d45f37a80 JavaThread "Unconstrained build operations Thread 19" [_thread_blocked, id=13360, stack(0x000000ffb4c00000,0x000000ffb4d00000)]
  0x0000029d45f370e0 JavaThread "Unconstrained build operations Thread 20" [_thread_blocked, id=12412, stack(0x000000ffb4d00000,0x000000ffb4e00000)]
  0x0000029d45f37f50 JavaThread "Unconstrained build operations Thread 21" [_thread_blocked, id=9640, stack(0x000000ffb4e00000,0x000000ffb4f00000)]
  0x0000029d45f30700 JavaThread "Unconstrained build operations Thread 22" [_thread_blocked, id=6104, stack(0x000000ffb4f00000,0x000000ffb5000000)]
  0x0000029d45f30bd0 JavaThread "Unconstrained build operations Thread 23" [_thread_blocked, id=4740, stack(0x000000ffb5000000,0x000000ffb5100000)]
  0x0000029d45f310a0 JavaThread "Unconstrained build operations Thread 24" [_thread_blocked, id=15700, stack(0x000000ffb5100000,0x000000ffb5200000)]
  0x0000029d45f31570 JavaThread "Unconstrained build operations Thread 25" [_thread_blocked, id=3376, stack(0x000000ffb5200000,0x000000ffb5300000)]
  0x0000029d48bce7c0 JavaThread "Unconstrained build operations Thread 26" [_thread_blocked, id=10056, stack(0x000000ffb5300000,0x000000ffb5400000)]
  0x0000029d48bcec90 JavaThread "Unconstrained build operations Thread 27" [_thread_blocked, id=16788, stack(0x000000ffb5400000,0x000000ffb5500000)]
  0x0000029d48bd2650 JavaThread "Unconstrained build operations Thread 28" [_thread_blocked, id=15032, stack(0x000000ffb5500000,0x000000ffb5600000)]
  0x0000029d48bcf160 JavaThread "Unconstrained build operations Thread 29" [_thread_blocked, id=10128, stack(0x000000ffb5600000,0x000000ffb5700000)]
  0x0000029d48bcf630 JavaThread "Unconstrained build operations Thread 30" [_thread_blocked, id=17024, stack(0x000000ffb5700000,0x000000ffb5800000)]
  0x0000029d48bcde20 JavaThread "Unconstrained build operations Thread 31" [_thread_blocked, id=7900, stack(0x000000ffb5800000,0x000000ffb5900000)]
  0x0000029d48bd2180 JavaThread "Unconstrained build operations Thread 32" [_thread_blocked, id=13024, stack(0x000000ffb5900000,0x000000ffb5a00000)]
  0x0000029d48bd1310 JavaThread "Unconstrained build operations Thread 33" [_thread_blocked, id=13536, stack(0x000000ffb5a00000,0x000000ffb5b00000)]
  0x0000029d48bd1cb0 JavaThread "Unconstrained build operations Thread 34" [_thread_blocked, id=15252, stack(0x000000ffb5b00000,0x000000ffb5c00000)]
  0x0000029d48bd2ff0 JavaThread "Unconstrained build operations Thread 35" [_thread_blocked, id=8848, stack(0x000000ffb5c00000,0x000000ffb5d00000)]
  0x0000029d48bcfb00 JavaThread "Unconstrained build operations Thread 36" [_thread_blocked, id=11488, stack(0x000000ffb5d00000,0x000000ffb5e00000)]
  0x0000029d48bcd950 JavaThread "Unconstrained build operations Thread 37" [_thread_blocked, id=14588, stack(0x000000ffb5e00000,0x000000ffb5f00000)]
  0x0000029d48bd2b20 JavaThread "Unconstrained build operations Thread 38" [_thread_blocked, id=3776, stack(0x000000ffb5f00000,0x000000ffb6000000)]
  0x0000029d48bd0e40 JavaThread "Unconstrained build operations Thread 39" [_thread_blocked, id=956, stack(0x000000ffb6000000,0x000000ffb6100000)]
  0x0000029d48bce2f0 JavaThread "Unconstrained build operations Thread 40" [_thread_blocked, id=8844, stack(0x000000ffb6100000,0x000000ffb6200000)]
  0x0000029d48bcffd0 JavaThread "Unconstrained build operations Thread 41" [_thread_blocked, id=15052, stack(0x000000ffb6200000,0x000000ffb6300000)]
  0x0000029d48bd04a0 JavaThread "Unconstrained build operations Thread 42" [_thread_blocked, id=8072, stack(0x000000ffb6300000,0x000000ffb6400000)]
  0x0000029d48bd0970 JavaThread "Unconstrained build operations Thread 43" [_thread_blocked, id=13888, stack(0x000000ffb6400000,0x000000ffb6500000)]
  0x0000029d48bd34c0 JavaThread "Unconstrained build operations Thread 44" [_thread_blocked, id=6668, stack(0x000000ffb6500000,0x000000ffb6600000)]
  0x0000029d48bd17e0 JavaThread "Unconstrained build operations Thread 45" [_thread_blocked, id=8492, stack(0x000000ffb6600000,0x000000ffb6700000)]
  0x0000029d48bd3990 JavaThread "Unconstrained build operations Thread 46" [_thread_blocked, id=16388, stack(0x000000ffb6700000,0x000000ffb6800000)]
  0x0000029d48bd3e60 JavaThread "Unconstrained build operations Thread 47" [_thread_blocked, id=13076, stack(0x000000ffb6800000,0x000000ffb6900000)]
  0x0000029d48bcc610 JavaThread "Unconstrained build operations Thread 48" [_thread_blocked, id=16512, stack(0x000000ffb6900000,0x000000ffb6a00000)]
  0x0000029d48bccae0 JavaThread "Unconstrained build operations Thread 49" [_thread_blocked, id=9592, stack(0x000000ffb6a00000,0x000000ffb6b00000)]
  0x0000029d48bccfb0 JavaThread "Unconstrained build operations Thread 50" [_thread_blocked, id=16152, stack(0x000000ffb6b00000,0x000000ffb6c00000)]
  0x0000029d48bcd480 JavaThread "Unconstrained build operations Thread 51" [_thread_blocked, id=2516, stack(0x000000ffb6c00000,0x000000ffb6d00000)]
  0x0000029d4431f550 JavaThread "Unconstrained build operations Thread 52" [_thread_blocked, id=15152, stack(0x000000ffb6d00000,0x000000ffb6e00000)]
  0x0000029d44322f10 JavaThread "Unconstrained build operations Thread 53" [_thread_blocked, id=6852, stack(0x000000ffb6e00000,0x000000ffb6f00000)]
  0x0000029d4431c060 JavaThread "Unconstrained build operations Thread 54" [_thread_blocked, id=3824, stack(0x000000ffb6f00000,0x000000ffb7000000)]
  0x0000029d44320d60 JavaThread "Unconstrained build operations Thread 55" [_thread_blocked, id=5276, stack(0x000000ffb7000000,0x000000ffb7100000)]
  0x0000029d443203c0 JavaThread "Unconstrained build operations Thread 56" [_thread_blocked, id=16452, stack(0x000000ffb7100000,0x000000ffb7200000)]
  0x0000029d4431ca00 JavaThread "Unconstrained build operations Thread 57" [_thread_blocked, id=14668, stack(0x000000ffb7200000,0x000000ffb7300000)]
  0x0000029d443233e0 JavaThread "Unconstrained build operations Thread 58" [_thread_blocked, id=14652, stack(0x000000ffb7300000,0x000000ffb7400000)]
  0x0000029d4431fa20 JavaThread "Unconstrained build operations Thread 59" [_thread_blocked, id=7668, stack(0x000000ffb7400000,0x000000ffb7500000)]
  0x0000029d4431dd40 JavaThread "Unconstrained build operations Thread 60" [_thread_blocked, id=11168, stack(0x000000ffb7500000,0x000000ffb7600000)]
  0x0000029d4431f080 JavaThread "Unconstrained build operations Thread 61" [_thread_blocked, id=17120, stack(0x000000ffb7600000,0x000000ffb7700000)]
  0x0000029d4431ced0 JavaThread "Unconstrained build operations Thread 62" [_thread_blocked, id=13944, stack(0x000000ffb7700000,0x000000ffb7800000)]
  0x0000029d4431e6e0 JavaThread "Unconstrained build operations Thread 63" [_thread_blocked, id=12180, stack(0x000000ffb7800000,0x000000ffb7900000)]
  0x0000029d4431c530 JavaThread "Unconstrained build operations Thread 64" [_thread_blocked, id=10620, stack(0x000000ffb7900000,0x000000ffb7a00000)]
  0x0000029d4431e210 JavaThread "Unconstrained build operations Thread 65" [_thread_blocked, id=9988, stack(0x000000ffb7a00000,0x000000ffb7b00000)]
  0x0000029d4431d3a0 JavaThread "Unconstrained build operations Thread 66" [_thread_blocked, id=12368, stack(0x000000ffb7b00000,0x000000ffb7c00000)]
  0x0000029d4431d870 JavaThread "Unconstrained build operations Thread 67" [_thread_blocked, id=9052, stack(0x000000ffb7c00000,0x000000ffb7d00000)]
  0x0000029d4431ebb0 JavaThread "Unconstrained build operations Thread 68" [_thread_blocked, id=8016, stack(0x000000ffb7d00000,0x000000ffb7e00000)]
  0x0000029d44320890 JavaThread "Unconstrained build operations Thread 69" [_thread_blocked, id=10568, stack(0x000000ffb7e00000,0x000000ffb7f00000)]
  0x0000029d4431fef0 JavaThread "Unconstrained build operations Thread 70" [_thread_blocked, id=13924, stack(0x000000ffb7f00000,0x000000ffb8000000)]
  0x0000029d44321230 JavaThread "Unconstrained build operations Thread 71" [_thread_blocked, id=16140, stack(0x000000ffb8000000,0x000000ffb8100000)]
  0x0000029d44321700 JavaThread "Unconstrained build operations Thread 72" [_thread_blocked, id=6824, stack(0x000000ffb8100000,0x000000ffb8200000)]
  0x0000029d44321bd0 JavaThread "Unconstrained build operations Thread 73" [_thread_blocked, id=2472, stack(0x000000ffb8200000,0x000000ffb8300000)]
  0x0000029d443220a0 JavaThread "Unconstrained build operations Thread 74" [_thread_blocked, id=13592, stack(0x000000ffb8300000,0x000000ffb8400000)]
  0x0000029d44322570 JavaThread "Unconstrained build operations Thread 75" [_thread_blocked, id=6428, stack(0x000000ffb8400000,0x000000ffb8500000)]
  0x0000029d44322a40 JavaThread "Unconstrained build operations Thread 76" [_thread_blocked, id=7596, stack(0x000000ffb8500000,0x000000ffb8600000)]
  0x0000029d443238b0 JavaThread "Unconstrained build operations Thread 77" [_thread_blocked, id=12900, stack(0x000000ffb8600000,0x000000ffb8700000)]
  0x0000029d4846e8c0 JavaThread "Unconstrained build operations Thread 78" [_thread_blocked, id=3596, stack(0x000000ffb8700000,0x000000ffb8800000)]
  0x0000029d4846ed90 JavaThread "Unconstrained build operations Thread 79" [_thread_blocked, id=11440, stack(0x000000ffb8800000,0x000000ffb8900000)]
  0x0000029d4846da50 JavaThread "Unconstrained build operations Thread 80" [_thread_blocked, id=6284, stack(0x000000ffb8900000,0x000000ffb8a00000)]
  0x0000029d4846d580 JavaThread "jar transforms Thread 6" [_thread_blocked, id=720, stack(0x000000ffb8a00000,0x000000ffb8b00000)]
  0x0000029d48468880 JavaThread "jar transforms Thread 7" [_thread_blocked, id=11756, stack(0x000000ffb8b00000,0x000000ffb8c00000)]
  0x0000029d4846a560 JavaThread "jar transforms Thread 8" [_thread_blocked, id=15844, stack(0x000000ffb8c00000,0x000000ffb8d00000)]
  0x0000029d4846b8a0 JavaThread "build event listener" [_thread_blocked, id=9724, stack(0x000000ffb8d00000,0x000000ffb8e00000)]
  0x0000029d48469bc0 JavaThread "Memory manager" [_thread_blocked, id=16856, stack(0x000000ffb8e00000,0x000000ffb8f00000)]
  0x0000029d4846df20 JavaThread "pool-3-thread-1" [_thread_blocked, id=7260, stack(0x000000ffb8f00000,0x000000ffb9000000)]
  0x0000029d4846f730 JavaThread "build event listener" [_thread_blocked, id=4636, stack(0x000000ffb9000000,0x000000ffb9100000)]
  0x0000029d4846f260 JavaThread "included builds" [_thread_blocked, id=13908, stack(0x000000ffb9100000,0x000000ffb9200000)]
  0x0000029d4846af00 JavaThread "Execution worker" [_thread_blocked, id=8024, stack(0x000000ffb9200000,0x000000ffb9300000)]
  0x0000029d4846b3d0 JavaThread "Execution worker Thread 2" [_thread_blocked, id=8480, stack(0x000000ffb9300000,0x000000ffb9400000)]
  0x0000029d4846bd70 JavaThread "Execution worker Thread 3" [_thread_blocked, id=13632, stack(0x000000ffb9400000,0x000000ffb9500000)]
  0x0000029d48467ee0 JavaThread "Execution worker Thread 4" [_thread_blocked, id=16052, stack(0x000000ffb9500000,0x000000ffb9600000)]
  0x0000029d484683b0 JavaThread "Execution worker Thread 5" [_thread_blocked, id=17172, stack(0x000000ffb9600000,0x000000ffb9700000)]
  0x0000029d48468d50 JavaThread "Execution worker Thread 6" [_thread_blocked, id=10904, stack(0x000000ffb9700000,0x000000ffb9800000)]
  0x0000029d484696f0 JavaThread "Execution worker Thread 7" [_thread_blocked, id=15580, stack(0x000000ffb9800000,0x000000ffb9900000)]
  0x0000029d4846e3f0 JavaThread "Cache worker for execution history cache (C:\Users\21269\Desktop\SignApp\.gradle\8.0\executionHistory)" [_thread_blocked, id=9268, stack(0x000000ffb9900000,0x000000ffb9a00000)]
  0x0000029d4846cbe0 JavaThread "WorkerExecutor Queue" [_thread_blocked, id=5072, stack(0x000000ffb9a00000,0x000000ffb9b00000)]

Other Threads:
=>0x0000029d4279ea00 VMThread "VM Thread" [stack: 0x000000ffb0700000,0x000000ffb0800000] [id=7716]
  0x0000029d289acb60 WatcherThread [stack: 0x000000ffb1300000,0x000000ffb1400000] [id=17376]
  0x0000029d28985d30 GCTaskThread "GC Thread#0" [stack: 0x000000ffb0200000,0x000000ffb0300000] [id=14412]
  0x0000029d43df05f0 GCTaskThread "GC Thread#1" [stack: 0x000000ffb1600000,0x000000ffb1700000] [id=2960]
  0x0000029d43df08a0 GCTaskThread "GC Thread#2" [stack: 0x000000ffb1700000,0x000000ffb1800000] [id=10920]
  0x0000029d43e67dd0 GCTaskThread "GC Thread#3" [stack: 0x000000ffb1800000,0x000000ffb1900000] [id=17096]
  0x0000029d44423da0 GCTaskThread "GC Thread#4" [stack: 0x000000ffb1900000,0x000000ffb1a00000] [id=11716]
  0x0000029d444dc930 GCTaskThread "GC Thread#5" [stack: 0x000000ffb2300000,0x000000ffb2400000] [id=4368]
  0x0000029d46264530 GCTaskThread "GC Thread#6" [stack: 0x000000ffb2400000,0x000000ffb2500000] [id=16252]
  0x0000029d44bd52a0 GCTaskThread "GC Thread#7" [stack: 0x000000ffb2500000,0x000000ffb2600000] [id=540]
  0x0000029d28996e40 ConcurrentGCThread "G1 Main Marker" [stack: 0x000000ffb0300000,0x000000ffb0400000] [id=4344]
  0x0000029d28997ff0 ConcurrentGCThread "G1 Conc#0" [stack: 0x000000ffb0400000,0x000000ffb0500000] [id=14968]
  0x0000029d4586fd90 ConcurrentGCThread "G1 Conc#1" [stack: 0x000000ffb2600000,0x000000ffb2700000] [id=16156]
  0x0000029d289ede80 ConcurrentGCThread "G1 Refine#0" [stack: 0x000000ffb0500000,0x000000ffb0600000] [id=12376]
  0x0000029d4660eef0 ConcurrentGCThread "G1 Refine#1" [stack: 0x000000ffb3400000,0x000000ffb3500000] [id=1248]
  0x0000029d289ee740 ConcurrentGCThread "G1 Service" [stack: 0x000000ffb0600000,0x000000ffb0700000] [id=7052]

Threads with active compile tasks:
C2 CompilerThread0    19295 11512       4       com.android.tools.r8.graph.W3::c (280 bytes)
C1 CompilerThread0    19295 11554 %     3       com.android.tools.r8.internal.Y9::a @ 4363 (4479 bytes)
C2 CompilerThread1    19295 11566       4       com.android.tools.r8.utils.t0::e (297 bytes)

VM state: at safepoint (normal execution)

VM Mutex/Monitor currently owned by a thread:  ([mutex/lock_event])
[0x0000029d289243c0] Threads_lock - owner thread: 0x0000029d4279ea00
[0x0000029d289256e0] Heap_lock - owner thread: 0x0000029d4431ebb0

Heap address: 0x0000000080000000, size: 2048 MB, Compressed Oops mode: 32-bit

CDS archive(s) not mapped
Compressed class space mapped at: 0x0000000100000000-0x0000000140000000, reserved size: 1073741824
Narrow klass base: 0x0000000000000000, Narrow klass shift: 3, Narrow klass range: 0x140000000

GC Precious Log:
 CPUs: 8 total, 8 available
 Memory: 7991M
 Large Page Support: Disabled
 NUMA Support: Disabled
 Compressed Oops: Enabled (32-bit)
 Heap Region Size: 1M
 Heap Min Capacity: 8M
 Heap Initial Capacity: 126M
 Heap Max Capacity: 2G
 Pre-touch: Disabled
 Parallel Workers: 8
 Concurrent Workers: 2
 Concurrent Refinement Workers: 8
 Periodic GC: Disabled

Heap:
 garbage-first heap   total 208896K, used 116579K [0x0000000080000000, 0x0000000100000000)
  region size 1024K, 9 young (9216K), 9 survivors (9216K)
 Metaspace       used 103089K, committed 103744K, reserved 1146880K
  class space    used 14115K, committed 14400K, reserved 1048576K

Heap Regions: E=young(eden), S=young(survivor), O=old, HS=humongous(starts), HC=humongous(continues), CS=collection set, F=free, OA=open archive, CA=closed archive, TAMS=top-at-mark-start (previous, next)
|   0|0x0000000080000000, 0x0000000080100000, 0x0000000080100000|100%|HS|  |TAMS 0x0000000080100000, 0x0000000080100000| Complete 
|   1|0x0000000080100000, 0x0000000080200000, 0x0000000080200000|100%|HC|  |TAMS 0x0000000080200000, 0x0000000080200000| Complete 
|   2|0x0000000080200000, 0x0000000080300000, 0x0000000080300000|100%|HC|  |TAMS 0x0000000080300000, 0x0000000080300000| Complete 
|   3|0x0000000080300000, 0x0000000080400000, 0x0000000080400000|100%|HC|  |TAMS 0x0000000080400000, 0x0000000080400000| Complete 
|   4|0x0000000080400000, 0x0000000080500000, 0x0000000080500000|100%| O|  |TAMS 0x0000000080500000, 0x0000000080500000| Untracked 
|   5|0x0000000080500000, 0x0000000080600000, 0x0000000080600000|100%| O|  |TAMS 0x0000000080600000, 0x0000000080600000| Untracked 
|   6|0x0000000080600000, 0x0000000080700000, 0x0000000080700000|100%| O|  |TAMS 0x0000000080700000, 0x0000000080700000| Untracked 
|   7|0x0000000080700000, 0x0000000080800000, 0x0000000080800000|100%| O|  |TAMS 0x0000000080800000, 0x0000000080800000| Untracked 
|   8|0x0000000080800000, 0x0000000080900000, 0x0000000080900000|100%| O|  |TAMS 0x0000000080900000, 0x0000000080900000| Untracked 
|   9|0x0000000080900000, 0x0000000080a00000, 0x0000000080a00000|100%| O|  |TAMS 0x0000000080a00000, 0x0000000080a00000| Untracked 
|  10|0x0000000080a00000, 0x0000000080b00000, 0x0000000080b00000|100%| O|  |TAMS 0x0000000080b00000, 0x0000000080b00000| Untracked 
|  11|0x0000000080b00000, 0x0000000080c00000, 0x0000000080c00000|100%| O|  |TAMS 0x0000000080c00000, 0x0000000080c00000| Untracked 
|  12|0x0000000080c00000, 0x0000000080d00000, 0x0000000080d00000|100%| O|  |TAMS 0x0000000080d00000, 0x0000000080d00000| Untracked 
|  13|0x0000000080d00000, 0x0000000080e00000, 0x0000000080e00000|100%| O|  |TAMS 0x0000000080e00000, 0x0000000080e00000| Untracked 
|  14|0x0000000080e00000, 0x0000000080f00000, 0x0000000080f00000|100%| O|  |TAMS 0x0000000080f00000, 0x0000000080f00000| Untracked 
|  15|0x0000000080f00000, 0x0000000081000000, 0x0000000081000000|100%| O|  |TAMS 0x0000000081000000, 0x0000000081000000| Untracked 
|  16|0x0000000081000000, 0x0000000081100000, 0x0000000081100000|100%| O|  |TAMS 0x0000000081100000, 0x0000000081100000| Untracked 
|  17|0x0000000081100000, 0x0000000081200000, 0x0000000081200000|100%| O|  |TAMS 0x0000000081200000, 0x0000000081200000| Untracked 
|  18|0x0000000081200000, 0x0000000081300000, 0x0000000081300000|100%| O|  |TAMS 0x0000000081300000, 0x0000000081300000| Untracked 
|  19|0x0000000081300000, 0x0000000081400000, 0x0000000081400000|100%| O|  |TAMS 0x0000000081400000, 0x0000000081400000| Untracked 
|  20|0x0000000081400000, 0x0000000081500000, 0x0000000081500000|100%| O|  |TAMS 0x0000000081500000, 0x0000000081500000| Untracked 
|  21|0x0000000081500000, 0x0000000081600000, 0x0000000081600000|100%| O|  |TAMS 0x0000000081600000, 0x0000000081600000| Untracked 
|  22|0x0000000081600000, 0x0000000081700000, 0x0000000081700000|100%| O|  |TAMS 0x0000000081700000, 0x0000000081700000| Untracked 
|  23|0x0000000081700000, 0x0000000081800000, 0x0000000081800000|100%| O|  |TAMS 0x0000000081800000, 0x0000000081800000| Untracked 
|  24|0x0000000081800000, 0x0000000081900000, 0x0000000081900000|100%| O|  |TAMS 0x0000000081900000, 0x0000000081900000| Untracked 
|  25|0x0000000081900000, 0x0000000081a00000, 0x0000000081a00000|100%| O|  |TAMS 0x0000000081a00000, 0x0000000081a00000| Untracked 
|  26|0x0000000081a00000, 0x0000000081b00000, 0x0000000081b00000|100%| O|  |TAMS 0x0000000081b00000, 0x0000000081b00000| Untracked 
|  27|0x0000000081b00000, 0x0000000081c00000, 0x0000000081c00000|100%| O|  |TAMS 0x0000000081c00000, 0x0000000081c00000| Untracked 
|  28|0x0000000081c00000, 0x0000000081d00000, 0x0000000081d00000|100%| O|  |TAMS 0x0000000081d00000, 0x0000000081d00000| Untracked 
|  29|0x0000000081d00000, 0x0000000081e00000, 0x0000000081e00000|100%| O|  |TAMS 0x0000000081d00000, 0x0000000081e00000| Untracked 
|  30|0x0000000081e00000, 0x0000000081f00000, 0x0000000081f00000|100%| O|  |TAMS 0x0000000081f00000, 0x0000000081f00000| Untracked 
|  31|0x0000000081f00000, 0x0000000082000000, 0x0000000082000000|100%| O|  |TAMS 0x0000000082000000, 0x0000000082000000| Untracked 
|  32|0x0000000082000000, 0x0000000082100000, 0x0000000082100000|100%| O|  |TAMS 0x0000000082100000, 0x0000000082100000| Untracked 
|  33|0x0000000082100000, 0x0000000082200000, 0x0000000082200000|100%|HS|  |TAMS 0x0000000082200000, 0x0000000082200000| Complete 
|  34|0x0000000082200000, 0x0000000082300000, 0x0000000082300000|100%|HS|  |TAMS 0x0000000082300000, 0x0000000082300000| Complete 
|  35|0x0000000082300000, 0x0000000082400000, 0x0000000082400000|100%| O|  |TAMS 0x0000000082400000, 0x0000000082400000| Untracked 
|  36|0x0000000082400000, 0x0000000082500000, 0x0000000082500000|100%| O|  |TAMS 0x0000000082500000, 0x0000000082500000| Untracked 
|  37|0x0000000082500000, 0x0000000082600000, 0x0000000082600000|100%| O|  |TAMS 0x0000000082600000, 0x0000000082600000| Untracked 
|  38|0x0000000082600000, 0x0000000082700000, 0x0000000082700000|100%| O|  |TAMS 0x0000000082700000, 0x0000000082700000| Untracked 
|  39|0x0000000082700000, 0x0000000082800000, 0x0000000082800000|100%| O|  |TAMS 0x0000000082800000, 0x0000000082800000| Untracked 
|  40|0x0000000082800000, 0x0000000082900000, 0x0000000082900000|100%| O|  |TAMS 0x0000000082900000, 0x0000000082900000| Untracked 
|  41|0x0000000082900000, 0x0000000082a00000, 0x0000000082a00000|100%| O|  |TAMS 0x0000000082a00000, 0x0000000082a00000| Untracked 
|  42|0x0000000082a00000, 0x0000000082b00000, 0x0000000082b00000|100%| O|  |TAMS 0x0000000082b00000, 0x0000000082b00000| Untracked 
|  43|0x0000000082b00000, 0x0000000082c00000, 0x0000000082c00000|100%| O|  |TAMS 0x0000000082c00000, 0x0000000082c00000| Untracked 
|  44|0x0000000082c00000, 0x0000000082d00000, 0x0000000082d00000|100%| O|  |TAMS 0x0000000082d00000, 0x0000000082d00000| Untracked 
|  45|0x0000000082d00000, 0x0000000082e00000, 0x0000000082e00000|100%| O|  |TAMS 0x0000000082e00000, 0x0000000082e00000| Untracked 
|  46|0x0000000082e00000, 0x0000000082f00000, 0x0000000082f00000|100%| O|  |TAMS 0x0000000082f00000, 0x0000000082f00000| Untracked 
|  47|0x0000000082f00000, 0x0000000083000000, 0x0000000083000000|100%| O|  |TAMS 0x0000000083000000, 0x0000000083000000| Untracked 
|  48|0x0000000083000000, 0x0000000083100000, 0x0000000083100000|100%| O|  |TAMS 0x0000000083100000, 0x0000000083100000| Untracked 
|  49|0x0000000083100000, 0x0000000083200000, 0x0000000083200000|100%| O|  |TAMS 0x0000000083200000, 0x0000000083200000| Untracked 
|  50|0x0000000083200000, 0x0000000083300000, 0x0000000083300000|100%| O|  |TAMS 0x0000000083300000, 0x0000000083300000| Untracked 
|  51|0x0000000083300000, 0x0000000083400000, 0x0000000083400000|100%| O|  |TAMS 0x0000000083400000, 0x0000000083400000| Untracked 
|  52|0x0000000083400000, 0x0000000083500000, 0x0000000083500000|100%| O|  |TAMS 0x000000008343c000, 0x0000000083500000| Untracked 
|  53|0x0000000083500000, 0x0000000083600000, 0x0000000083600000|100%| O|  |TAMS 0x0000000083500000, 0x0000000083600000| Untracked 
|  54|0x0000000083600000, 0x0000000083700000, 0x0000000083700000|100%| O|  |TAMS 0x0000000083600000, 0x0000000083700000| Untracked 
|  55|0x0000000083700000, 0x0000000083800000, 0x0000000083800000|100%| O|  |TAMS 0x0000000083700000, 0x0000000083800000| Untracked 
|  56|0x0000000083800000, 0x0000000083900000, 0x0000000083900000|100%| O|  |TAMS 0x0000000083800000, 0x0000000083900000| Untracked 
|  57|0x0000000083900000, 0x0000000083a00000, 0x0000000083a00000|100%| O|  |TAMS 0x0000000083900000, 0x0000000083a00000| Untracked 
|  58|0x0000000083a00000, 0x0000000083b00000, 0x0000000083b00000|100%| O|  |TAMS 0x0000000083a00000, 0x0000000083b00000| Untracked 
|  59|0x0000000083b00000, 0x0000000083c00000, 0x0000000083c00000|100%| O|  |TAMS 0x0000000083b00000, 0x0000000083c00000| Untracked 
|  60|0x0000000083c00000, 0x0000000083d00000, 0x0000000083d00000|100%| O|  |TAMS 0x0000000083c00000, 0x0000000083d00000| Untracked 
|  61|0x0000000083d00000, 0x0000000083e00000, 0x0000000083e00000|100%| O|  |TAMS 0x0000000083d00000, 0x0000000083e00000| Untracked 
|  62|0x0000000083e00000, 0x0000000083f00000, 0x0000000083f00000|100%| O|  |TAMS 0x0000000083e00000, 0x0000000083f00000| Untracked 
|  63|0x0000000083f00000, 0x0000000084000000, 0x0000000084000000|100%| O|  |TAMS 0x0000000083f00000, 0x0000000084000000| Untracked 
|  64|0x0000000084000000, 0x0000000084100000, 0x0000000084100000|100%| O|  |TAMS 0x0000000084000000, 0x0000000084100000| Untracked 
|  65|0x0000000084100000, 0x0000000084200000, 0x0000000084200000|100%| O|  |TAMS 0x0000000084100000, 0x0000000084200000| Untracked 
|  66|0x0000000084200000, 0x0000000084300000, 0x0000000084300000|100%| O|  |TAMS 0x0000000084200000, 0x0000000084300000| Untracked 
|  67|0x0000000084300000, 0x0000000084400000, 0x0000000084400000|100%| O|  |TAMS 0x0000000084300000, 0x0000000084400000| Untracked 
|  68|0x0000000084400000, 0x0000000084500000, 0x0000000084500000|100%| O|  |TAMS 0x0000000084400000, 0x0000000084500000| Untracked 
|  69|0x0000000084500000, 0x0000000084600000, 0x0000000084600000|100%| O|  |TAMS 0x0000000084500000, 0x0000000084600000| Untracked 
|  70|0x0000000084600000, 0x0000000084700000, 0x0000000084700000|100%| O|  |TAMS 0x0000000084600000, 0x0000000084700000| Untracked 
|  71|0x0000000084700000, 0x0000000084800000, 0x0000000084800000|100%| O|  |TAMS 0x0000000084700000, 0x0000000084800000| Untracked 
|  72|0x0000000084800000, 0x0000000084900000, 0x0000000084900000|100%| O|  |TAMS 0x0000000084800000, 0x0000000084900000| Untracked 
|  73|0x0000000084900000, 0x0000000084a00000, 0x0000000084a00000|100%| O|  |TAMS 0x0000000084900000, 0x0000000084a00000| Untracked 
|  74|0x0000000084a00000, 0x0000000084b00000, 0x0000000084b00000|100%| O|  |TAMS 0x0000000084a00000, 0x0000000084b00000| Untracked 
|  75|0x0000000084b00000, 0x0000000084c00000, 0x0000000084c00000|100%| O|  |TAMS 0x0000000084b00000, 0x0000000084c00000| Untracked 
|  76|0x0000000084c00000, 0x0000000084d00000, 0x0000000084d00000|100%| O|  |TAMS 0x0000000084c00000, 0x0000000084d00000| Untracked 
|  77|0x0000000084d00000, 0x0000000084e00000, 0x0000000084e00000|100%| O|  |TAMS 0x0000000084d00000, 0x0000000084e00000| Untracked 
|  78|0x0000000084e00000, 0x0000000084f00000, 0x0000000084f00000|100%| O|  |TAMS 0x0000000084e00000, 0x0000000084f00000| Untracked 
|  79|0x0000000084f00000, 0x0000000085000000, 0x0000000085000000|100%| O|  |TAMS 0x0000000084f00000, 0x0000000085000000| Untracked 
|  80|0x0000000085000000, 0x0000000085100000, 0x0000000085100000|100%| O|  |TAMS 0x0000000085000000, 0x0000000085100000| Untracked 
|  81|0x0000000085100000, 0x0000000085200000, 0x0000000085200000|100%| O|  |TAMS 0x0000000085100000, 0x0000000085200000| Untracked 
|  82|0x0000000085200000, 0x0000000085300000, 0x0000000085300000|100%| O|  |TAMS 0x0000000085200000, 0x0000000085300000| Untracked 
|  83|0x0000000085300000, 0x0000000085400000, 0x0000000085400000|100%| O|  |TAMS 0x0000000085300000, 0x0000000085400000| Untracked 
|  84|0x0000000085400000, 0x0000000085500000, 0x0000000085500000|100%| O|  |TAMS 0x0000000085400000, 0x0000000085500000| Untracked 
|  85|0x0000000085500000, 0x0000000085600000, 0x0000000085600000|100%| O|  |TAMS 0x0000000085500000, 0x0000000085600000| Untracked 
|  86|0x0000000085600000, 0x0000000085700000, 0x0000000085700000|100%| O|  |TAMS 0x0000000085600000, 0x0000000085700000| Untracked 
|  87|0x0000000085700000, 0x0000000085800000, 0x0000000085800000|100%| O|  |TAMS 0x0000000085700000, 0x0000000085800000| Untracked 
|  88|0x0000000085800000, 0x0000000085900000, 0x0000000085900000|100%| O|  |TAMS 0x0000000085800000, 0x0000000085900000| Untracked 
|  89|0x0000000085900000, 0x0000000085a00000, 0x0000000085a00000|100%| O|  |TAMS 0x0000000085900000, 0x0000000085a00000| Untracked 
|  90|0x0000000085a00000, 0x0000000085b00000, 0x0000000085b00000|100%| O|  |TAMS 0x0000000085a00000, 0x0000000085b00000| Untracked 
|  91|0x0000000085b00000, 0x0000000085c00000, 0x0000000085c00000|100%| O|  |TAMS 0x0000000085b00000, 0x0000000085c00000| Untracked 
|  92|0x0000000085c00000, 0x0000000085d00000, 0x0000000085d00000|100%| O|  |TAMS 0x0000000085c00000, 0x0000000085d00000| Untracked 
|  93|0x0000000085d00000, 0x0000000085e00000, 0x0000000085e00000|100%| O|  |TAMS 0x0000000085d00000, 0x0000000085db5c00| Untracked 
|  94|0x0000000085e00000, 0x0000000085f00000, 0x0000000085f00000|100%| O|  |TAMS 0x0000000085e00000, 0x0000000085e00000| Untracked 
|  95|0x0000000085f00000, 0x0000000086000000, 0x0000000086000000|100%| O|  |TAMS 0x0000000085f00000, 0x0000000085f00000| Untracked 
|  96|0x0000000086000000, 0x0000000086100000, 0x0000000086100000|100%| O|  |TAMS 0x0000000086000000, 0x0000000086000000| Untracked 
|  97|0x0000000086100000, 0x0000000086200000, 0x0000000086200000|100%| O|  |TAMS 0x0000000086100000, 0x0000000086100000| Untracked 
|  98|0x0000000086200000, 0x0000000086300000, 0x0000000086300000|100%| O|  |TAMS 0x0000000086200000, 0x0000000086200000| Untracked 
|  99|0x0000000086300000, 0x0000000086400000, 0x0000000086400000|100%| O|  |TAMS 0x0000000086300000, 0x0000000086300000| Untracked 
| 100|0x0000000086400000, 0x0000000086500000, 0x0000000086500000|100%| O|  |TAMS 0x0000000086400000, 0x0000000086400000| Untracked 
| 101|0x0000000086500000, 0x0000000086600000, 0x0000000086600000|100%| O|  |TAMS 0x0000000086500000, 0x0000000086500000| Untracked 
| 102|0x0000000086600000, 0x0000000086700000, 0x0000000086700000|100%| O|  |TAMS 0x0000000086600000, 0x0000000086600000| Untracked 
| 103|0x0000000086700000, 0x0000000086800000, 0x0000000086800000|100%| O|  |TAMS 0x0000000086700000, 0x0000000086700000| Untracked 
| 104|0x0000000086800000, 0x00000000868d8e00, 0x0000000086900000| 84%| O|  |TAMS 0x0000000086800000, 0x0000000086800000| Untracked 
| 105|0x0000000086900000, 0x0000000086900000, 0x0000000086a00000|  0%| F|  |TAMS 0x0000000086900000, 0x0000000086900000| Untracked 
| 106|0x0000000086a00000, 0x0000000086a00000, 0x0000000086b00000|  0%| F|  |TAMS 0x0000000086a00000, 0x0000000086a00000| Untracked 
| 107|0x0000000086b00000, 0x0000000086b00000, 0x0000000086c00000|  0%| F|  |TAMS 0x0000000086b00000, 0x0000000086b00000| Untracked 
| 108|0x0000000086c00000, 0x0000000086c00000, 0x0000000086d00000|  0%| F|  |TAMS 0x0000000086c00000, 0x0000000086c00000| Untracked 
| 109|0x0000000086d00000, 0x0000000086d00000, 0x0000000086e00000|  0%| F|  |TAMS 0x0000000086d00000, 0x0000000086d00000| Untracked 
| 110|0x0000000086e00000, 0x0000000086e00000, 0x0000000086f00000|  0%| F|  |TAMS 0x0000000086e00000, 0x0000000086e00000| Untracked 
| 111|0x0000000086f00000, 0x0000000086f00000, 0x0000000087000000|  0%| F|  |TAMS 0x0000000086f00000, 0x0000000086f00000| Untracked 
| 112|0x0000000087000000, 0x0000000087000000, 0x0000000087100000|  0%| F|  |TAMS 0x0000000087000000, 0x0000000087000000| Untracked 
| 113|0x0000000087100000, 0x0000000087100000, 0x0000000087200000|  0%| F|  |TAMS 0x0000000087100000, 0x0000000087100000| Untracked 
| 114|0x0000000087200000, 0x0000000087200000, 0x0000000087300000|  0%| F|  |TAMS 0x0000000087200000, 0x0000000087200000| Untracked 
| 115|0x0000000087300000, 0x0000000087300000, 0x0000000087400000|  0%| F|  |TAMS 0x0000000087300000, 0x0000000087300000| Untracked 
| 116|0x0000000087400000, 0x0000000087400000, 0x0000000087500000|  0%| F|  |TAMS 0x0000000087400000, 0x0000000087400000| Untracked 
| 117|0x0000000087500000, 0x0000000087500000, 0x0000000087600000|  0%| F|  |TAMS 0x0000000087500000, 0x0000000087500000| Untracked 
| 118|0x0000000087600000, 0x0000000087600000, 0x0000000087700000|  0%| F|  |TAMS 0x0000000087600000, 0x0000000087600000| Untracked 
| 119|0x0000000087700000, 0x0000000087700000, 0x0000000087800000|  0%| F|  |TAMS 0x0000000087700000, 0x0000000087700000| Untracked 
| 120|0x0000000087800000, 0x0000000087800000, 0x0000000087900000|  0%| F|  |TAMS 0x0000000087800000, 0x0000000087800000| Untracked 
| 121|0x0000000087900000, 0x0000000087900000, 0x0000000087a00000|  0%| F|  |TAMS 0x0000000087900000, 0x0000000087900000| Untracked 
| 122|0x0000000087a00000, 0x0000000087a00000, 0x0000000087b00000|  0%| F|  |TAMS 0x0000000087a00000, 0x0000000087a00000| Untracked 
| 123|0x0000000087b00000, 0x0000000087b00000, 0x0000000087c00000|  0%| F|  |TAMS 0x0000000087b00000, 0x0000000087b00000| Untracked 
| 124|0x0000000087c00000, 0x0000000087c00000, 0x0000000087d00000|  0%| F|  |TAMS 0x0000000087c00000, 0x0000000087c00000| Untracked 
| 125|0x0000000087d00000, 0x0000000087d00000, 0x0000000087e00000|  0%| F|  |TAMS 0x0000000087d00000, 0x0000000087d00000| Untracked 
| 126|0x0000000087e00000, 0x0000000087e00000, 0x0000000087f00000|  0%| F|  |TAMS 0x0000000087e00000, 0x0000000087e00000| Untracked 
| 127|0x0000000087f00000, 0x0000000087f00000, 0x0000000088000000|  0%| F|  |TAMS 0x0000000087f00000, 0x0000000087f00000| Untracked 
| 128|0x0000000088000000, 0x0000000088000000, 0x0000000088100000|  0%| F|  |TAMS 0x0000000088000000, 0x0000000088000000| Untracked 
| 129|0x0000000088100000, 0x0000000088100000, 0x0000000088200000|  0%| F|  |TAMS 0x0000000088100000, 0x0000000088100000| Untracked 
| 130|0x0000000088200000, 0x0000000088200000, 0x0000000088300000|  0%| F|  |TAMS 0x0000000088200000, 0x0000000088200000| Untracked 
| 131|0x0000000088300000, 0x0000000088300000, 0x0000000088400000|  0%| F|  |TAMS 0x0000000088300000, 0x0000000088300000| Untracked 
| 132|0x0000000088400000, 0x0000000088400000, 0x0000000088500000|  0%| F|  |TAMS 0x0000000088400000, 0x0000000088400000| Untracked 
| 133|0x0000000088500000, 0x0000000088500000, 0x0000000088600000|  0%| F|  |TAMS 0x0000000088500000, 0x0000000088500000| Untracked 
| 134|0x0000000088600000, 0x0000000088600000, 0x0000000088700000|  0%| F|  |TAMS 0x0000000088600000, 0x0000000088600000| Untracked 
| 135|0x0000000088700000, 0x0000000088700000, 0x0000000088800000|  0%| F|  |TAMS 0x0000000088700000, 0x0000000088700000| Untracked 
| 136|0x0000000088800000, 0x0000000088900000, 0x0000000088900000|100%| S|CS|TAMS 0x0000000088800000, 0x0000000088800000| Complete 
| 137|0x0000000088900000, 0x0000000088a00000, 0x0000000088a00000|100%| S|CS|TAMS 0x0000000088900000, 0x0000000088900000| Complete 
| 138|0x0000000088a00000, 0x0000000088b00000, 0x0000000088b00000|100%| S|CS|TAMS 0x0000000088a00000, 0x0000000088a00000| Complete 
| 139|0x0000000088b00000, 0x0000000088c00000, 0x0000000088c00000|100%| S|CS|TAMS 0x0000000088b00000, 0x0000000088b00000| Complete 
| 140|0x0000000088c00000, 0x0000000088d00000, 0x0000000088d00000|100%| S|CS|TAMS 0x0000000088c00000, 0x0000000088c00000| Complete 
| 141|0x0000000088d00000, 0x0000000088e00000, 0x0000000088e00000|100%| S|CS|TAMS 0x0000000088d00000, 0x0000000088d00000| Complete 
| 142|0x0000000088e00000, 0x0000000088f00000, 0x0000000088f00000|100%| S|CS|TAMS 0x0000000088e00000, 0x0000000088e00000| Complete 
| 143|0x0000000088f00000, 0x0000000089000000, 0x0000000089000000|100%| S|CS|TAMS 0x0000000088f00000, 0x0000000088f00000| Complete 
| 144|0x0000000089000000, 0x0000000089100000, 0x0000000089100000|100%| S|CS|TAMS 0x0000000089000000, 0x0000000089000000| Complete 
| 145|0x0000000089100000, 0x0000000089100000, 0x0000000089200000|  0%| F|  |TAMS 0x0000000089100000, 0x0000000089100000| Untracked 
| 146|0x0000000089200000, 0x0000000089200000, 0x0000000089300000|  0%| F|  |TAMS 0x0000000089200000, 0x0000000089200000| Untracked 
| 147|0x0000000089300000, 0x0000000089300000, 0x0000000089400000|  0%| F|  |TAMS 0x0000000089300000, 0x0000000089300000| Untracked 
| 148|0x0000000089400000, 0x0000000089400000, 0x0000000089500000|  0%| F|  |TAMS 0x0000000089400000, 0x0000000089400000| Untracked 
| 149|0x0000000089500000, 0x0000000089500000, 0x0000000089600000|  0%| F|  |TAMS 0x0000000089500000, 0x0000000089500000| Untracked 
| 150|0x0000000089600000, 0x0000000089600000, 0x0000000089700000|  0%| F|  |TAMS 0x0000000089600000, 0x0000000089600000| Untracked 
| 151|0x0000000089700000, 0x0000000089700000, 0x0000000089800000|  0%| F|  |TAMS 0x0000000089700000, 0x0000000089700000| Untracked 
| 152|0x0000000089800000, 0x0000000089800000, 0x0000000089900000|  0%| F|  |TAMS 0x0000000089800000, 0x0000000089800000| Untracked 
| 153|0x0000000089900000, 0x0000000089900000, 0x0000000089a00000|  0%| F|  |TAMS 0x0000000089900000, 0x0000000089900000| Untracked 
| 154|0x0000000089a00000, 0x0000000089a00000, 0x0000000089b00000|  0%| F|  |TAMS 0x0000000089a00000, 0x0000000089a00000| Untracked 
| 155|0x0000000089b00000, 0x0000000089b00000, 0x0000000089c00000|  0%| F|  |TAMS 0x0000000089b00000, 0x0000000089b00000| Untracked 
| 156|0x0000000089c00000, 0x0000000089c00000, 0x0000000089d00000|  0%| F|  |TAMS 0x0000000089c00000, 0x0000000089c00000| Untracked 
| 157|0x0000000089d00000, 0x0000000089d00000, 0x0000000089e00000|  0%| F|  |TAMS 0x0000000089d00000, 0x0000000089d00000| Untracked 
| 158|0x0000000089e00000, 0x0000000089e00000, 0x0000000089f00000|  0%| F|  |TAMS 0x0000000089e00000, 0x0000000089e00000| Untracked 
| 159|0x0000000089f00000, 0x0000000089f00000, 0x000000008a000000|  0%| F|  |TAMS 0x0000000089f00000, 0x0000000089f00000| Untracked 
| 160|0x000000008a000000, 0x000000008a000000, 0x000000008a100000|  0%| F|  |TAMS 0x000000008a000000, 0x000000008a000000| Untracked 
| 161|0x000000008a100000, 0x000000008a100000, 0x000000008a200000|  0%| F|  |TAMS 0x000000008a100000, 0x000000008a100000| Untracked 
| 162|0x000000008a200000, 0x000000008a200000, 0x000000008a300000|  0%| F|  |TAMS 0x000000008a200000, 0x000000008a200000| Untracked 
| 163|0x000000008a300000, 0x000000008a300000, 0x000000008a400000|  0%| F|  |TAMS 0x000000008a300000, 0x000000008a300000| Untracked 
| 164|0x000000008a400000, 0x000000008a400000, 0x000000008a500000|  0%| F|  |TAMS 0x000000008a400000, 0x000000008a400000| Untracked 
| 165|0x000000008a500000, 0x000000008a500000, 0x000000008a600000|  0%| F|  |TAMS 0x000000008a500000, 0x000000008a500000| Untracked 
| 166|0x000000008a600000, 0x000000008a600000, 0x000000008a700000|  0%| F|  |TAMS 0x000000008a600000, 0x000000008a600000| Untracked 
| 167|0x000000008a700000, 0x000000008a700000, 0x000000008a800000|  0%| F|  |TAMS 0x000000008a700000, 0x000000008a700000| Untracked 
| 168|0x000000008a800000, 0x000000008a800000, 0x000000008a900000|  0%| F|  |TAMS 0x000000008a800000, 0x000000008a800000| Untracked 
| 169|0x000000008a900000, 0x000000008a900000, 0x000000008aa00000|  0%| F|  |TAMS 0x000000008a900000, 0x000000008a900000| Untracked 
| 170|0x000000008aa00000, 0x000000008aa00000, 0x000000008ab00000|  0%| F|  |TAMS 0x000000008aa00000, 0x000000008aa00000| Untracked 
| 171|0x000000008ab00000, 0x000000008ab00000, 0x000000008ac00000|  0%| F|  |TAMS 0x000000008ab00000, 0x000000008ab00000| Untracked 
| 172|0x000000008ac00000, 0x000000008ac00000, 0x000000008ad00000|  0%| F|  |TAMS 0x000000008ac00000, 0x000000008ac00000| Untracked 
| 173|0x000000008ad00000, 0x000000008ad00000, 0x000000008ae00000|  0%| F|  |TAMS 0x000000008ad00000, 0x000000008ad00000| Untracked 
| 174|0x000000008ae00000, 0x000000008ae00000, 0x000000008af00000|  0%| F|  |TAMS 0x000000008ae00000, 0x000000008ae00000| Untracked 
| 175|0x000000008af00000, 0x000000008af00000, 0x000000008b000000|  0%| F|  |TAMS 0x000000008af00000, 0x000000008af00000| Untracked 
| 176|0x000000008b000000, 0x000000008b000000, 0x000000008b100000|  0%| F|  |TAMS 0x000000008b000000, 0x000000008b000000| Untracked 
| 177|0x000000008b100000, 0x000000008b100000, 0x000000008b200000|  0%| F|  |TAMS 0x000000008b100000, 0x000000008b100000| Untracked 
| 178|0x000000008b200000, 0x000000008b200000, 0x000000008b300000|  0%| F|  |TAMS 0x000000008b200000, 0x000000008b200000| Untracked 
| 179|0x000000008b300000, 0x000000008b300000, 0x000000008b400000|  0%| F|  |TAMS 0x000000008b300000, 0x000000008b300000| Untracked 
| 180|0x000000008b400000, 0x000000008b400000, 0x000000008b500000|  0%| F|  |TAMS 0x000000008b400000, 0x000000008b400000| Untracked 
| 181|0x000000008b500000, 0x000000008b500000, 0x000000008b600000|  0%| F|  |TAMS 0x000000008b500000, 0x000000008b500000| Untracked 
| 182|0x000000008b600000, 0x000000008b600000, 0x000000008b700000|  0%| F|  |TAMS 0x000000008b600000, 0x000000008b600000| Untracked 
| 183|0x000000008b700000, 0x000000008b700000, 0x000000008b800000|  0%| F|  |TAMS 0x000000008b700000, 0x000000008b700000| Untracked 
| 184|0x000000008b800000, 0x000000008b800000, 0x000000008b900000|  0%| F|  |TAMS 0x000000008b800000, 0x000000008b800000| Untracked 
| 185|0x000000008b900000, 0x000000008b900000, 0x000000008ba00000|  0%| F|  |TAMS 0x000000008b900000, 0x000000008b900000| Untracked 
| 186|0x000000008ba00000, 0x000000008ba00000, 0x000000008bb00000|  0%| F|  |TAMS 0x000000008ba00000, 0x000000008ba00000| Untracked 
| 187|0x000000008bb00000, 0x000000008bb00000, 0x000000008bc00000|  0%| F|  |TAMS 0x000000008bb00000, 0x000000008bb00000| Untracked 
| 188|0x000000008bc00000, 0x000000008bc00000, 0x000000008bd00000|  0%| F|  |TAMS 0x000000008bc00000, 0x000000008bc00000| Untracked 
| 189|0x000000008bd00000, 0x000000008bd00000, 0x000000008be00000|  0%| F|  |TAMS 0x000000008bd00000, 0x000000008bd00000| Untracked 
| 190|0x000000008be00000, 0x000000008be00000, 0x000000008bf00000|  0%| F|  |TAMS 0x000000008be00000, 0x000000008be00000| Untracked 
| 191|0x000000008bf00000, 0x000000008bf00000, 0x000000008c000000|  0%| F|  |TAMS 0x000000008bf00000, 0x000000008bf00000| Untracked 
| 192|0x000000008c000000, 0x000000008c000000, 0x000000008c100000|  0%| F|  |TAMS 0x000000008c000000, 0x000000008c000000| Untracked 
| 193|0x000000008c100000, 0x000000008c100000, 0x000000008c200000|  0%| F|  |TAMS 0x000000008c100000, 0x000000008c100000| Untracked 
| 194|0x000000008c200000, 0x000000008c200000, 0x000000008c300000|  0%| F|  |TAMS 0x000000008c200000, 0x000000008c200000| Untracked 
| 195|0x000000008c300000, 0x000000008c300000, 0x000000008c400000|  0%| F|  |TAMS 0x000000008c300000, 0x000000008c300000| Untracked 
| 196|0x000000008c400000, 0x000000008c400000, 0x000000008c500000|  0%| F|  |TAMS 0x000000008c400000, 0x000000008c400000| Untracked 
| 197|0x000000008c500000, 0x000000008c500000, 0x000000008c600000|  0%| F|  |TAMS 0x000000008c500000, 0x000000008c500000| Untracked 
| 198|0x000000008c600000, 0x000000008c600000, 0x000000008c700000|  0%| F|  |TAMS 0x000000008c600000, 0x000000008c600000| Untracked 
| 199|0x000000008c700000, 0x000000008c700000, 0x000000008c800000|  0%| F|  |TAMS 0x000000008c700000, 0x000000008c700000| Untracked 
| 200|0x000000008c800000, 0x000000008c800000, 0x000000008c900000|  0%| F|  |TAMS 0x000000008c800000, 0x000000008c800000| Untracked 
| 201|0x000000008c900000, 0x000000008c900000, 0x000000008ca00000|  0%| F|  |TAMS 0x000000008c900000, 0x000000008c900000| Untracked 
| 202|0x000000008ca00000, 0x000000008ca00000, 0x000000008cb00000|  0%| F|  |TAMS 0x000000008ca00000, 0x000000008ca00000| Untracked 
| 203|0x000000008cb00000, 0x000000008cb00000, 0x000000008cc00000|  0%| F|  |TAMS 0x000000008cb00000, 0x000000008cb00000| Untracked 

Card table byte_map: [0x0000029d3b530000,0x0000029d3b930000] _byte_map_base: 0x0000029d3b130000

Marking Bits (Prev, Next): (CMBitMap*) 0x0000029d28986380, (CMBitMap*) 0x0000029d28986340
 Prev Bits: [0x0000029d3dd30000, 0x0000029d3fd30000)
 Next Bits: [0x0000029d3bd30000, 0x0000029d3dd30000)

Polling page: 0x0000029d280f0000

Metaspace:

Usage:
  Non-class:     86.89 MB used.
      Class:     13.78 MB used.
       Both:    100.67 MB used.

Virtual space:
  Non-class space:       96.00 MB reserved,      87.25 MB ( 91%) committed,  12 nodes.
      Class space:        1.00 GB reserved,      14.06 MB (  1%) committed,  1 nodes.
             Both:        1.09 GB reserved,     101.31 MB (  9%) committed. 

Chunk freelists:
   Non-Class:  3.86 MB
       Class:  1.91 MB
        Both:  5.77 MB

MaxMetaspaceSize: unlimited
CompressedClassSpaceSize: 1.00 GB
Initial GC threshold: 21.00 MB
Current GC threshold: 115.56 MB
CDS: off
MetaspaceReclaimPolicy: balanced
 - commit_granule_bytes: 65536.
 - commit_granule_words: 8192.
 - virtual_space_node_default_size: 1048576.
 - enlarge_chunks_in_place: 1.
 - new_chunks_are_fully_committed: 0.
 - uncommit_free_chunks: 1.
 - use_allocation_guard: 0.
 - handle_deallocations: 1.


Internal statistics:

num_allocs_failed_limit: 6.
num_arena_births: 904.
num_arena_deaths: 0.
num_vsnodes_births: 13.
num_vsnodes_deaths: 0.
num_space_committed: 1621.
num_space_uncommitted: 0.
num_chunks_returned_to_freelist: 6.
num_chunks_taken_from_freelist: 4641.
num_chunk_merges: 6.
num_chunk_splits: 3137.
num_chunks_enlarged: 2202.
num_purges: 0.
num_inconsistent_stats: 0.

CodeHeap 'non-profiled nmethods': size=120000Kb used=4760Kb max_used=5444Kb free=115239Kb
 bounds [0x0000029d338c0000, 0x0000029d33e20000, 0x0000029d3adf0000]
CodeHeap 'profiled nmethods': size=120000Kb used=19464Kb max_used=20247Kb free=100536Kb
 bounds [0x0000029d2bdf0000, 0x0000029d2d200000, 0x0000029d33320000]
CodeHeap 'non-nmethods': size=5760Kb used=2404Kb max_used=2442Kb free=3355Kb
 bounds [0x0000029d33320000, 0x0000029d33590000, 0x0000029d338c0000]
 total_blobs=10749 nmethods=9823 adapters=838
 compilation: enabled
              stopped_count=0, restarted_count=0
 full_count=0

Compilation events (20 events):
Event: 19.200 Thread 0x0000029d43044920 nmethod 11544 0x0000029d2c446810 code [0x0000029d2c446ac0, 0x0000029d2c447628]
Event: 19.200 Thread 0x0000029d43044920 11534       2       com.android.tools.r8.graph.h4::a (18 bytes)
Event: 19.200 Thread 0x0000029d43044920 nmethod 11534 0x0000029d2ce11d10 code [0x0000029d2ce11ec0, 0x0000029d2ce120d8]
Event: 19.200 Thread 0x0000029d43044920 11545       2       com.android.tools.r8.internal.Y9::a (6329 bytes)
Event: 19.230 Thread 0x0000029d43044920 nmethod 11545 0x0000029d2d1ea190 code [0x0000029d2d1eaee0, 0x0000029d2d1f4178]
Event: 19.230 Thread 0x0000029d43044920 11577 %     3       com.android.tools.r8.graph.p2::a @ 4 (117 bytes)
Event: 19.232 Thread 0x0000029d43044920 nmethod 11577% 0x0000029d2c547e90 code [0x0000029d2c548140, 0x0000029d2c549268]
Event: 19.232 Thread 0x0000029d43044920 11575       2       com.android.tools.r8.graph.p2::<init> (21 bytes)
Event: 19.232 Thread 0x0000029d43044920 nmethod 11575 0x0000029d2ce11810 code [0x0000029d2ce119c0, 0x0000029d2ce11b68]
Event: 19.232 Thread 0x0000029d43044920 11582 %     3       com.android.tools.r8.graph.p2::a @ 86 (117 bytes)
Event: 19.234 Thread 0x0000029d43044920 nmethod 11582% 0x0000029d2bff8210 code [0x0000029d2bff84e0, 0x0000029d2bff9628]
Event: 19.234 Thread 0x0000029d43044920 11565       2       com.android.tools.r8.utils.v1::b (75 bytes)
Event: 19.235 Thread 0x0000029d43044920 nmethod 11565 0x0000029d2cfe2290 code [0x0000029d2cfe2440, 0x0000029d2cfe26f8]
Event: 19.235 Thread 0x0000029d43044920 11583       3       com.android.tools.r8.graph.p2::a (117 bytes)
Event: 19.236 Thread 0x0000029d43044920 nmethod 11583 0x0000029d2c1a0a90 code [0x0000029d2c1a0d40, 0x0000029d2c1a1da8]
Event: 19.236 Thread 0x0000029d43044920 11567 %     3       com.android.tools.r8.graph.h4::a @ 64 (174 bytes)
Event: 19.238 Thread 0x0000029d43044920 nmethod 11567% 0x0000029d2bfba090 code [0x0000029d2bfba400, 0x0000029d2bfbbb88]
Event: 19.238 Thread 0x0000029d43044920 11554 %     3       com.android.tools.r8.internal.Y9::a @ 4363 (4479 bytes)
Event: 19.239 Thread 0x0000029d433134e0 nmethod 11526 0x0000029d33998e10 code [0x0000029d33999000, 0x0000029d3399a428]
Event: 19.239 Thread 0x0000029d433134e0 11566       4       com.android.tools.r8.utils.t0::e (297 bytes)

GC Heap History (20 events):
Event: 10.750 GC heap after
{Heap after GC invocations=25 (full 0):
 garbage-first heap   total 100352K, used 54356K [0x0000000080000000, 0x0000000100000000)
  region size 1024K, 1 young (1024K), 1 survivors (1024K)
 Metaspace       used 67707K, committed 68288K, reserved 1114112K
  class space    used 8866K, committed 9152K, reserved 1048576K
}
Event: 11.337 GC heap before
{Heap before GC invocations=26 (full 0):
 garbage-first heap   total 100352K, used 82004K [0x0000000080000000, 0x0000000100000000)
  region size 1024K, 27 young (27648K), 1 survivors (1024K)
 Metaspace       used 68621K, committed 69184K, reserved 1114112K
  class space    used 9011K, committed 9280K, reserved 1048576K
}
Event: 11.343 GC heap after
{Heap after GC invocations=27 (full 0):
 garbage-first heap   total 100352K, used 55815K [0x0000000080000000, 0x0000000100000000)
  region size 1024K, 3 young (3072K), 3 survivors (3072K)
 Metaspace       used 68621K, committed 69184K, reserved 1114112K
  class space    used 9011K, committed 9280K, reserved 1048576K
}
Event: 11.896 GC heap before
{Heap before GC invocations=27 (full 0):
 garbage-first heap   total 100352K, used 80391K [0x0000000080000000, 0x0000000100000000)
  region size 1024K, 28 young (28672K), 3 survivors (3072K)
 Metaspace       used 70039K, committed 70592K, reserved 1114112K
  class space    used 9196K, committed 9472K, reserved 1048576K
}
Event: 11.904 GC heap after
{Heap after GC invocations=28 (full 0):
 garbage-first heap   total 100352K, used 57967K [0x0000000080000000, 0x0000000100000000)
  region size 1024K, 4 young (4096K), 4 survivors (4096K)
 Metaspace       used 70039K, committed 70592K, reserved 1114112K
  class space    used 9196K, committed 9472K, reserved 1048576K
}
Event: 12.696 GC heap before
{Heap before GC invocations=29 (full 0):
 garbage-first heap   total 104448K, used 81519K [0x0000000080000000, 0x0000000100000000)
  region size 1024K, 27 young (27648K), 4 survivors (4096K)
 Metaspace       used 73063K, committed 73600K, reserved 1114112K
  class space    used 9809K, committed 10048K, reserved 1048576K
}
Event: 12.710 GC heap after
{Heap after GC invocations=30 (full 0):
 garbage-first heap   total 104448K, used 59429K [0x0000000080000000, 0x0000000100000000)
  region size 1024K, 4 young (4096K), 4 survivors (4096K)
 Metaspace       used 73063K, committed 73600K, reserved 1114112K
  class space    used 9809K, committed 10048K, reserved 1048576K
}
Event: 12.741 GC heap before
{Heap before GC invocations=30 (full 0):
 garbage-first heap   total 104448K, used 60453K [0x0000000080000000, 0x0000000100000000)
  region size 1024K, 5 young (5120K), 4 survivors (4096K)
 Metaspace       used 73188K, committed 73792K, reserved 1114112K
  class space    used 9832K, committed 10112K, reserved 1048576K
}
Event: 12.759 GC heap after
{Heap after GC invocations=31 (full 0):
 garbage-first heap   total 208896K, used 58952K [0x0000000080000000, 0x0000000100000000)
  region size 1024K, 1 young (1024K), 1 survivors (1024K)
 Metaspace       used 73188K, committed 73792K, reserved 1114112K
  class space    used 9832K, committed 10112K, reserved 1048576K
}
Event: 15.870 GC heap before
{Heap before GC invocations=31 (full 0):
 garbage-first heap   total 208896K, used 161352K [0x0000000080000000, 0x0000000100000000)
  region size 1024K, 101 young (103424K), 1 survivors (1024K)
 Metaspace       used 83075K, committed 83648K, reserved 1122304K
  class space    used 11272K, committed 11520K, reserved 1048576K
}
Event: 15.887 GC heap after
{Heap after GC invocations=32 (full 0):
 garbage-first heap   total 208896K, used 67115K [0x0000000080000000, 0x0000000100000000)
  region size 1024K, 9 young (9216K), 9 survivors (9216K)
 Metaspace       used 83075K, committed 83648K, reserved 1122304K
  class space    used 11272K, committed 11520K, reserved 1048576K
}
Event: 17.184 GC heap before
{Heap before GC invocations=32 (full 0):
 garbage-first heap   total 208896K, used 158251K [0x0000000080000000, 0x0000000100000000)
  region size 1024K, 99 young (101376K), 9 survivors (9216K)
 Metaspace       used 87223K, committed 87808K, reserved 1130496K
  class space    used 11866K, committed 12160K, reserved 1048576K
}
Event: 17.201 GC heap after
{Heap after GC invocations=33 (full 0):
 garbage-first heap   total 208896K, used 79292K [0x0000000080000000, 0x0000000100000000)
  region size 1024K, 12 young (12288K), 12 survivors (12288K)
 Metaspace       used 87223K, committed 87808K, reserved 1130496K
  class space    used 11866K, committed 12160K, reserved 1048576K
}
Event: 18.105 GC heap before
{Heap before GC invocations=33 (full 0):
 garbage-first heap   total 208896K, used 159164K [0x0000000080000000, 0x0000000100000000)
  region size 1024K, 91 young (93184K), 12 survivors (12288K)
 Metaspace       used 92563K, committed 93184K, reserved 1130496K
  class space    used 12595K, committed 12864K, reserved 1048576K
}
Event: 18.120 GC heap after
{Heap after GC invocations=34 (full 0):
 garbage-first heap   total 208896K, used 86268K [0x0000000080000000, 0x0000000100000000)
  region size 1024K, 8 young (8192K), 8 survivors (8192K)
 Metaspace       used 92563K, committed 93184K, reserved 1130496K
  class space    used 12595K, committed 12864K, reserved 1048576K
}
Event: 18.487 GC heap before
{Heap before GC invocations=34 (full 0):
 garbage-first heap   total 208896K, used 164092K [0x0000000080000000, 0x0000000100000000)
  region size 1024K, 85 young (87040K), 8 survivors (8192K)
 Metaspace       used 95157K, committed 95808K, reserved 1138688K
  class space    used 12923K, committed 13184K, reserved 1048576K
}
Event: 18.501 GC heap after
{Heap after GC invocations=35 (full 0):
 garbage-first heap   total 208896K, used 95323K [0x0000000080000000, 0x0000000100000000)
  region size 1024K, 10 young (10240K), 10 survivors (10240K)
 Metaspace       used 95157K, committed 95808K, reserved 1138688K
  class space    used 12923K, committed 13184K, reserved 1048576K
}
Event: 19.012 GC heap before
{Heap before GC invocations=35 (full 0):
 garbage-first heap   total 208896K, used 164955K [0x0000000080000000, 0x0000000100000000)
  region size 1024K, 79 young (80896K), 10 survivors (10240K)
 Metaspace       used 100098K, committed 100736K, reserved 1138688K
  class space    used 13679K, committed 13952K, reserved 1048576K
}
Event: 19.026 GC heap after
{Heap after GC invocations=36 (full 0):
 garbage-first heap   total 208896K, used 106199K [0x0000000080000000, 0x0000000100000000)
  region size 1024K, 10 young (10240K), 10 survivors (10240K)
 Metaspace       used 100098K, committed 100736K, reserved 1138688K
  class space    used 13679K, committed 13952K, reserved 1048576K
}
Event: 19.246 GC heap before
{Heap before GC invocations=36 (full 0):
 garbage-first heap   total 208896K, used 166615K [0x0000000080000000, 0x0000000100000000)
  region size 1024K, 69 young (70656K), 10 survivors (10240K)
 Metaspace       used 103089K, committed 103744K, reserved 1146880K
  class space    used 14115K, committed 14400K, reserved 1048576K
}

Dll operation events (2 events):
Event: 0.008 Loaded shared library C:\Program Files\Android\Android Studio1\jbr\bin\java.dll
Event: 0.417 Loaded shared library C:\Program Files\Android\Android Studio1\jbr\bin\verify.dll

Deoptimization events (20 events):
Event: 19.166 Thread 0x0000029d484696f0 Uncommon trap: trap_request=0xffffff45 fr.pc=0x0000029d33b714bc relative=0x000000000000009c
Event: 19.166 Thread 0x0000029d484696f0 Uncommon trap: reason=unstable_if action=reinterpret pc=0x0000029d33b714bc method=com.android.tools.r8.utils.structural.s.d(Ljava/lang/Object;)Z @ 7 c2
Event: 19.166 Thread 0x0000029d484696f0 DEOPT PACKING pc=0x0000029d33b714bc sp=0x000000ffb98f7ab0
Event: 19.166 Thread 0x0000029d484696f0 DEOPT UNPACKING pc=0x0000029d3337a1a3 sp=0x000000ffb98f79e8 mode 2
Event: 19.175 Thread 0x0000029d48bd0970 DEOPT PACKING pc=0x0000029d2c767d4f sp=0x000000ffb64f9a00
Event: 19.175 Thread 0x0000029d48bd0970 DEOPT UNPACKING pc=0x0000029d3337ace3 sp=0x000000ffb64f8f78 mode 0
Event: 19.229 Thread 0x0000029d4431ebb0 Uncommon trap: trap_request=0xffffff45 fr.pc=0x0000029d339b0f10 relative=0x00000000000009f0
Event: 19.229 Thread 0x0000029d4431ebb0 Uncommon trap: reason=unstable_if action=reinterpret pc=0x0000029d339b0f10 method=com.android.tools.r8.graph.p2.a(C[BI)I @ 27 c2
Event: 19.229 Thread 0x0000029d4431ebb0 DEOPT PACKING pc=0x0000029d339b0f10 sp=0x000000ffb7df8ec0
Event: 19.229 Thread 0x0000029d4431ebb0 DEOPT UNPACKING pc=0x0000029d3337a1a3 sp=0x000000ffb7df8db8 mode 2
Event: 19.233 Thread 0x0000029d484696f0 DEOPT PACKING pc=0x0000029d2c508aa0 sp=0x000000ffb98f58a0
Event: 19.233 Thread 0x0000029d484696f0 DEOPT UNPACKING pc=0x0000029d3337ace3 sp=0x000000ffb98f4dc8 mode 0
Event: 19.234 Thread 0x0000029d4431dd40 DEOPT PACKING pc=0x0000029d2c508ad0 sp=0x000000ffb75f90d0
Event: 19.234 Thread 0x0000029d4431dd40 DEOPT UNPACKING pc=0x0000029d3337ace3 sp=0x000000ffb75f85f8 mode 0
Event: 19.235 Thread 0x0000029d4431dd40 DEOPT PACKING pc=0x0000029d2c508ad0 sp=0x000000ffb75f91e0
Event: 19.235 Thread 0x0000029d4431dd40 DEOPT UNPACKING pc=0x0000029d3337ace3 sp=0x000000ffb75f8708 mode 0
Event: 19.235 Thread 0x0000029d4431dd40 DEOPT PACKING pc=0x0000029d2c508aa0 sp=0x000000ffb75f91e0
Event: 19.235 Thread 0x0000029d4431dd40 DEOPT UNPACKING pc=0x0000029d3337ace3 sp=0x000000ffb75f8708 mode 0
Event: 19.236 Thread 0x0000029d48bd1310 DEOPT PACKING pc=0x0000029d2c508aa0 sp=0x000000ffb5af8c60
Event: 19.236 Thread 0x0000029d48bd1310 DEOPT UNPACKING pc=0x0000029d3337ace3 sp=0x000000ffb5af8188 mode 0

Classes unloaded (0 events):
No events

Classes redefined (0 events):
No events

Internal exceptions (20 events):
Event: 18.512 Thread 0x0000029d48bd0970 Exception <a 'sun/nio/fs/WindowsException'{0x000000008c6a0be0}> (0x000000008c6a0be0) 
thrown [s\src\hotspot\share\prims\jni.cpp, line 517]
Event: 18.717 Thread 0x0000029d484696f0 Exception <a 'java/lang/NoSuchMethodError'{0x000000008bcfc828}: 'java.lang.Object java.lang.invoke.DirectMethodHandle$Holder.invokeStaticInit(java.lang.Object, java.lang.Object, java.lang.Object, java.lang.Object, java.lang.Object, java.lang.Object, java.lang.Object, java.lang.Object, java.lang.Object, java.lang.Object, java.lang.Object, java.lang.Object, java.lang.Object, java.lang.Object, java.lang.Object, java.lang.Object, java.lang.Object, java.lang.Object, java.lang.Object, int, java.lang.Object, java
Event: 18.754 Thread 0x0000029d4431dd40 Exception <a 'java/lang/IncompatibleClassChangeError'{0x000000008ba91f90}: Found class java.lang.Object, but interface was expected> (0x000000008ba91f90) 
thrown [s\src\hotspot\share\interpreter\linkResolver.cpp, line 838]
Event: 18.754 Thread 0x0000029d48bcffd0 Exception <a 'java/lang/IncompatibleClassChangeError'{0x000000008bbc5728}: Found class java.lang.Object, but interface was expected> (0x000000008bbc5728) 
thrown [s\src\hotspot\share\interpreter\linkResolver.cpp, line 838]
Event: 18.754 Thread 0x0000029d4431ebb0 Exception <a 'java/lang/IncompatibleClassChangeError'{0x000000008bbe16d0}: Found class java.lang.Object, but interface was expected> (0x000000008bbe16d0) 
thrown [s\src\hotspot\share\interpreter\linkResolver.cpp, line 838]
Event: 18.754 Thread 0x0000029d45f340c0 Exception <a 'java/lang/IncompatibleClassChangeError'{0x000000008bbe9208}: Found class java.lang.Object, but interface was expected> (0x000000008bbe9208) 
thrown [s\src\hotspot\share\interpreter\linkResolver.cpp, line 838]
Event: 18.777 Thread 0x0000029d4431ebb0 Exception <a 'java/lang/NoSuchMethodError'{0x000000008b81cf78}: 'void java.lang.invoke.DirectMethodHandle$Holder.invokeStatic(java.lang.Object, java.lang.Object, int, java.lang.Object, java.lang.Object, java.lang.Object, java.lang.Object)'> (0x000000008b81cf78) 
thrown [s\src\hotspot\share\interpreter\linkResolver.cpp, line 771]
Event: 18.779 Thread 0x0000029d48bd0970 Exception <a 'java/lang/NoSuchMethodError'{0x000000008b9ee210}: 'java.lang.Object java.lang.invoke.DirectMethodHandle$Holder.newInvokeSpecial(java.lang.Object, java.lang.Object, int, java.lang.Object, java.lang.Object)'> (0x000000008b9ee210) 
thrown [s\src\hotspot\share\interpreter\linkResolver.cpp, line 771]
Event: 18.779 Thread 0x0000029d48bcffd0 Exception <a 'java/lang/NoSuchMethodError'{0x000000008b9808c0}: 'java.lang.Object java.lang.invoke.DirectMethodHandle$Holder.newInvokeSpecial(java.lang.Object, java.lang.Object, int, java.lang.Object, java.lang.Object)'> (0x000000008b9808c0) 
thrown [s\src\hotspot\share\interpreter\linkResolver.cpp, line 771]
Event: 18.779 Thread 0x0000029d4431ebb0 Exception <a 'java/lang/NoSuchMethodError'{0x000000008b855978}: 'java.lang.Object java.lang.invoke.DirectMethodHandle$Holder.newInvokeSpecial(java.lang.Object, java.lang.Object, int, java.lang.Object, java.lang.Object)'> (0x000000008b855978) 
thrown [s\src\hotspot\share\interpreter\linkResolver.cpp, line 771]
Event: 18.779 Thread 0x0000029d4431ebb0 Exception <a 'java/lang/NoSuchMethodError'{0x000000008b859d90}: 'java.lang.Object java.lang.invoke.Invokers$Holder.linkToTargetMethod(java.lang.Object, int, java.lang.Object, java.lang.Object, java.lang.Object)'> (0x000000008b859d90) 
thrown [s\src\hotspot\share\interpreter\linkResolver.cpp, line 771]
Event: 18.804 Thread 0x0000029d484696f0 Exception <a 'java/lang/NoSuchMethodError'{0x000000008b666a38}: 'java.lang.Object java.lang.invoke.DirectMethodHandle$Holder.newInvokeSpecial(java.lang.Object, long)'> (0x000000008b666a38) 
thrown [s\src\hotspot\share\interpreter\linkResolver.cpp, line 771]
Event: 18.998 Thread 0x0000029d4431ebb0 Exception <a 'java/lang/NoSuchMethodError'{0x0000000088ae1c10}: 'void java.lang.invoke.DirectMethodHandle$Holder.invokeStatic(java.lang.Object, java.lang.Object, java.lang.Object, int)'> (0x0000000088ae1c10) 
thrown [s\src\hotspot\share\interpreter\linkResolver.cpp, line 771]
Event: 18.998 Thread 0x0000029d45f340c0 Exception <a 'java/lang/NoSuchMethodError'{0x0000000088a79a78}: 'void java.lang.invoke.DirectMethodHandle$Holder.invokeStatic(java.lang.Object, java.lang.Object, java.lang.Object, int)'> (0x0000000088a79a78) 
thrown [s\src\hotspot\share\interpreter\linkResolver.cpp, line 771]
Event: 18.999 Thread 0x0000029d484696f0 Exception <a 'java/lang/NoSuchMethodError'{0x0000000088a88608}: 'void java.lang.invoke.DirectMethodHandle$Holder.invokeStatic(java.lang.Object, java.lang.Object, java.lang.Object, int)'> (0x0000000088a88608) 
thrown [s\src\hotspot\share\interpreter\linkResolver.cpp, line 771]
Event: 18.999 Thread 0x0000029d4431dd40 Exception <a 'java/lang/NoSuchMethodError'{0x0000000088a69e18}: 'void java.lang.invoke.DirectMethodHandle$Holder.invokeStatic(java.lang.Object, java.lang.Object, java.lang.Object, int)'> (0x0000000088a69e18) 
thrown [s\src\hotspot\share\interpreter\linkResolver.cpp, line 771]
Event: 18.999 Thread 0x0000029d48bd1310 Exception <a 'java/lang/NoSuchMethodError'{0x0000000088901bc8}: 'void java.lang.invoke.DirectMethodHandle$Holder.invokeStatic(java.lang.Object, java.lang.Object, java.lang.Object, int)'> (0x0000000088901bc8) 
thrown [s\src\hotspot\share\interpreter\linkResolver.cpp, line 771]
Event: 19.001 Thread 0x0000029d45f340c0 Exception <a 'java/lang/IncompatibleClassChangeError'{0x000000008894a808}: Found class java.lang.Object, but interface was expected> (0x000000008894a808) 
thrown [s\src\hotspot\share\interpreter\linkResolver.cpp, line 838]
Event: 19.134 Thread 0x0000029d4431ebb0 Exception <a 'java/lang/NoSuchMethodError'{0x000000008b703700}: 'java.lang.Object java.lang.invoke.DirectMethodHandle$Holder.invokeStatic(java.lang.Object, int, java.lang.Object, java.lang.Object)'> (0x000000008b703700) 
thrown [s\src\hotspot\share\interpreter\linkResolver.cpp, line 771]
Event: 19.151 Thread 0x0000029d4431ebb0 Exception <a 'java/lang/NoSuchMethodError'{0x000000008b3846a0}: 'java.lang.Object java.lang.invoke.DirectMethodHandle$Holder.invokeStatic(java.lang.Object, java.lang.Object, int, java.lang.Object, java.lang.Object)'> (0x000000008b3846a0) 
thrown [s\src\hotspot\share\interpreter\linkResolver.cpp, line 771]

VM Operations (20 events):
Event: 18.578 Executing VM operation: HandshakeAllThreads done
Event: 18.599 Executing VM operation: HandshakeAllThreads
Event: 18.600 Executing VM operation: HandshakeAllThreads done
Event: 18.729 Executing VM operation: HandshakeAllThreads
Event: 18.729 Executing VM operation: HandshakeAllThreads done
Event: 18.774 Executing VM operation: HandshakeAllThreads
Event: 18.774 Executing VM operation: HandshakeAllThreads done
Event: 19.012 Executing VM operation: G1CollectForAllocation
Event: 19.026 Executing VM operation: G1CollectForAllocation done
Event: 19.034 Executing VM operation: HandshakeAllThreads
Event: 19.035 Executing VM operation: HandshakeAllThreads done
Event: 19.060 Executing VM operation: HandshakeAllThreads
Event: 19.060 Executing VM operation: HandshakeAllThreads done
Event: 19.077 Executing VM operation: HandshakeAllThreads
Event: 19.078 Executing VM operation: HandshakeAllThreads done
Event: 19.079 Executing VM operation: HandshakeAllThreads
Event: 19.080 Executing VM operation: HandshakeAllThreads done
Event: 19.162 Executing VM operation: HandshakeAllThreads
Event: 19.162 Executing VM operation: HandshakeAllThreads done
Event: 19.246 Executing VM operation: G1CollectForAllocation

Events (20 events):
Event: 18.621 Thread 0x0000029d43045310 flushing nmethod 0x0000029d2cfb0d10
Event: 18.621 Thread 0x0000029d43045310 flushing nmethod 0x0000029d2cfb1410
Event: 18.621 Thread 0x0000029d43045310 flushing nmethod 0x0000029d2cfb1890
Event: 18.621 Thread 0x0000029d43045310 flushing nmethod 0x0000029d2cfb1b90
Event: 18.621 Thread 0x0000029d43045310 flushing nmethod 0x0000029d2cfb1f90
Event: 18.621 Thread 0x0000029d43045310 flushing nmethod 0x0000029d2cfb2710
Event: 18.621 Thread 0x0000029d43045310 flushing nmethod 0x0000029d2cfb2a10
Event: 18.621 Thread 0x0000029d43045310 flushing nmethod 0x0000029d2cfb2e90
Event: 18.621 Thread 0x0000029d43045310 flushing nmethod 0x0000029d2cfb5990
Event: 18.621 Thread 0x0000029d43045310 flushing nmethod 0x0000029d2cfbc790
Event: 18.621 Thread 0x0000029d43045310 flushing nmethod 0x0000029d2cfbcb10
Event: 18.621 Thread 0x0000029d43045310 flushing nmethod 0x0000029d2cfd5010
Event: 18.621 Thread 0x0000029d43045310 flushing nmethod 0x0000029d2cfe1d90
Event: 18.621 Thread 0x0000029d43045310 flushing nmethod 0x0000029d2d034610
Event: 18.622 Thread 0x0000029d43045310 flushing nmethod 0x0000029d2d10e090
Event: 18.622 Thread 0x0000029d43045310 flushing nmethod 0x0000029d2d19cb10
Event: 18.625 loading class java/util/concurrent/RejectedExecutionException
Event: 18.625 loading class java/util/concurrent/RejectedExecutionException done
Event: 18.750 loading class java/lang/reflect/GenericSignatureFormatError
Event: 18.750 loading class java/lang/reflect/GenericSignatureFormatError done


Dynamic libraries:
0x00007ff7079b0000 - 0x00007ff7079ba000 	C:\Program Files\Android\Android Studio1\jbr\bin\java.exe
0x00007ffe0c570000 - 0x00007ffe0c784000 	C:\WINDOWS\SYSTEM32\ntdll.dll
0x00007ffe0aa30000 - 0x00007ffe0aaf2000 	C:\WINDOWS\System32\KERNEL32.DLL
0x00007ffe09fa0000 - 0x00007ffe0a343000 	C:\WINDOWS\System32\KERNELBASE.dll
0x00007ffe09970000 - 0x00007ffe09a81000 	C:\WINDOWS\System32\ucrtbase.dll
0x00007ffdcecd0000 - 0x00007ffdcece7000 	C:\Program Files\Android\Android Studio1\jbr\bin\jli.dll
0x00007ffe046c0000 - 0x00007ffe046db000 	C:\Program Files\Android\Android Studio1\jbr\bin\VCRUNTIME140.dll
0x00007ffe0a590000 - 0x00007ffe0a73b000 	C:\WINDOWS\System32\USER32.dll
0x00007ffdf20d0000 - 0x00007ffdf235e000 	C:\WINDOWS\WinSxS\amd64_microsoft.windows.common-controls_6595b64144ccf1df_6.0.22621.1635_none_270f70857386168e\COMCTL32.dll
0x00007ffe0a950000 - 0x00007ffe0a9f7000 	C:\WINDOWS\System32\msvcrt.dll
0x00007ffe0a430000 - 0x00007ffe0a459000 	C:\WINDOWS\System32\GDI32.dll
0x00007ffe09e30000 - 0x00007ffe09e56000 	C:\WINDOWS\System32\win32u.dll
0x00007ffe09d10000 - 0x00007ffe09e29000 	C:\WINDOWS\System32\gdi32full.dll
0x00007ffe09a90000 - 0x00007ffe09b2a000 	C:\WINDOWS\System32\msvcp_win.dll
0x00007ffe0b360000 - 0x00007ffe0b391000 	C:\WINDOWS\System32\IMM32.DLL
0x00007ffdf1220000 - 0x00007ffdf122c000 	C:\Program Files\Android\Android Studio1\jbr\bin\vcruntime140_1.dll
0x00007ffdc1e80000 - 0x00007ffdc1f0d000 	C:\Program Files\Android\Android Studio1\jbr\bin\msvcp140.dll
0x00007ffd73300000 - 0x00007ffd73f6d000 	C:\Program Files\Android\Android Studio1\jbr\bin\server\jvm.dll
0x00007ffe0a360000 - 0x00007ffe0a40e000 	C:\WINDOWS\System32\ADVAPI32.dll
0x00007ffe0bce0000 - 0x00007ffe0bd84000 	C:\WINDOWS\System32\sechost.dll
0x00007ffe0b670000 - 0x00007ffe0b787000 	C:\WINDOWS\System32\RPCRT4.dll
0x00007ffe02300000 - 0x00007ffe02334000 	C:\WINDOWS\SYSTEM32\WINMM.dll
0x00007ffdfc020000 - 0x00007ffdfc02a000 	C:\WINDOWS\SYSTEM32\VERSION.dll
0x00007ffe04fa0000 - 0x00007ffe04fa9000 	C:\WINDOWS\SYSTEM32\WSOCK32.dll
0x00007ffe0b560000 - 0x00007ffe0b5d1000 	C:\WINDOWS\System32\WS2_32.dll
0x00007ffe08980000 - 0x00007ffe08998000 	C:\WINDOWS\SYSTEM32\kernel.appcore.dll
0x00007ffe05050000 - 0x00007ffe0505a000 	C:\Program Files\Android\Android Studio1\jbr\bin\jimage.dll
0x00007ffdfcaa0000 - 0x00007ffdfccce000 	C:\WINDOWS\SYSTEM32\DBGHELP.DLL
0x00007ffe0b950000 - 0x00007ffe0bcd9000 	C:\WINDOWS\System32\combase.dll
0x00007ffe0bf50000 - 0x00007ffe0c027000 	C:\WINDOWS\System32\OLEAUT32.dll
0x00007ffdf0760000 - 0x00007ffdf0792000 	C:\WINDOWS\SYSTEM32\dbgcore.DLL
0x00007ffe09f20000 - 0x00007ffe09f9b000 	C:\WINDOWS\System32\bcryptPrimitives.dll
0x00007ffddb4c0000 - 0x00007ffddb4e5000 	C:\Program Files\Android\Android Studio1\jbr\bin\java.dll
0x00007ffe02720000 - 0x00007ffe02738000 	C:\Program Files\Android\Android Studio1\jbr\bin\zip.dll
0x00007ffe0ab60000 - 0x00007ffe0b35a000 	C:\WINDOWS\System32\SHELL32.dll
0x00007ffe078f0000 - 0x00007ffe081be000 	C:\WINDOWS\SYSTEM32\windows.storage.dll
0x00007ffe077b0000 - 0x00007ffe078ee000 	C:\WINDOWS\SYSTEM32\wintypes.dll
0x00007ffe0a7f0000 - 0x00007ffe0a8e1000 	C:\WINDOWS\System32\SHCORE.dll
0x00007ffe0a8f0000 - 0x00007ffe0a94e000 	C:\WINDOWS\System32\shlwapi.dll
0x00007ffe098a0000 - 0x00007ffe098c1000 	C:\WINDOWS\SYSTEM32\profapi.dll
0x00007ffdf5870000 - 0x00007ffdf5889000 	C:\Program Files\Android\Android Studio1\jbr\bin\net.dll
0x00007ffe043f0000 - 0x00007ffe04527000 	C:\WINDOWS\SYSTEM32\WINHTTP.dll
0x00007ffe08e00000 - 0x00007ffe08e69000 	C:\WINDOWS\system32\mswsock.dll
0x00007ffde9570000 - 0x00007ffde9586000 	C:\Program Files\Android\Android Studio1\jbr\bin\nio.dll
0x00007ffdf1f20000 - 0x00007ffdf1f30000 	C:\Program Files\Android\Android Studio1\jbr\bin\verify.dll
0x00007ffdc8c70000 - 0x00007ffdc8c97000 	C:\Users\21269\Downloads\jdk-20_windows-x64_bin\native\68d5fa5c4cc2d200863cafc0d521ce42e7d3e7ee720ec0a83991735586a16f82\windows-amd64\native-platform.dll
0x00007ffd99b20000 - 0x00007ffd99c64000 	C:\Users\21269\Downloads\jdk-20_windows-x64_bin\native\e376f236ea51e6404a007f0833ffe2c6e607c4080706a723a18a27aeea778392\windows-amd64\native-platform-file-events.dll
0x00007ffe046b0000 - 0x00007ffe046b9000 	C:\Program Files\Android\Android Studio1\jbr\bin\management.dll
0x00007ffdf5a50000 - 0x00007ffdf5a5b000 	C:\Program Files\Android\Android Studio1\jbr\bin\management_ext.dll
0x00007ffe0a350000 - 0x00007ffe0a358000 	C:\WINDOWS\System32\PSAPI.DLL
0x00007ffe090a0000 - 0x00007ffe090bb000 	C:\WINDOWS\SYSTEM32\CRYPTSP.dll
0x00007ffe088f0000 - 0x00007ffe08925000 	C:\WINDOWS\system32\rsaenh.dll
0x00007ffe08f10000 - 0x00007ffe08f38000 	C:\WINDOWS\SYSTEM32\USERENV.dll
0x00007ffe09250000 - 0x00007ffe09278000 	C:\WINDOWS\SYSTEM32\bcrypt.dll
0x00007ffe09090000 - 0x00007ffe0909c000 	C:\WINDOWS\SYSTEM32\CRYPTBASE.dll
0x00007ffe08420000 - 0x00007ffe0844d000 	C:\WINDOWS\SYSTEM32\IPHLPAPI.DLL
0x00007ffe0a420000 - 0x00007ffe0a429000 	C:\WINDOWS\System32\NSI.dll
0x00007ffe04320000 - 0x00007ffe04339000 	C:\WINDOWS\SYSTEM32\dhcpcsvc6.DLL
0x00007ffe04300000 - 0x00007ffe0431f000 	C:\WINDOWS\SYSTEM32\dhcpcsvc.DLL
0x00007ffe08490000 - 0x00007ffe08583000 	C:\WINDOWS\SYSTEM32\DNSAPI.dll
0x00007ffdf8520000 - 0x00007ffdf8528000 	C:\WINDOWS\system32\wshunix.dll

dbghelp: loaded successfully - version: 4.0.5 - missing functions: none
symbol engine: initialized successfully - sym options: 0x614 - pdb path: .;C:\Program Files\Android\Android Studio1\jbr\bin;C:\WINDOWS\SYSTEM32;C:\WINDOWS\WinSxS\amd64_microsoft.windows.common-controls_6595b64144ccf1df_6.0.22621.1635_none_270f70857386168e;C:\Program Files\Android\Android Studio1\jbr\bin\server;C:\Users\21269\Downloads\jdk-20_windows-x64_bin\native\68d5fa5c4cc2d200863cafc0d521ce42e7d3e7ee720ec0a83991735586a16f82\windows-amd64;C:\Users\21269\Downloads\jdk-20_windows-x64_bin\native\e376f236ea51e6404a007f0833ffe2c6e607c4080706a723a18a27aeea778392\windows-amd64

VM Arguments:
jvm_args: --add-opens=java.base/java.util=ALL-UNNAMED --add-opens=java.base/java.lang=ALL-UNNAMED --add-opens=java.base/java.lang.invoke=ALL-UNNAMED --add-opens=java.prefs/java.util.prefs=ALL-UNNAMED --add-opens=java.base/java.nio.charset=ALL-UNNAMED --add-opens=java.base/java.net=ALL-UNNAMED --add-opens=java.base/java.util.concurrent.atomic=ALL-UNNAMED -Xmx2048m -Dfile.encoding=UTF-8 -Duser.country=US -Duser.language=en -Duser.variant 
java_command: org.gradle.launcher.daemon.bootstrap.GradleDaemon 8.0
java_class_path (initial): C:\Users\21269\Downloads\jdk-20_windows-x64_bin\wrapper\dists\gradle-8.0-bin\ca5e32bp14vu59qr306oxotwh\gradle-8.0\lib\gradle-launcher-8.0.jar
Launcher Type: SUN_STANDARD

[Global flags]
     intx CICompilerCount                          = 4                                         {product} {ergonomic}
     uint ConcGCThreads                            = 2                                         {product} {ergonomic}
     uint G1ConcRefinementThreads                  = 8                                         {product} {ergonomic}
   size_t G1HeapRegionSize                         = 1048576                                   {product} {ergonomic}
    uintx GCDrainStackTargetSize                   = 64                                        {product} {ergonomic}
   size_t InitialHeapSize                          = 132120576                                 {product} {ergonomic}
   size_t MarkStackSize                            = 4194304                                   {product} {ergonomic}
   size_t MaxHeapSize                              = 2147483648                                {product} {command line}
   size_t MaxNewSize                               = 1287651328                                {product} {ergonomic}
   size_t MinHeapDeltaBytes                        = 1048576                                   {product} {ergonomic}
   size_t MinHeapSize                              = 8388608                                   {product} {ergonomic}
    uintx NonNMethodCodeHeapSize                   = 5839372                                {pd product} {ergonomic}
    uintx NonProfiledCodeHeapSize                  = 122909434                              {pd product} {ergonomic}
    uintx ProfiledCodeHeapSize                     = 122909434                              {pd product} {ergonomic}
    uintx ReservedCodeCacheSize                    = 251658240                              {pd product} {ergonomic}
     bool SegmentedCodeCache                       = true                                      {product} {ergonomic}
   size_t SoftMaxHeapSize                          = 2147483648                             {manageable} {ergonomic}
     bool UseCompressedClassPointers               = true                           {product lp64_product} {ergonomic}
     bool UseCompressedOops                        = true                           {product lp64_product} {ergonomic}
     bool UseG1GC                                  = true                                      {product} {ergonomic}
     bool UseLargePagesIndividualAllocation        = false                                  {pd product} {ergonomic}

Logging:
Log output configuration:
 #0: stdout all=warning uptime,level,tags
 #1: stderr all=off uptime,level,tags

Environment Variables:
JAVA_HOME=C:\Program Files\Java\jdk-1.8
PATH=C:\Program Files\Common Files\Oracle\Java\javapath;C:\Program Files (x86)\Common Files\Oracle\Java\javapath;C:\Python310\Scripts\;C:\Python310\;C:\Windows\System32\HWAudioDriverLibs;C:\Windows\system32;C:\Windows;C:\Windows\System32\Wbem;C:\Windows\System32\WindowsPowerShell\v1.0\;C:\Windows\System32\OpenSSH\;C:\Users\Administrator\AppData\Local\Microsoft\WindowsApps;C:\composer;C:\php-8.1.10;C:\ProgramData\chocolatey\bin;C:\Program Files\nodejs\;C:\WINDOWS\system32;C:\WINDOWS;C:\WINDOWS\System32\Wbem;C:\WINDOWS\System32\WindowsPowerShell\v1.0\;C:\WINDOWS\System32\OpenSSH\;C:\Program Files\Git\cmd;C:\Program Files (x86)\Windows Kits\10\Windows Performance Toolkit\;C:\Program Files\MySQL\MySQL Shell 8.0\bin\;C:\Users\21269\AppData\Local\Microsoft\WindowsApps;C:\Users\21269\AppData\Local\Programs\Microsoft VS Code\bin;C:\Users\21269;C:\php-8.1.10;C:\MinGW\bin;C:\Users\21269\AppData\Roaming\Composer\vendor\bin;C:\Users\21269\AppData\Local\ComposerSetup\bin;C:\Users\21269\AppData\Roaming\npm;C:\Program Files\JetBrains\IntelliJ IDEA Community Edition 2022.2.2\bin;;C:\Users\21269\AppData\Local\GitHubDesktop\bin;C:\Swift\bin;C:\Users\21269\flutter\bin;C:\Users\21269\AppData\Local\Android\Sdk;JAVA_HOME%\bin;C:\Program Files\Java\jdk-20;C:\Program Files\Java\jdk-20\bin;C:\Program Files\Java\jre-1.8;
USERNAME=OumNou
OS=Windows_NT
PROCESSOR_IDENTIFIER=Intel64 Family 6 Model 140 Stepping 1, GenuineIntel
TMP=C:\Users\21269\AppData\Local\Temp
TEMP=C:\Users\21269\AppData\Local\Temp



---------------  S Y S T E M  ---------------

OS:
 Windows 11 , 64 bit Build 22621 (10.0.22621.1778)
OS uptime: 4 days 6:19 hours
Hyper-V role detected

CPU: total 8 (initial active 8) (4 cores per cpu, 2 threads per core) family 6 model 140 stepping 1 microcode 0x8a, cx8, cmov, fxsr, ht, mmx, 3dnowpref, sse, sse2, sse3, ssse3, sse4.1, sse4.2, popcnt, lzcnt, tsc, tscinvbit, avx, avx2, aes, erms, clmul, bmi1, bmi2, adx, avx512f, avx512dq, avx512cd, avx512bw, avx512vl, sha, fma, vzeroupper, avx512_vpopcntdq, avx512_vpclmulqdq, avx512_vaes, avx512_vnni, clflush, clflushopt, clwb, avx512_vbmi2, avx512_vbmi, hv

Memory: 4k page, system-wide physical 7991M (420M free)
TotalPageFile size 17281M (AvailPageFile size 51M)
current process WorkingSet (physical memory assigned to process): 471M, peak: 471M
current process commit charge ("private bytes"): 509M, peak: 713M

vm_info: OpenJDK 64-Bit Server VM (17.0.6+0-b2043.56-9586694) for windows-amd64 JRE (17.0.6+0-b2043.56-9586694), built on Feb  9 2023 20:06:20 by "androidbuild" with MS VC++ 16.10 / 16.11 (VS2019)

END.
